#
# There is insufficient memory for the Java Runtime Environment to continue.
# Native memory allocation (malloc) failed to allocate 600144 bytes for Chunk::new
# Possible reasons:
#   The system is out of physical RAM or swap space
#   The process is running with CompressedOops enabled, and the Java Heap may be blocking the growth of the native heap
# Possible solutions:
#   Reduce memory load on the system
#   Increase physical memory or swap space
#   Check if swap backing store is full
#   Decrease Java heap size (-Xmx/-Xms)
#   Decrease number of Java threads
#   Decrease Java thread stack sizes (-Xss)
#   Set larger code cache with -XX:ReservedCodeCacheSize=
#   JVM is running with Unscaled Compressed Oops mode in which the Java heap is
#     placed in the first 4GB address space. The Java Heap base address is the
#     maximum limit for the native heap growth. Please use -XX:HeapBaseMinAddress
#     to set the Java Heap base and to place the Java Heap above 4GB virtual address.
# This output file may be truncated or incomplete.
#
#  Out of Memory Error (allocation.cpp:389), pid=31224, tid=0x0000000000004f38
#
# JRE version: OpenJDK Runtime Environment (8.0_212-b04) (build 1.8.0_212-release-1586-b04)
# Java VM: OpenJDK 64-Bit Server VM (25.212-b04 mixed mode windows-amd64 compressed oops)
# Failed to write core dump. Minidumps are not enabled by default on client versions of Windows
#

---------------  T H R E A D  ---------------

Current thread (0x000000001878f000):  JavaThread "C2 CompilerThread2" daemon [_thread_in_native, id=20280, stack(0x0000000019210000,0x0000000019310000)]

Stack: [0x0000000019210000,0x0000000019310000]
[error occurred during error reporting (printing stack bounds), id 0xc0000005]

Native frames: (J=compiled Java code, j=interpreted, Vv=VM code, C=native code)


Current CompileTask:
C2:  13642 11895       4       com.android.tools.r8.ir.optimize.PeepholeOptimizer::a (1322 bytes)


---------------  P R O C E S S  ---------------

Java Threads: ( => current thread )
  0x000000001cfce000 JavaThread "Cache worker for execution history cache (C:\Users\stavc\Desktop\AndroBusiness\.gradle\5.4.1\executionHistory)" [_thread_blocked, id=31112, stack(0x0000000026860000,0x0000000026960000)]
  0x000000001cfc8000 JavaThread "Execution worker for ':' Thread 7" [_thread_in_Java, id=9732, stack(0x0000000026560000,0x0000000026660000)]
  0x000000001cfcd000 JavaThread "Execution worker for ':' Thread 6" [_thread_in_Java, id=29440, stack(0x0000000026460000,0x0000000026560000)]
  0x000000001cfc9800 JavaThread "Execution worker for ':' Thread 5" [_thread_in_Java, id=27044, stack(0x0000000026360000,0x0000000026460000)]
  0x000000001cfc7000 JavaThread "Execution worker for ':' Thread 4" [_thread_in_Java, id=8356, stack(0x0000000026260000,0x0000000026360000)]
  0x000000001cfcc800 JavaThread "Execution worker for ':' Thread 3" [_thread_in_Java, id=16152, stack(0x0000000026160000,0x0000000026260000)]
  0x000000001cfca000 JavaThread "Execution worker for ':' Thread 2" [_thread_in_Java, id=768, stack(0x0000000026060000,0x0000000026160000)]
  0x000000001c384800 JavaThread "Execution worker for ':'" [_thread_blocked, id=18760, stack(0x0000000025f60000,0x0000000026060000)]
  0x000000001c381800 JavaThread "Cache worker for file content cache (C:\Users\stavc\Desktop\AndroBusiness\.gradle\5.4.1\fileContent)" [_thread_blocked, id=23736, stack(0x0000000024650000,0x0000000024750000)]
  0x000000001c382000 JavaThread "Cache worker for file content cache (C:\Users\stavc\.gradle\caches\5.4.1\fileContent)" [_thread_blocked, id=30012, stack(0x0000000024550000,0x0000000024650000)]
  0x000000001c380800 JavaThread "Memory manager" [_thread_blocked, id=12316, stack(0x0000000023cd0000,0x0000000023dd0000)]
  0x000000001c37f000 JavaThread "Cache worker for Build Output Cleanup Cache (C:\Users\stavc\Desktop\AndroBusiness\.gradle\buildOutputCleanup)" [_thread_blocked, id=17204, stack(0x0000000023e50000,0x0000000023f50000)]
  0x000000001c378800 JavaThread "pool-1-thread-1" [_thread_blocked, id=31160, stack(0x00000000237d0000,0x00000000238d0000)]
  0x000000001c37d800 JavaThread "Build operations Thread 8" [_thread_blocked, id=20396, stack(0x00000000232d0000,0x00000000233d0000)]
  0x000000001c37a800 JavaThread "Build operations Thread 7" [_thread_blocked, id=28964, stack(0x00000000231d0000,0x00000000232d0000)]
  0x000000001c377000 JavaThread "Build operations Thread 6" [_thread_blocked, id=1868, stack(0x00000000230d0000,0x00000000231d0000)]
  0x000000001c37d000 JavaThread "Build operations Thread 5" [_thread_blocked, id=31328, stack(0x0000000022fd0000,0x00000000230d0000)]
  0x000000001c375800 JavaThread "Build operations Thread 4" [_thread_blocked, id=28464, stack(0x0000000022ed0000,0x0000000022fd0000)]
  0x000000001c376000 JavaThread "Build operations Thread 3" [_thread_blocked, id=29156, stack(0x0000000022dd0000,0x0000000022ed0000)]
  0x000000001c37a000 JavaThread "Build operations Thread 2" [_thread_blocked, id=17828, stack(0x0000000022cd0000,0x0000000022dd0000)]
  0x000000001c379000 JavaThread "Build operations" [_thread_blocked, id=21256, stack(0x00000000226a0000,0x00000000227a0000)]
  0x000000001c37b800 JavaThread "Cache worker for execution history cache (C:\Users\stavc\.gradle\caches\5.4.1\executionHistory)" [_thread_blocked, id=11608, stack(0x0000000021110000,0x0000000021210000)]
  0x000000001c37c000 JavaThread "Cache worker for cache directory md-rule (C:\Users\stavc\.gradle\caches\5.4.1\md-rule)" [_thread_blocked, id=21680, stack(0x0000000020020000,0x0000000020120000)]
  0x000000001ab8b000 JavaThread "Cache worker for cache directory md-supplier (C:\Users\stavc\.gradle\caches\5.4.1\md-supplier)" [_thread_blocked, id=10160, stack(0x000000001ff20000,0x0000000020020000)]
  0x000000001ab89800 JavaThread "Cache worker for file hash cache (C:\Users\stavc\Desktop\AndroBusiness\.gradle\5.4.1\fileHashes)" [_thread_blocked, id=27136, stack(0x000000001d630000,0x000000001d730000)]
  0x000000001ab90800 JavaThread "Cache worker for journal cache (C:\Users\stavc\.gradle\caches\journal-1)" [_thread_blocked, id=16484, stack(0x000000001d330000,0x000000001d430000)]
  0x000000001ab8d800 JavaThread "File lock request listener" [_thread_in_native, id=2584, stack(0x000000001d230000,0x000000001d330000)]
  0x000000001ab8c000 JavaThread "Cache worker for file hash cache (C:\Users\stavc\.gradle\caches\5.4.1\fileHashes)" [_thread_blocked, id=30988, stack(0x000000001d130000,0x000000001d230000)]
  0x000000001aa5f000 JavaThread "Thread-9" [_thread_blocked, id=30832, stack(0x000000001c060000,0x000000001c160000)]
  0x000000001ab44000 JavaThread "Stdin handler" [_thread_blocked, id=16140, stack(0x000000001bf60000,0x000000001c060000)]
  0x000000001ab43000 JavaThread "Asynchronous log dispatcher for DefaultDaemonConnection: socket connection from /127.0.0.1:50013 to /127.0.0.1:50014" [_thread_blocked, id=7864, stack(0x000000001bd60000,0x000000001be60000)]
  0x000000001aa85000 JavaThread "Daemon worker" [_thread_blocked, id=6752, stack(0x000000001bc60000,0x000000001bd60000)]
  0x000000001aa84000 JavaThread "Cancel handler" [_thread_blocked, id=12916, stack(0x000000001bb60000,0x000000001bc60000)]
  0x000000001ab32800 JavaThread "Handler for socket connection from /127.0.0.1:50013 to /127.0.0.1:50014" [_thread_in_native, id=27976, stack(0x000000001b860000,0x000000001b960000)]
  0x000000001ab6f000 JavaThread "Daemon" [_thread_blocked, id=30096, stack(0x000000001b760000,0x000000001b860000)]
  0x000000001a9bf800 JavaThread "Daemon periodic checks" [_thread_blocked, id=24140, stack(0x000000001b660000,0x000000001b760000)]
  0x000000001a9c5800 JavaThread "Incoming local TCP Connector on port 50013" [_thread_in_native, id=17892, stack(0x000000001b420000,0x000000001b520000)]
  0x000000001a879800 JavaThread "Daemon health stats" [_thread_blocked, id=18572, stack(0x000000001ade0000,0x000000001aee0000)]
  0x0000000018813000 JavaThread "Service Thread" daemon [_thread_blocked, id=23592, stack(0x0000000019410000,0x0000000019510000)]
  0x0000000018796000 JavaThread "C1 CompilerThread3" daemon [_thread_blocked, id=5140, stack(0x0000000019310000,0x0000000019410000)]
=>0x000000001878f000 JavaThread "C2 CompilerThread2" daemon [_thread_in_native, id=20280, stack(0x0000000019210000,0x0000000019310000)]
  0x0000000018745800 JavaThread "C2 CompilerThread1" daemon [_thread_in_native, id=11020, stack(0x0000000019110000,0x0000000019210000)]
  0x0000000018741800 JavaThread "C2 CompilerThread0" daemon [_thread_in_native, id=20128, stack(0x0000000019010000,0x0000000019110000)]
  0x0000000018741000 JavaThread "Attach Listener" daemon [_thread_blocked, id=21204, stack(0x0000000018f10000,0x0000000019010000)]
  0x000000001878c800 JavaThread "Signal Dispatcher" daemon [_thread_blocked, id=15916, stack(0x0000000018e10000,0x0000000018f10000)]
  0x0000000018730800 JavaThread "Finalizer" daemon [_thread_blocked, id=25940, stack(0x0000000018c10000,0x0000000018d10000)]
  0x000000001694c800 JavaThread "Reference Handler" daemon [_thread_blocked, id=5048, stack(0x0000000018b10000,0x0000000018c10000)]
  0x0000000002a8d800 JavaThread "main" [_thread_blocked, id=19704, stack(0x0000000002980000,0x0000000002a80000)]

Other Threads:
  0x0000000016947800 VMThread [stack: 0x0000000018610000,0x0000000018710000] [id=20604]
  0x0000000018814000 WatcherThread [stack: 0x0000000019510000,0x0000000019610000] [id=4184]

VM state:not at safepoint (normal execution)

VM Mutex/Monitor currently owned by a thread: None

heap address: 0x00000000a0000000, size: 1536 MB, Compressed Oops mode: 32-bit
Narrow klass base: 0x0000000000000000, Narrow klass shift: 3
Compressed class space size: 1073741824 Address: 0x0000000100000000

Heap:
 PSYoungGen      total 306688K, used 29420K [0x00000000e0000000, 0x00000000f5480000, 0x0000000100000000)
  eden space 264704K, 5% used [0x00000000e0000000,0x00000000e0e861b0,0x00000000f0280000)
  from space 41984K, 34% used [0x00000000f2b80000,0x00000000f39b4ec0,0x00000000f5480000)
  to   space 41984K, 0% used [0x00000000f0280000,0x00000000f0280000,0x00000000f2b80000)
 ParOldGen       total 287232K, used 144564K [0x00000000a0000000, 0x00000000b1880000, 0x00000000e0000000)
  object space 287232K, 50% used [0x00000000a0000000,0x00000000a8d2d0e8,0x00000000b1880000)
 Metaspace       used 71316K, capacity 74430K, committed 74456K, reserved 1114112K
  class space    used 9591K, capacity 10231K, committed 10240K, reserved 1048576K

Card table byte_map: [0x0000000011f50000,0x0000000012260000] byte_map_base: 0x0000000011a50000

Marking Bits: (ParMarkBitMap*) 0x0000000077f79f30
 Begin Bits: [0x0000000012c60000, 0x0000000014460000)
 End Bits:   [0x0000000014460000, 0x0000000015c60000)

Polling page: 0x00000000010e0000

CodeCache: size=245760Kb used=39118Kb max_used=39118Kb free=206641Kb
 bounds [0x0000000002b90000, 0x00000000051f0000, 0x0000000011b90000]
 total_blobs=11577 nmethods=10765 adapters=723
 compilation: enabled

Compilation events (10 events):
Event: 13.603 Thread 0x0000000018796000 12966       2       java.util.HashMap$TreeNode::getTreeNode (22 bytes)
Event: 13.603 Thread 0x0000000018796000 nmethod 12966 0x00000000051e0bd0 code [0x00000000051e0d40, 0x00000000051e0f28]
Event: 13.604 Thread 0x0000000018796000 12967       1       org.gradle.internal.execution.history.impl.SerializableFileCollectionFingerprint::getFingerprints (5 bytes)
Event: 13.604 Thread 0x0000000018796000 nmethod 12967 0x00000000051e1090 code [0x00000000051e11e0, 0x00000000051e12f0]
Event: 13.604 Thread 0x0000000018796000 12968       2       com.android.tools.r8.ir.code.j::a (31 bytes)
Event: 13.605 Thread 0x0000000018796000 nmethod 12968 0x00000000051e1350 code [0x00000000051e14e0, 0x00000000051e1768]
Event: 13.605 Thread 0x0000000018796000 12969       2       com.android.tools.r8.code.ConstClass::<init> (7 bytes)
Event: 13.605 Thread 0x0000000018796000 nmethod 12969 0x00000000051e1950 code [0x00000000051e1ac0, 0x00000000051e1c28]
Event: 13.606 Thread 0x0000000018796000 12971       2       com.android.tools.r8.ir.conversion.IRBuilder::a (61 bytes)
Event: 13.606 Thread 0x0000000018796000 nmethod 12971 0x00000000051e1cd0 code [0x00000000051e1e60, 0x00000000051e20d8]

GC Heap History (10 events):
Event: 12.422 GC heap before
{Heap before GC invocations=23 (full 3):
 PSYoungGen      total 306688K, used 289549K [0x00000000e0000000, 0x00000000f5480000, 0x0000000100000000)
  eden space 264704K, 100% used [0x00000000e0000000,0x00000000f0280000,0x00000000f0280000)
  from space 41984K, 59% used [0x00000000f0280000,0x00000000f1ac3748,0x00000000f2b80000)
  to   space 41984K, 0% used [0x00000000f2b80000,0x00000000f2b80000,0x00000000f5480000)
 ParOldGen       total 287232K, used 116235K [0x00000000a0000000, 0x00000000b1880000, 0x00000000e0000000)
  object space 287232K, 40% used [0x00000000a0000000,0x00000000a7182d80,0x00000000b1880000)
 Metaspace       used 70867K, capacity 73906K, committed 73944K, reserved 1114112K
  class space    used 9588K, capacity 10227K, committed 10240K, reserved 1048576K
Event: 12.443 GC heap after
Heap after GC invocations=23 (full 3):
 PSYoungGen      total 306688K, used 25106K [0x00000000e0000000, 0x00000000f5480000, 0x0000000100000000)
  eden space 264704K, 0% used [0x00000000e0000000,0x00000000e0000000,0x00000000f0280000)
  from space 41984K, 59% used [0x00000000f2b80000,0x00000000f4404848,0x00000000f5480000)
  to   space 41984K, 0% used [0x00000000f0280000,0x00000000f0280000,0x00000000f2b80000)
 ParOldGen       total 287232K, used 119411K [0x00000000a0000000, 0x00000000b1880000, 0x00000000e0000000)
  object space 287232K, 41% used [0x00000000a0000000,0x00000000a749cdb0,0x00000000b1880000)
 Metaspace       used 70867K, capacity 73906K, committed 73944K, reserved 1114112K
  class space    used 9588K, capacity 10227K, committed 10240K, reserved 1048576K
}
Event: 12.691 GC heap before
{Heap before GC invocations=24 (full 3):
 PSYoungGen      total 306688K, used 289810K [0x00000000e0000000, 0x00000000f5480000, 0x0000000100000000)
  eden space 264704K, 100% used [0x00000000e0000000,0x00000000f0280000,0x00000000f0280000)
  from space 41984K, 59% used [0x00000000f2b80000,0x00000000f4404848,0x00000000f5480000)
  to   space 41984K, 0% used [0x00000000f0280000,0x00000000f0280000,0x00000000f2b80000)
 ParOldGen       total 287232K, used 119411K [0x00000000a0000000, 0x00000000b1880000, 0x00000000e0000000)
  object space 287232K, 41% used [0x00000000a0000000,0x00000000a749cdb0,0x00000000b1880000)
 Metaspace       used 70921K, capacity 74048K, committed 74200K, reserved 1114112K
  class space    used 9589K, capacity 10228K, committed 10240K, reserved 1048576K
Event: 12.704 GC heap after
Heap after GC invocations=24 (full 3):
 PSYoungGen      total 306688K, used 25477K [0x00000000e0000000, 0x00000000f5480000, 0x0000000100000000)
  eden space 264704K, 0% used [0x00000000e0000000,0x00000000e0000000,0x00000000f0280000)
  from space 41984K, 60% used [0x00000000f0280000,0x00000000f1b617b8,0x00000000f2b80000)
  to   space 41984K, 0% used [0x00000000f2b80000,0x00000000f2b80000,0x00000000f5480000)
 ParOldGen       total 287232K, used 121925K [0x00000000a0000000, 0x00000000b1880000, 0x00000000e0000000)
  object space 287232K, 42% used [0x00000000a0000000,0x00000000a77116b8,0x00000000b1880000)
 Metaspace       used 70921K, capacity 74048K, committed 74200K, reserved 1114112K
  class space    used 9589K, capacity 10228K, committed 10240K, reserved 1048576K
}
Event: 12.977 GC heap before
{Heap before GC invocations=25 (full 3):
 PSYoungGen      total 306688K, used 290181K [0x00000000e0000000, 0x00000000f5480000, 0x0000000100000000)
  eden space 264704K, 100% used [0x00000000e0000000,0x00000000f0280000,0x00000000f0280000)
  from space 41984K, 60% used [0x00000000f0280000,0x00000000f1b617b8,0x00000000f2b80000)
  to   space 41984K, 0% used [0x00000000f2b80000,0x00000000f2b80000,0x00000000f5480000)
 ParOldGen       total 287232K, used 121925K [0x00000000a0000000, 0x00000000b1880000, 0x00000000e0000000)
  object space 287232K, 42% used [0x00000000a0000000,0x00000000a77116b8,0x00000000b1880000)
 Metaspace       used 70980K, capacity 74120K, committed 74200K, reserved 1114112K
  class space    used 9589K, capacity 10228K, committed 10240K, reserved 1048576K
Event: 13.007 GC heap after
Heap after GC invocations=25 (full 3):
 PSYoungGen      total 306688K, used 25074K [0x00000000e0000000, 0x00000000f5480000, 0x0000000100000000)
  eden space 264704K, 0% used [0x00000000e0000000,0x00000000e0000000,0x00000000f0280000)
  from space 41984K, 59% used [0x00000000f2b80000,0x00000000f43fc820,0x00000000f5480000)
  to   space 41984K, 0% used [0x00000000f0280000,0x00000000f0280000,0x00000000f2b80000)
 ParOldGen       total 287232K, used 125063K [0x00000000a0000000, 0x00000000b1880000, 0x00000000e0000000)
  object space 287232K, 43% used [0x00000000a0000000,0x00000000a7a21e28,0x00000000b1880000)
 Metaspace       used 70980K, capacity 74120K, committed 74200K, reserved 1114112K
  class space    used 9589K, capacity 10228K, committed 10240K, reserved 1048576K
}
Event: 13.329 GC heap before
{Heap before GC invocations=26 (full 3):
 PSYoungGen      total 306688K, used 289778K [0x00000000e0000000, 0x00000000f5480000, 0x0000000100000000)
  eden space 264704K, 100% used [0x00000000e0000000,0x00000000f0280000,0x00000000f0280000)
  from space 41984K, 59% used [0x00000000f2b80000,0x00000000f43fc820,0x00000000f5480000)
  to   space 41984K, 0% used [0x00000000f0280000,0x00000000f0280000,0x00000000f2b80000)
 ParOldGen       total 287232K, used 125063K [0x00000000a0000000, 0x00000000b1880000, 0x00000000e0000000)
  object space 287232K, 43% used [0x00000000a0000000,0x00000000a7a21e28,0x00000000b1880000)
 Metaspace       used 71253K, capacity 74356K, committed 74456K, reserved 1114112K
  class space    used 9590K, capacity 10230K, committed 10240K, reserved 1048576K
Event: 13.354 GC heap after
Heap after GC invocations=26 (full 3):
 PSYoungGen      total 306688K, used 16804K [0x00000000e0000000, 0x00000000f5480000, 0x0000000100000000)
  eden space 264704K, 0% used [0x00000000e0000000,0x00000000e0000000,0x00000000f0280000)
  from space 41984K, 40% used [0x00000000f0280000,0x00000000f12e9288,0x00000000f2b80000)
  to   space 41984K, 0% used [0x00000000f2b80000,0x00000000f2b80000,0x00000000f5480000)
 ParOldGen       total 287232K, used 136451K [0x00000000a0000000, 0x00000000b1880000, 0x00000000e0000000)
  object space 287232K, 47% used [0x00000000a0000000,0x00000000a8540e38,0x00000000b1880000)
 Metaspace       used 71253K, capacity 74356K, committed 74456K, reserved 1114112K
  class space    used 9590K, capacity 10230K, committed 10240K, reserved 1048576K
}
Event: 13.617 GC heap before
{Heap before GC invocations=27 (full 3):
 PSYoungGen      total 306688K, used 281508K [0x00000000e0000000, 0x00000000f5480000, 0x0000000100000000)
  eden space 264704K, 100% used [0x00000000e0000000,0x00000000f0280000,0x00000000f0280000)
  from space 41984K, 40% used [0x00000000f0280000,0x00000000f12e9288,0x00000000f2b80000)
  to   space 41984K, 0% used [0x00000000f2b80000,0x00000000f2b80000,0x00000000f5480000)
 ParOldGen       total 287232K, used 136451K [0x00000000a0000000, 0x00000000b1880000, 0x00000000e0000000)
  object space 287232K, 47% used [0x00000000a0000000,0x00000000a8540e38,0x00000000b1880000)
 Metaspace       used 71316K, capacity 74430K, committed 74456K, reserved 1114112K
  class space    used 9591K, capacity 10231K, committed 10240K, reserved 1048576K
Event: 13.635 GC heap after
Heap after GC invocations=27 (full 3):
 PSYoungGen      total 306688K, used 14547K [0x00000000e0000000, 0x00000000f5480000, 0x0000000100000000)
  eden space 264704K, 0% used [0x00000000e0000000,0x00000000e0000000,0x00000000f0280000)
  from space 41984K, 34% used [0x00000000f2b80000,0x00000000f39b4ec0,0x00000000f5480000)
  to   space 41984K, 0% used [0x00000000f0280000,0x00000000f0280000,0x00000000f2b80000)
 ParOldGen       total 287232K, used 144564K [0x00000000a0000000, 0x00000000b1880000, 0x00000000e0000000)
  object space 287232K, 50% used [0x00000000a0000000,0x00000000a8d2d0e8,0x00000000b1880000)
 Metaspace       used 71316K, capacity 74430K, committed 74456K, reserved 1114112K
  class space    used 9591K, capacity 10231K, committed 10240K, reserved 1048576K
}

Deoptimization events (10 events):
Event: 11.873 Thread 0x000000001cfcc800 Uncommon trap: reason=unstable_if action=reinterpret pc=0x0000000004d7aac8 method=com.android.tools.r8.ir.regalloc.LiveIntervals.getSplitCovering(I)Lcom/android/tools/r8/ir/regalloc/LiveIntervals; @ 153
Event: 11.921 Thread 0x000000001c384800 Uncommon trap: reason=unstable_if action=reinterpret pc=0x0000000004c3e4f4 method=com.android.tools.r8.ir.conversion.X.a(I[Lcom/android/tools/r8/ir/conversion/P;Lcom/android/tools/r8/m/a/a/b/d0;)Z @ 55
Event: 11.922 Thread 0x000000001c384800 Uncommon trap: reason=unstable_if action=reinterpret pc=0x00000000049b0e88 method=com.android.tools.r8.ir.conversion.X.a(I[Lcom/android/tools/r8/ir/conversion/P;Lcom/android/tools/r8/m/a/a/b/d0;)Z @ 55
Event: 11.922 Thread 0x000000001c384800 Uncommon trap: reason=unstable_if action=reinterpret pc=0x00000000048cf9c8 method=com.android.tools.r8.ir.conversion.N.getIncomingLocalAtBlock(II)Lcom/android/tools/r8/graph/DebugLocalInfo; @ 3
Event: 11.999 Thread 0x000000001cfc9800 Uncommon trap: reason=class_check action=maybe_recompile pc=0x00000000049bbc5c method=com.android.tools.r8.ir.analysis.g.e.b(Lcom/android/tools/r8/ir/code/Instruction;)V @ 241
Event: 12.149 Thread 0x000000001cfc7000 Uncommon trap: reason=unstable_if action=reinterpret pc=0x000000000392920c method=com.android.tools.r8.ir.code.Position.equals(Ljava/lang/Object;)Z @ 27
Event: 12.314 Thread 0x000000001cfca000 Uncommon trap: reason=class_check action=maybe_recompile pc=0x00000000049bbc5c method=com.android.tools.r8.ir.analysis.g.e.b(Lcom/android/tools/r8/ir/code/Instruction;)V @ 241
Event: 12.406 Thread 0x000000001cfca000 Uncommon trap: reason=class_check action=maybe_recompile pc=0x00000000049bbc5c method=com.android.tools.r8.ir.analysis.g.e.b(Lcom/android/tools/r8/ir/code/Instruction;)V @ 241
Event: 13.313 Thread 0x000000001cfca000 Uncommon trap: reason=unstable_if action=reinterpret pc=0x00000000033c80dc method=java.util.HashMap.getNode(ILjava/lang/Object;)Ljava/util/HashMap$Node; @ 84
Event: 13.603 Thread 0x000000001ab8c000 Uncommon trap: reason=unstable_if action=reinterpret pc=0x000000000366da18 method=org.gradle.cache.internal.btree.FileBackedBlockStore$BlockImpl.getPos()Lorg/gradle/cache/internal/btree/BlockPointer; @ 4

Classes redefined (0 events):
No events

Internal exceptions (10 events):
Event: 11.918 Thread 0x000000001cfca000 Exception <a 'sun/nio/fs/WindowsException'> (0x00000000e48a1768) thrown at [D:\src\AOSP-openjdk-cygwin\jdk8u\hotspot\src\share\vm\prims\jni.cpp, line 710]
Event: 12.252 Thread 0x000000001cfca000 Exception <a 'sun/nio/fs/WindowsException'> (0x00000000e592edc8) thrown at [D:\src\AOSP-openjdk-cygwin\jdk8u\hotspot\src\share\vm\prims\jni.cpp, line 710]
Event: 13.217 Thread 0x000000001cfcd000 Exception <a 'sun/nio/fs/WindowsException'> (0x00000000e8c16f60) thrown at [D:\src\AOSP-openjdk-cygwin\jdk8u\hotspot\src\share\vm\prims\jni.cpp, line 710]
Event: 13.246 Thread 0x000000001cfc8000 Exception <a 'sun/nio/fs/WindowsException'> (0x00000000e9912118) thrown at [D:\src\AOSP-openjdk-cygwin\jdk8u\hotspot\src\share\vm\prims\jni.cpp, line 710]
Event: 13.299 Thread 0x000000001cfcd000 Exception <a 'sun/nio/fs/WindowsException'> (0x00000000ee3cc778) thrown at [D:\src\AOSP-openjdk-cygwin\jdk8u\hotspot\src\share\vm\prims\jni.cpp, line 710]
Event: 13.466 Thread 0x000000001cfcd000 Exception <a 'sun/nio/fs/WindowsException'> (0x00000000e7846de8) thrown at [D:\src\AOSP-openjdk-cygwin\jdk8u\hotspot\src\share\vm\prims\jni.cpp, line 710]
Event: 13.487 Thread 0x000000001cfc9800 Exception <a 'sun/nio/fs/WindowsException'> (0x00000000e5e84b28) thrown at [D:\src\AOSP-openjdk-cygwin\jdk8u\hotspot\src\share\vm\prims\jni.cpp, line 710]
Event: 13.514 Thread 0x000000001cfcd000 Exception <a 'sun/nio/fs/WindowsException'> (0x00000000e9c31d60) thrown at [D:\src\AOSP-openjdk-cygwin\jdk8u\hotspot\src\share\vm\prims\jni.cpp, line 710]
Event: 13.563 Thread 0x000000001cfc8000 Exception <a 'sun/nio/fs/WindowsException'> (0x00000000ebec2d28) thrown at [D:\src\AOSP-openjdk-cygwin\jdk8u\hotspot\src\share\vm\prims\jni.cpp, line 710]
Event: 13.636 Thread 0x000000001cfc9800 Exception <a 'sun/nio/fs/WindowsException'> (0x00000000e037d140) thrown at [D:\src\AOSP-openjdk-cygwin\jdk8u\hotspot\src\share\vm\prims\jni.cpp, line 710]

Events (10 events):
Event: 13.603 Thread 0x000000001ab8c000 DEOPT PACKING pc=0x000000000366da18 sp=0x000000001d22e450
Event: 13.603 Thread 0x000000001ab8c000 DEOPT UNPACKING pc=0x0000000002bd557b sp=0x000000001d22e3f0 mode 2
Event: 13.604 Thread 0x000000001cfca000 DEOPT PACKING pc=0x0000000004798471 sp=0x000000002615afb0
Event: 13.604 Thread 0x000000001cfca000 DEOPT UNPACKING pc=0x0000000002bd75d0 sp=0x000000002615ad70 mode 0
Event: 13.614 Thread 0x000000001cfc8000 DEOPT PACKING pc=0x000000000464d5c8 sp=0x000000002665a6f0
Event: 13.614 Thread 0x000000001cfc8000 DEOPT UNPACKING pc=0x0000000002bd75d0 sp=0x000000002665a720 mode 0
Event: 13.614 Executing VM operation: ParallelGCFailedAllocation
Event: 13.635 Executing VM operation: ParallelGCFailedAllocation done
Event: 13.635 Executing VM operation: RevokeBias
Event: 13.635 Executing VM operation: RevokeBias done


Dynamic libraries:
0x00007ff749da0000 - 0x00007ff749dd1000 	C:\Program Files\Android\Android Studio\jre\bin\java.exe
0x00007ffc02680000 - 0x00007ffc02870000 	C:\WINDOWS\SYSTEM32\ntdll.dll
0x00007ffc00e40000 - 0x00007ffc00ef2000 	C:\WINDOWS\System32\KERNEL32.DLL
0x00007ffbff7d0000 - 0x00007ffbffa75000 	C:\WINDOWS\System32\KERNELBASE.dll
0x00007ffc02370000 - 0x00007ffc02413000 	C:\WINDOWS\System32\ADVAPI32.dll
0x00007ffc00cf0000 - 0x00007ffc00d8e000 	C:\WINDOWS\System32\msvcrt.dll
0x00007ffc00fb0000 - 0x00007ffc01047000 	C:\WINDOWS\System32\sechost.dll
0x00007ffc02420000 - 0x00007ffc02540000 	C:\WINDOWS\System32\RPCRT4.dll
0x00007ffc00b50000 - 0x00007ffc00ce4000 	C:\WINDOWS\System32\USER32.dll
0x00007ffc00590000 - 0x00007ffc005b1000 	C:\WINDOWS\System32\win32u.dll
0x00007ffc009c0000 - 0x00007ffc009e6000 	C:\WINDOWS\System32\GDI32.dll
0x00007ffbffa80000 - 0x00007ffbffc16000 	C:\WINDOWS\System32\gdi32full.dll
0x00007ffc004f0000 - 0x00007ffc0058e000 	C:\WINDOWS\System32\msvcp_win.dll
0x00007ffbffc20000 - 0x00007ffbffd1a000 	C:\WINDOWS\System32\ucrtbase.dll
0x00007ffbe7a90000 - 0x00007ffbe7d14000 	C:\WINDOWS\WinSxS\amd64_microsoft.windows.common-controls_6595b64144ccf1df_6.0.18362.1139_none_9e7bf2d3e4605ac6\COMCTL32.dll
0x00007ffc01540000 - 0x00007ffc01875000 	C:\WINDOWS\System32\combase.dll
0x00007ffbff610000 - 0x00007ffbff690000 	C:\WINDOWS\System32\bcryptPrimitives.dll
0x00007ffc02540000 - 0x00007ffc0256e000 	C:\WINDOWS\System32\IMM32.DLL
0x00000000500a0000 - 0x0000000050172000 	C:\Program Files\Android\Android Studio\jre\jre\bin\msvcr100.dll
0x00000000777b0000 - 0x0000000077ff6000 	C:\Program Files\Android\Android Studio\jre\jre\bin\server\jvm.dll
0x00007ffc00790000 - 0x00007ffc00798000 	C:\WINDOWS\System32\PSAPI.DLL
0x00007ffbf7560000 - 0x00007ffbf7569000 	C:\WINDOWS\SYSTEM32\WSOCK32.dll
0x00007ffbfe680000 - 0x00007ffbfe68a000 	C:\WINDOWS\SYSTEM32\VERSION.dll
0x00007ffbf9f70000 - 0x00007ffbf9f94000 	C:\WINDOWS\SYSTEM32\WINMM.dll
0x00007ffc01f70000 - 0x00007ffc01fdf000 	C:\WINDOWS\System32\WS2_32.dll
0x00007ffbf9e10000 - 0x00007ffbf9e3d000 	C:\WINDOWS\SYSTEM32\WINMMBASE.dll
0x00007ffc004a0000 - 0x00007ffc004ea000 	C:\WINDOWS\System32\cfgmgr32.dll
0x00007ffbf73a0000 - 0x00007ffbf73af000 	C:\Program Files\Android\Android Studio\jre\jre\bin\verify.dll
0x00007ffbf49e0000 - 0x00007ffbf4a09000 	C:\Program Files\Android\Android Studio\jre\jre\bin\java.dll
0x00007ffbf4ab0000 - 0x00007ffbf4ac6000 	C:\Program Files\Android\Android Studio\jre\jre\bin\zip.dll
0x00007ffc01880000 - 0x00007ffc01f67000 	C:\WINDOWS\System32\SHELL32.dll
0x00007ffc02190000 - 0x00007ffc02239000 	C:\WINDOWS\System32\shcore.dll
0x00007ffbffd20000 - 0x00007ffc004a0000 	C:\WINDOWS\System32\windows.storage.dll
0x00007ffbff5e0000 - 0x00007ffbff603000 	C:\WINDOWS\System32\profapi.dll
0x00007ffbff570000 - 0x00007ffbff5ba000 	C:\WINDOWS\System32\powrprof.dll
0x00007ffbff540000 - 0x00007ffbff550000 	C:\WINDOWS\System32\UMPDC.dll
0x00007ffc00730000 - 0x00007ffc00782000 	C:\WINDOWS\System32\shlwapi.dll
0x00007ffbff550000 - 0x00007ffbff561000 	C:\WINDOWS\System32\kernel.appcore.dll
0x00007ffc005c0000 - 0x00007ffc005d7000 	C:\WINDOWS\System32\cryptsp.dll
0x00007ffbf49c0000 - 0x00007ffbf49da000 	C:\Program Files\Android\Android Studio\jre\jre\bin\net.dll
0x00007ffbeb8d0000 - 0x00007ffbebaa6000 	C:\WINDOWS\SYSTEM32\urlmon.dll
0x00007ffbec390000 - 0x00007ffbec637000 	C:\WINDOWS\SYSTEM32\iertutil.dll
0x00007ffbfef60000 - 0x00007ffbfef6c000 	C:\WINDOWS\SYSTEM32\CRYPTBASE.DLL
0x00007ffbfed90000 - 0x00007ffbfedf7000 	C:\WINDOWS\system32\mswsock.dll
0x00007ffbf2c40000 - 0x00007ffbf2c53000 	C:\Program Files\Android\Android Studio\jre\jre\bin\nio.dll
0x00007ffbdfe00000 - 0x00007ffbdfe26000 	C:\Users\stavc\.gradle\native\29\windows-amd64\native-platform.dll
0x00007ffbf68b0000 - 0x00007ffbf68bd000 	C:\Program Files\Android\Android Studio\jre\jre\bin\management.dll
0x00007ffbfe900000 - 0x00007ffbfe933000 	C:\WINDOWS\system32\rsaenh.dll
0x00007ffbff690000 - 0x00007ffbff6b6000 	C:\WINDOWS\System32\bcrypt.dll
0x00007ffbff460000 - 0x00007ffbff485000 	C:\WINDOWS\SYSTEM32\USERENV.dll
0x00007ffbfeaa0000 - 0x00007ffbfeada000 	C:\WINDOWS\SYSTEM32\IPHLPAPI.DLL
0x00007ffc009b0000 - 0x00007ffc009b8000 	C:\WINDOWS\System32\NSI.dll
0x00007ffbedf70000 - 0x00007ffbedf86000 	C:\WINDOWS\SYSTEM32\dhcpcsvc6.DLL
0x00007ffbf1420000 - 0x00007ffbf143c000 	C:\WINDOWS\SYSTEM32\dhcpcsvc.DLL
0x00007ffbfeae0000 - 0x00007ffbfebab000 	C:\WINDOWS\SYSTEM32\DNSAPI.dll

VM Arguments:
jvm_args: -Xmx1536m -Dfile.encoding=windows-1255 -Duser.country=IL -Duser.language=iw -Duser.variant 
java_command: org.gradle.launcher.daemon.bootstrap.GradleDaemon 5.4.1
java_class_path (initial): C:\Users\stavc\.gradle\wrapper\dists\gradle-5.4.1-all\3221gyojl5jsh0helicew7rwx\gradle-5.4.1\lib\gradle-launcher-5.4.1.jar
Launcher Type: SUN_STANDARD

Environment Variables:
PATH=C:\Windows\system32;C:\Windows;C:\Windows\System32\Wbem;C:\Windows\System32\WindowsPowerShell\v1.0\;C:\Windows\System32\OpenSSH\;C:\Program Files (x86)\NVIDIA Corporation\PhysX\Common;C:\Program Files\Intel\WiFi\bin\;C:\Program Files\Common Files\Intel\WirelessCommon\;%SystemRoot%\system32;%SystemRoot%;%SystemRoot%\System32\Wbem;%SYSTEMROOT%\System32\WindowsPowerShell\v1.0\;%SYSTEMROOT%\System32\OpenSSH\;C:\Users\stavc\AppData\Local\Microsoft\WindowsApps;
USERNAME=stavc
OS=Windows_NT
PROCESSOR_IDENTIFIER=Intel64 Family 6 Model 142 Stepping 11, GenuineIntel



---------------  S Y S T E M  ---------------

OS: Windows 10.0 , 64 bit Build 18362 (10.0.18362.1110)

CPU:total 8 (initial active 8) (4 cores per cpu, 2 threads per core) family 6 model 142 stepping 11, cmov, cx8, fxsr, mmx, sse, sse2, sse3, ssse3, sse4.1, sse4.2, popcnt, avx, avx2, aes, clmul, erms, 3dnowpref, lzcnt, ht, tsc, tscinvbit, bmi1, bmi2, adx

Memory: 4k page, physical 16625020k(3783240k free), swap 32116388k(5232k free)

vm_info: OpenJDK 64-Bit Server VM (25.212-b04) for windows-amd64 JRE (1.8.0_212-release-1586-b04), built by "builder" with MS VC++ 10.0 (VS2010)

time: Mon Dec 07 19:17:11 2020
timezone: שעון רגיל ירושלים
elapsed time: 13 seconds (0d 0h 0m 13s)

