#
# There is insufficient memory for the Java Runtime Environment to continue.
# Native memory allocation (malloc) failed to allocate 842496 bytes for Chunk::new
# Possible reasons:
#   The system is out of physical RAM or swap space
#   The process is running with CompressedOops enabled, and the Java Heap may be blocking the growth of the native heap
# Possible solutions:
#   Reduce memory load on the system
#   Increase physical memory or swap space
#   Check if swap backing store is full
#   Decrease Java heap size (-Xmx/-Xms)
#   Decrease number of Java threads
#   Decrease Java thread stack sizes (-Xss)
#   Set larger code cache with -XX:ReservedCodeCacheSize=
#   JVM is running with Unscaled Compressed Oops mode in which the Java heap is
#     placed in the first 4GB address space. The Java Heap base address is the
#     maximum limit for the native heap growth. Please use -XX:HeapBaseMinAddress
#     to set the Java Heap base and to place the Java Heap above 4GB virtual address.
# This output file may be truncated or incomplete.
#
#  Out of Memory Error (allocation.cpp:389), pid=6392, tid=0x0000000000005310
#
# JRE version: OpenJDK Runtime Environment (8.0_212-b04) (build 1.8.0_212-release-1586-b04)
# Java VM: OpenJDK 64-Bit Server VM (25.212-b04 mixed mode windows-amd64 compressed oops)
# Failed to write core dump. Minidumps are not enabled by default on client versions of Windows
#

---------------  T H R E A D  ---------------

Current thread (0x0000000018e27000):  JavaThread "C2 CompilerThread0" daemon [_thread_in_native, id=21264, stack(0x00000000196f0000,0x00000000197f0000)]

Stack: [0x00000000196f0000,0x00000000197f0000]
[error occurred during error reporting (printing stack bounds), id 0xc0000005]

Native frames: (J=compiled Java code, j=interpreted, Vv=VM code, C=native code)


Current CompileTask:
C2:  29351 15339       4       com.android.tools.r8.ir.optimize.g::a (394 bytes)


---------------  P R O C E S S  ---------------

Java Threads: ( => current thread )
  0x000000001df93800 JavaThread "Cache worker for execution history cache (C:\Users\stavc\Desktop\AndroBusiness\.gradle\5.4.1\executionHistory)" [_thread_blocked, id=11100, stack(0x00000000288b0000,0x00000000289b0000)]
  0x000000001df91800 JavaThread "Execution worker for ':' Thread 7" [_thread_in_native, id=23352, stack(0x00000000287b0000,0x00000000288b0000)]
  0x000000001df90800 JavaThread "Execution worker for ':' Thread 6" [_thread_in_native, id=16404, stack(0x00000000286b0000,0x00000000287b0000)]
  0x000000001df8f000 JavaThread "Execution worker for ':' Thread 5" [_thread_in_Java, id=24328, stack(0x00000000285b0000,0x00000000286b0000)]
  0x000000001df93000 JavaThread "Execution worker for ':' Thread 4" [_thread_in_Java, id=28952, stack(0x00000000284b0000,0x00000000285b0000)]
  0x000000001df8a800 JavaThread "Execution worker for ':' Thread 3" [_thread_in_Java, id=8448, stack(0x00000000283b0000,0x00000000284b0000)]
  0x000000001df89000 JavaThread "Execution worker for ':' Thread 2" [_thread_in_Java, id=30948, stack(0x00000000282b0000,0x00000000283b0000)]
  0x000000001df90000 JavaThread "Execution worker for ':'" [_thread_in_Java, id=13076, stack(0x00000000281b0000,0x00000000282b0000)]
  0x000000001df88800 JavaThread "Cache worker for file content cache (C:\Users\stavc\Desktop\AndroBusiness\.gradle\5.4.1\fileContent)" [_thread_blocked, id=10928, stack(0x00000000280b0000,0x00000000281b0000)]
  0x000000001df8c000 JavaThread "Cache worker for file content cache (C:\Users\stavc\.gradle\caches\5.4.1\fileContent)" [_thread_blocked, id=17672, stack(0x0000000027fb0000,0x00000000280b0000)]
  0x000000001df8b800 JavaThread "Cache worker for Build Output Cleanup Cache (C:\Users\stavc\Desktop\AndroBusiness\.gradle\buildOutputCleanup)" [_thread_blocked, id=4192, stack(0x0000000027eb0000,0x0000000027fb0000)]
  0x000000001df8e800 JavaThread "pool-3-thread-1" [_thread_blocked, id=4960, stack(0x0000000027db0000,0x0000000027eb0000)]
  0x000000001df8d800 JavaThread "Build operations Thread 8" [_thread_blocked, id=25732, stack(0x0000000027cb0000,0x0000000027db0000)]
  0x000000001df8a000 JavaThread "Build operations Thread 7" [_thread_blocked, id=28744, stack(0x0000000026b80000,0x0000000026c80000)]
  0x000000002111f800 JavaThread "Build operations Thread 6" [_thread_blocked, id=21228, stack(0x0000000025310000,0x0000000025410000)]
  0x000000002111e800 JavaThread "Build operations Thread 5" [_thread_blocked, id=10332, stack(0x0000000025210000,0x0000000025310000)]
  0x000000002111e000 JavaThread "Build operations Thread 4" [_thread_blocked, id=16760, stack(0x0000000025110000,0x0000000025210000)]
  0x000000002111d000 JavaThread "Build operations Thread 3" [_thread_blocked, id=8564, stack(0x0000000025010000,0x0000000025110000)]
  0x0000000021115800 JavaThread "Build operations Thread 2" [_thread_blocked, id=20864, stack(0x0000000024f10000,0x0000000025010000)]
  0x000000002111c800 JavaThread "Build operations" [_thread_blocked, id=28200, stack(0x0000000024e10000,0x0000000024f10000)]
  0x0000000021118800 JavaThread "Cache worker for cache directory md-rule (C:\Users\stavc\.gradle\caches\5.4.1\md-rule)" [_thread_blocked, id=30448, stack(0x0000000024d10000,0x0000000024e10000)]
  0x0000000021117000 JavaThread "Cache worker for cache directory md-supplier (C:\Users\stavc\.gradle\caches\5.4.1\md-supplier)" [_thread_blocked, id=11700, stack(0x00000000233c0000,0x00000000234c0000)]
  0x0000000021116800 JavaThread "Cache worker for file hash cache (C:\Users\stavc\Desktop\AndroBusiness\.gradle\5.4.1\fileHashes)" [_thread_blocked, id=14596, stack(0x00000000219f0000,0x0000000021af0000)]
  0x0000000021115000 JavaThread "Thread-30" [_thread_blocked, id=30460, stack(0x00000000218f0000,0x00000000219f0000)]
  0x000000002111b000 JavaThread "Stdin handler" [_thread_blocked, id=9124, stack(0x000000001de00000,0x000000001df00000)]
  0x000000001c9c3800 JavaThread "Asynchronous log dispatcher for DefaultDaemonConnection: socket connection from /127.0.0.1:49568 to /127.0.0.1:49574" [_thread_blocked, id=21544, stack(0x000000001c530000,0x000000001c630000)]
  0x000000001c9bf000 JavaThread "Cancel handler" [_thread_blocked, id=30484, stack(0x000000001c330000,0x000000001c430000)]
  0x000000001c9c3000 JavaThread "Handler for socket connection from /127.0.0.1:49568 to /127.0.0.1:49574" [_thread_in_native, id=11656, stack(0x000000001c030000,0x000000001c130000)]
  0x0000000021121800 JavaThread "Memory manager" [_thread_blocked, id=24160, stack(0x0000000025440000,0x0000000025540000)]
  0x000000002111b800 JavaThread "Cache worker for execution history cache (C:\Users\stavc\.gradle\caches\5.4.1\executionHistory)" [_thread_blocked, id=31544, stack(0x0000000021af0000,0x0000000021bf0000)]
  0x000000001c9c5000 JavaThread "Cache worker for journal cache (C:\Users\stavc\.gradle\caches\journal-1)" [_thread_blocked, id=30240, stack(0x000000001db00000,0x000000001dc00000)]
  0x000000001c9c4800 JavaThread "File lock request listener" [_thread_in_native, id=12844, stack(0x000000001da00000,0x000000001db00000)]
  0x000000001b2c5800 JavaThread "Cache worker for file hash cache (C:\Users\stavc\.gradle\caches\5.4.1\fileHashes)" [_thread_blocked, id=9560, stack(0x000000001d900000,0x000000001da00000)]
  0x000000001b47c000 JavaThread "Daemon worker" [_thread_in_Java, id=28008, stack(0x000000001c430000,0x000000001c530000)]
  0x000000001b3dc000 JavaThread "Daemon" [_thread_blocked, id=25204, stack(0x000000001bf30000,0x000000001c030000)]
  0x000000001b108800 JavaThread "Daemon periodic checks" [_thread_blocked, id=9384, stack(0x000000001be30000,0x000000001bf30000)]
  0x000000001b107000 JavaThread "Incoming local TCP Connector on port 49568" [_thread_in_native, id=13700, stack(0x000000001bbf0000,0x000000001bcf0000)]
  0x000000001b2fc800 JavaThread "Daemon health stats" [_thread_blocked, id=6036, stack(0x0000000019cf0000,0x0000000019df0000)]
  0x0000000018f05800 JavaThread "Service Thread" daemon [_thread_blocked, id=5436, stack(0x0000000019af0000,0x0000000019bf0000)]
  0x000000001702c000 JavaThread "C1 CompilerThread3" daemon [_thread_blocked, id=18624, stack(0x00000000199f0000,0x0000000019af0000)]
  0x0000000017028000 JavaThread "C2 CompilerThread2" daemon [_thread_in_native, id=30848, stack(0x00000000198f0000,0x00000000199f0000)]
  0x0000000018e2b000 JavaThread "C2 CompilerThread1" daemon [_thread_in_native, id=17464, stack(0x00000000197f0000,0x00000000198f0000)]
=>0x0000000018e27000 JavaThread "C2 CompilerThread0" daemon [_thread_in_native, id=21264, stack(0x00000000196f0000,0x00000000197f0000)]
  0x0000000018e26000 JavaThread "Attach Listener" daemon [_thread_blocked, id=30532, stack(0x00000000195f0000,0x00000000196f0000)]
  0x0000000018e16800 JavaThread "Signal Dispatcher" daemon [_thread_blocked, id=27148, stack(0x00000000194f0000,0x00000000195f0000)]
  0x000000000325e000 JavaThread "Finalizer" daemon [_thread_blocked, id=9864, stack(0x00000000192f0000,0x00000000193f0000)]
  0x000000001701c800 JavaThread "Reference Handler" daemon [_thread_blocked, id=22144, stack(0x00000000191f0000,0x00000000192f0000)]
  0x000000000315d800 JavaThread "main" [_thread_blocked, id=10728, stack(0x0000000003020000,0x0000000003120000)]

Other Threads:
  0x0000000017018000 VMThread [stack: 0x0000000018cf0000,0x0000000018df0000] [id=19968]
  0x0000000018f06000 WatcherThread [stack: 0x0000000019bf0000,0x0000000019cf0000] [id=3008]

VM state:not at safepoint (normal execution)

VM Mutex/Monitor currently owned by a thread: None

OutOfMemory and StackOverflow Exception counts:
OutOfMemoryError java_heap_errors=1

heap address: 0x00000000a0000000, size: 1536 MB, Compressed Oops mode: 32-bit
Narrow klass base: 0x0000000000000000, Narrow klass shift: 3
Compressed class space size: 1073741824 Address: 0x0000000100000000

Heap:
 PSYoungGen      total 489984K, used 107068K [0x00000000e0000000, 0x0000000100000000, 0x0000000100000000)
  eden space 456704K, 21% used [0x00000000e0000000,0x00000000e5f6b518,0x00000000fbe00000)
  from space 33280K, 28% used [0x00000000fdd80000,0x00000000fe6a3d18,0x00000000ffe00000)
  to   space 32256K, 0% used [0x00000000fbe00000,0x00000000fbe00000,0x00000000fdd80000)
 ParOldGen       total 230400K, used 186659K [0x00000000a0000000, 0x00000000ae100000, 0x00000000e0000000)
  object space 230400K, 81% used [0x00000000a0000000,0x00000000ab648c18,0x00000000ae100000)
 Metaspace       used 83098K, capacity 88302K, committed 88448K, reserved 1126400K
  class space    used 11051K, capacity 12046K, committed 12160K, reserved 1048576K

Card table byte_map: [0x0000000012620000,0x0000000012930000] byte_map_base: 0x0000000012120000

Marking Bits: (ParMarkBitMap*) 0x0000000077f79f30
 Begin Bits: [0x0000000013330000, 0x0000000014b30000)
 End Bits:   [0x0000000014b30000, 0x0000000016330000)

Polling page: 0x00000000016e0000

CodeCache: size=245760Kb used=44676Kb max_used=44676Kb free=201084Kb
 bounds [0x0000000003260000, 0x0000000005e40000, 0x0000000012260000]
 total_blobs=13881 nmethods=13058 adapters=734
 compilation: enabled

Compilation events (10 events):
Event: 29.271 Thread 0x000000001702c000 15364       2       com.android.tools.r8.ir.conversion.N::a (60 bytes)
Event: 29.271 Thread 0x000000001702c000 nmethod 15364 0x0000000004e0d8d0 code [0x0000000004e0da80, 0x0000000004e0deb8]
Event: 29.272 Thread 0x000000001702c000 15365       2       com.android.tools.r8.ir.conversion.N::a (89 bytes)
Event: 29.272 Thread 0x000000001702c000 nmethod 15365 0x0000000004dc1bd0 code [0x0000000004dc1da0, 0x0000000004dc22a8]
Event: 29.300 Thread 0x000000001702c000 15367       2       com.android.tools.r8.ir.code.Y::instructionTypeCanThrow (25 bytes)
Event: 29.300 Thread 0x000000001702c000 nmethod 15367 0x00000000050b1d50 code [0x00000000050b1ea0, 0x00000000050b2030]
Event: 29.300 Thread 0x000000001702c000 15368 %     3       com.android.tools.r8.ir.code.Value::a @ 103 (196 bytes)
Event: 29.301 Thread 0x000000001702c000 nmethod 15368% 0x0000000004dc0110 code [0x0000000004dc0360, 0x0000000004dc15b8]
Event: 29.320 Thread 0x000000001702c000 15371 %     3       java.util.WeakHashMap::transfer @ 2 (107 bytes)
Event: 29.321 Thread 0x000000001702c000 nmethod 15371% 0x0000000004dbf450 code [0x0000000004dbf600, 0x0000000004dbfd90]

GC Heap History (10 events):
Event: 26.382 GC heap before
{Heap before GC invocations=23 (full 3):
 PSYoungGen      total 473600K, used 447828K [0x00000000e0000000, 0x0000000100000000, 0x0000000100000000)
  eden space 440320K, 100% used [0x00000000e0000000,0x00000000fae00000,0x00000000fae00000)
  from space 33280K, 22% used [0x00000000fae00000,0x00000000fb5553c8,0x00000000fce80000)
  to   space 33280K, 0% used [0x00000000fdf80000,0x00000000fdf80000,0x0000000100000000)
 ParOldGen       total 230400K, used 143790K [0x00000000a0000000, 0x00000000ae100000, 0x00000000e0000000)
  object space 230400K, 62% used [0x00000000a0000000,0x00000000a8c6bab8,0x00000000ae100000)
 Metaspace       used 82826K, capacity 88012K, committed 88192K, reserved 1126400K
  class space    used 11043K, capacity 12045K, committed 12160K, reserved 1048576K
Event: 26.434 GC heap after
Heap after GC invocations=23 (full 3):
 PSYoungGen      total 491008K, used 7042K [0x00000000e0000000, 0x0000000100000000, 0x0000000100000000)
  eden space 457728K, 0% used [0x00000000e0000000,0x00000000e0000000,0x00000000fbf00000)
  from space 33280K, 21% used [0x00000000fdf80000,0x00000000fe660b30,0x0000000100000000)
  to   space 33280K, 0% used [0x00000000fbf00000,0x00000000fbf00000,0x00000000fdf80000)
 ParOldGen       total 230400K, used 150525K [0x00000000a0000000, 0x00000000ae100000, 0x00000000e0000000)
  object space 230400K, 65% used [0x00000000a0000000,0x00000000a92ff588,0x00000000ae100000)
 Metaspace       used 82826K, capacity 88012K, committed 88192K, reserved 1126400K
  class space    used 11043K, capacity 12045K, committed 12160K, reserved 1048576K
}
Event: 27.078 GC heap before
{Heap before GC invocations=24 (full 3):
 PSYoungGen      total 491008K, used 464770K [0x00000000e0000000, 0x0000000100000000, 0x0000000100000000)
  eden space 457728K, 100% used [0x00000000e0000000,0x00000000fbf00000,0x00000000fbf00000)
  from space 33280K, 21% used [0x00000000fdf80000,0x00000000fe660b30,0x0000000100000000)
  to   space 33280K, 0% used [0x00000000fbf00000,0x00000000fbf00000,0x00000000fdf80000)
 ParOldGen       total 230400K, used 150525K [0x00000000a0000000, 0x00000000ae100000, 0x00000000e0000000)
  object space 230400K, 65% used [0x00000000a0000000,0x00000000a92ff588,0x00000000ae100000)
 Metaspace       used 82861K, capacity 88028K, committed 88192K, reserved 1126400K
  class space    used 11043K, capacity 12045K, committed 12160K, reserved 1048576K
Event: 27.096 GC heap after
Heap after GC invocations=24 (full 3):
 PSYoungGen      total 481280K, used 23067K [0x00000000e0000000, 0x0000000100000000, 0x0000000100000000)
  eden space 457728K, 0% used [0x00000000e0000000,0x00000000e0000000,0x00000000fbf00000)
  from space 23552K, 97% used [0x00000000fbf00000,0x00000000fd586fa8,0x00000000fd600000)
  to   space 34304K, 0% used [0x00000000fde80000,0x00000000fde80000,0x0000000100000000)
 ParOldGen       total 230400K, used 156460K [0x00000000a0000000, 0x00000000ae100000, 0x00000000e0000000)
  object space 230400K, 67% used [0x00000000a0000000,0x00000000a98cb148,0x00000000ae100000)
 Metaspace       used 82861K, capacity 88028K, committed 88192K, reserved 1126400K
  class space    used 11043K, capacity 12045K, committed 12160K, reserved 1048576K
}
Event: 27.893 GC heap before
{Heap before GC invocations=25 (full 3):
 PSYoungGen      total 481280K, used 480795K [0x00000000e0000000, 0x0000000100000000, 0x0000000100000000)
  eden space 457728K, 100% used [0x00000000e0000000,0x00000000fbf00000,0x00000000fbf00000)
  from space 23552K, 97% used [0x00000000fbf00000,0x00000000fd586fa8,0x00000000fd600000)
  to   space 34304K, 0% used [0x00000000fde80000,0x00000000fde80000,0x0000000100000000)
 ParOldGen       total 230400K, used 156460K [0x00000000a0000000, 0x00000000ae100000, 0x00000000e0000000)
  object space 230400K, 67% used [0x00000000a0000000,0x00000000a98cb148,0x00000000ae100000)
 Metaspace       used 82911K, capacity 88100K, committed 88448K, reserved 1126400K
  class space    used 11043K, capacity 12045K, committed 12160K, reserved 1048576K
Event: 27.915 GC heap after
Heap after GC invocations=25 (full 3):
 PSYoungGen      total 489984K, used 6144K [0x00000000e0000000, 0x0000000100000000, 0x0000000100000000)
  eden space 455680K, 0% used [0x00000000e0000000,0x00000000e0000000,0x00000000fbd00000)
  from space 34304K, 17% used [0x00000000fde80000,0x00000000fe480010,0x0000000100000000)
  to   space 34304K, 0% used [0x00000000fbd00000,0x00000000fbd00000,0x00000000fde80000)
 ParOldGen       total 230400K, used 176945K [0x00000000a0000000, 0x00000000ae100000, 0x00000000e0000000)
  object space 230400K, 76% used [0x00000000a0000000,0x00000000aaccc768,0x00000000ae100000)
 Metaspace       used 82911K, capacity 88100K, committed 88448K, reserved 1126400K
  class space    used 11043K, capacity 12045K, committed 12160K, reserved 1048576K
}
Event: 28.609 GC heap before
{Heap before GC invocations=26 (full 3):
 PSYoungGen      total 489984K, used 461824K [0x00000000e0000000, 0x0000000100000000, 0x0000000100000000)
  eden space 455680K, 100% used [0x00000000e0000000,0x00000000fbd00000,0x00000000fbd00000)
  from space 34304K, 17% used [0x00000000fde80000,0x00000000fe480010,0x0000000100000000)
  to   space 34304K, 0% used [0x00000000fbd00000,0x00000000fbd00000,0x00000000fde80000)
 ParOldGen       total 230400K, used 176945K [0x00000000a0000000, 0x00000000ae100000, 0x00000000e0000000)
  object space 230400K, 76% used [0x00000000a0000000,0x00000000aaccc768,0x00000000ae100000)
 Metaspace       used 82948K, capacity 88170K, committed 88448K, reserved 1126400K
  class space    used 11045K, capacity 12046K, committed 12160K, reserved 1048576K
Event: 28.635 GC heap after
Heap after GC invocations=26 (full 3):
 PSYoungGen      total 463872K, used 8118K [0x00000000e0000000, 0x00000000ffe00000, 0x0000000100000000)
  eden space 455680K, 0% used [0x00000000e0000000,0x00000000e0000000,0x00000000fbd00000)
  from space 8192K, 99% used [0x00000000fbd00000,0x00000000fc4edb20,0x00000000fc500000)
  to   space 33280K, 0% used [0x00000000fdd80000,0x00000000fdd80000,0x00000000ffe00000)
 ParOldGen       total 230400K, used 181607K [0x00000000a0000000, 0x00000000ae100000, 0x00000000e0000000)
  object space 230400K, 78% used [0x00000000a0000000,0x00000000ab159cf0,0x00000000ae100000)
 Metaspace       used 82948K, capacity 88170K, committed 88448K, reserved 1126400K
  class space    used 11045K, capacity 12046K, committed 12160K, reserved 1048576K
}
Event: 29.241 GC heap before
{Heap before GC invocations=27 (full 3):
 PSYoungGen      total 463872K, used 463798K [0x00000000e0000000, 0x00000000ffe00000, 0x0000000100000000)
  eden space 455680K, 100% used [0x00000000e0000000,0x00000000fbd00000,0x00000000fbd00000)
  from space 8192K, 99% used [0x00000000fbd00000,0x00000000fc4edb20,0x00000000fc500000)
  to   space 33280K, 0% used [0x00000000fdd80000,0x00000000fdd80000,0x00000000ffe00000)
 ParOldGen       total 230400K, used 181680K [0x00000000a0000000, 0x00000000ae100000, 0x00000000e0000000)
  object space 230400K, 78% used [0x00000000a0000000,0x00000000ab16c228,0x00000000ae100000)
 Metaspace       used 83094K, capacity 88302K, committed 88448K, reserved 1126400K
  class space    used 11050K, capacity 12046K, committed 12160K, reserved 1048576K
Event: 29.253 GC heap after
Heap after GC invocations=27 (full 3):
 PSYoungGen      total 489984K, used 9359K [0x00000000e0000000, 0x0000000100000000, 0x0000000100000000)
  eden space 456704K, 0% used [0x00000000e0000000,0x00000000e0000000,0x00000000fbe00000)
  from space 33280K, 28% used [0x00000000fdd80000,0x00000000fe6a3d18,0x00000000ffe00000)
  to   space 32256K, 0% used [0x00000000fbe00000,0x00000000fbe00000,0x00000000fdd80000)
 ParOldGen       total 230400K, used 186659K [0x00000000a0000000, 0x00000000ae100000, 0x00000000e0000000)
  object space 230400K, 81% used [0x00000000a0000000,0x00000000ab648c18,0x00000000ae100000)
 Metaspace       used 83094K, capacity 88302K, committed 88448K, reserved 1126400K
  class space    used 11050K, capacity 12046K, committed 12160K, reserved 1048576K
}

Deoptimization events (10 events):
Event: 28.242 Thread 0x000000001df8a800 Uncommon trap: reason=unstable_if action=reinterpret pc=0x0000000003387f14 method=com.android.tools.r8.ir.regalloc.a.a(ILcom/android/tools/r8/ir/regalloc/a$a;)Z @ 73
Event: 28.443 Thread 0x000000001c9c5000 Uncommon trap: reason=class_check action=maybe_recompile pc=0x0000000004ec3a50 method=org.gradle.cache.internal.btree.FileBackedBlockStore$BlockImpl.getSize()I @ 12
Event: 28.499 Thread 0x000000001df89000 Uncommon trap: reason=unstable_if action=reinterpret pc=0x00000000059f05a4 method=org.objectweb.asm.Type.getType([CI)Lorg/objectweb/asm/Type; @ 165
Event: 28.500 Thread 0x000000001df89000 Uncommon trap: reason=unstable_if action=reinterpret pc=0x0000000005a277ec method=org.objectweb.asm.Type.getType([CI)Lorg/objectweb/asm/Type; @ 165
Event: 28.511 Thread 0x000000001df89000 Uncommon trap: reason=unstable_if action=reinterpret pc=0x0000000005becf7c method=org.objectweb.asm.ClassReader.readUTF(II[C)Ljava/lang/String; @ 77
Event: 28.511 Thread 0x000000001df89000 Uncommon trap: reason=unstable_if action=reinterpret pc=0x0000000005bf0be4 method=org.objectweb.asm.ByteVector.putUTF8(Ljava/lang/String;)Lorg/objectweb/asm/ByteVector; @ 98
Event: 28.584 Thread 0x000000001df90000 Uncommon trap: reason=unstable_if action=reinterpret pc=0x0000000005b44d9c method=com.android.tools.r8.n.a.a.a.g.B0$e.contains(Ljava/lang/Object;)Z @ 124
Event: 28.845 Thread 0x000000001df89000 Uncommon trap: reason=unstable_if action=reinterpret pc=0x0000000004017d14 method=java.util.regex.Pattern.newSlice([IIZ)Ljava/util/regex/Pattern$Node; @ 10
Event: 28.958 Thread 0x000000001df90800 Uncommon trap: reason=null_check action=make_not_entrant pc=0x0000000005d8cc94 method=com.android.tools.r8.ir.analysis.type.ArrayTypeLatticeElement.getOrCreateVariant(Lcom/android/tools/r8/ir/analysis/type/Nullability;)Lcom/android/tools/r8/ir/analysis/ty
Event: 29.185 Thread 0x000000001df90000 Uncommon trap: reason=unstable_if action=reinterpret pc=0x0000000005ccc91c method=com.android.tools.r8.ir.optimize.z.a(Lcom/android/tools/r8/ir/code/Instruction;)Z @ 153

Classes redefined (0 events):
No events

Internal exceptions (10 events):
Event: 28.876 Thread 0x000000001df91800 Exception <a 'sun/nio/fs/WindowsException'> (0x00000000e8145040) thrown at [D:\src\AOSP-openjdk-cygwin\jdk8u\hotspot\src\share\vm\prims\jni.cpp, line 710]
Event: 28.883 Thread 0x000000001df90800 Exception <a 'sun/nio/fs/WindowsException'> (0x00000000e9643308) thrown at [D:\src\AOSP-openjdk-cygwin\jdk8u\hotspot\src\share\vm\prims\jni.cpp, line 710]
Event: 28.941 Thread 0x000000001df90000 Exception <a 'sun/nio/fs/WindowsException'> (0x00000000eb0d0f10) thrown at [D:\src\AOSP-openjdk-cygwin\jdk8u\hotspot\src\share\vm\prims\jni.cpp, line 710]
Event: 28.955 Thread 0x000000001df8a800 Exception <a 'sun/nio/fs/WindowsException'> (0x00000000ec434f48) thrown at [D:\src\AOSP-openjdk-cygwin\jdk8u\hotspot\src\share\vm\prims\jni.cpp, line 710]
Event: 28.958 Thread 0x000000001df90800 Implicit null exception at 0x0000000005d88fa3 to 0x0000000005d8cc7d
Event: 29.131 Thread 0x000000001df93000 Exception <a 'sun/nio/fs/WindowsException'> (0x00000000f35bf120) thrown at [D:\src\AOSP-openjdk-cygwin\jdk8u\hotspot\src\share\vm\prims\jni.cpp, line 710]
Event: 29.214 Thread 0x000000001df93000 Exception <a 'sun/nio/fs/WindowsException'> (0x00000000f9cec190) thrown at [D:\src\AOSP-openjdk-cygwin\jdk8u\hotspot\src\share\vm\prims\jni.cpp, line 710]
Event: 29.218 Thread 0x000000001df8a800 Exception <a 'sun/nio/fs/WindowsException'> (0x00000000fa00b1b8) thrown at [D:\src\AOSP-openjdk-cygwin\jdk8u\hotspot\src\share\vm\prims\jni.cpp, line 710]
Event: 29.321 Thread 0x000000001df90800 Exception <a 'sun/nio/fs/WindowsException'> (0x00000000e3f02578) thrown at [D:\src\AOSP-openjdk-cygwin\jdk8u\hotspot\src\share\vm\prims\jni.cpp, line 710]
Event: 29.328 Thread 0x000000001df89000 Exception <a 'sun/nio/fs/WindowsException'> (0x00000000e4517f30) thrown at [D:\src\AOSP-openjdk-cygwin\jdk8u\hotspot\src\share\vm\prims\jni.cpp, line 710]

Events (10 events):
Event: 29.255 Thread 0x000000001df93000 DEOPT PACKING pc=0x0000000005148109 sp=0x00000000285ab590
Event: 29.255 Thread 0x000000001df93000 DEOPT UNPACKING pc=0x00000000032a75d0 sp=0x00000000285ab378 mode 0
Event: 29.283 Thread 0x000000001b47c000 DEOPT PACKING pc=0x0000000005239f88 sp=0x000000001c528520
Event: 29.283 Thread 0x000000001b47c000 DEOPT UNPACKING pc=0x00000000032a75d0 sp=0x000000001c528550 mode 0
Event: 29.294 Thread 0x000000001df93000 DEOPT PACKING pc=0x0000000005148109 sp=0x00000000285ab590
Event: 29.294 Thread 0x000000001df93000 DEOPT UNPACKING pc=0x00000000032a75d0 sp=0x00000000285ab378 mode 0
Event: 29.331 Thread 0x000000001b47c000 DEOPT PACKING pc=0x000000000523a93f sp=0x000000001c528520
Event: 29.331 Thread 0x000000001b47c000 DEOPT UNPACKING pc=0x00000000032a75d0 sp=0x000000001c528550 mode 0
Event: 29.343 Thread 0x000000001b47c000 DEOPT PACKING pc=0x0000000005148109 sp=0x000000001c528bb0
Event: 29.343 Thread 0x000000001b47c000 DEOPT UNPACKING pc=0x00000000032a75d0 sp=0x000000001c528998 mode 0


Dynamic libraries:
0x00007ff749da0000 - 0x00007ff749dd1000 	C:\Program Files\Android\Android Studio\jre\bin\java.exe
0x00007ffc02680000 - 0x00007ffc02870000 	C:\WINDOWS\SYSTEM32\ntdll.dll
0x00007ffc00e40000 - 0x00007ffc00ef2000 	C:\WINDOWS\System32\KERNEL32.DLL
0x00007ffbff7d0000 - 0x00007ffbffa75000 	C:\WINDOWS\System32\KERNELBASE.dll
0x00007ffc02370000 - 0x00007ffc02413000 	C:\WINDOWS\System32\ADVAPI32.dll
0x00007ffc00cf0000 - 0x00007ffc00d8e000 	C:\WINDOWS\System32\msvcrt.dll
0x00007ffc00fb0000 - 0x00007ffc01047000 	C:\WINDOWS\System32\sechost.dll
0x00007ffc02420000 - 0x00007ffc02540000 	C:\WINDOWS\System32\RPCRT4.dll
0x00007ffc00b50000 - 0x00007ffc00ce4000 	C:\WINDOWS\System32\USER32.dll
0x00007ffc00590000 - 0x00007ffc005b1000 	C:\WINDOWS\System32\win32u.dll
0x00007ffc009c0000 - 0x00007ffc009e6000 	C:\WINDOWS\System32\GDI32.dll
0x00007ffbffa80000 - 0x00007ffbffc16000 	C:\WINDOWS\System32\gdi32full.dll
0x00007ffc004f0000 - 0x00007ffc0058e000 	C:\WINDOWS\System32\msvcp_win.dll
0x00007ffbffc20000 - 0x00007ffbffd1a000 	C:\WINDOWS\System32\ucrtbase.dll
0x00007ffbe7a90000 - 0x00007ffbe7d14000 	C:\WINDOWS\WinSxS\amd64_microsoft.windows.common-controls_6595b64144ccf1df_6.0.18362.1139_none_9e7bf2d3e4605ac6\COMCTL32.dll
0x00007ffc01540000 - 0x00007ffc01875000 	C:\WINDOWS\System32\combase.dll
0x00007ffbff610000 - 0x00007ffbff690000 	C:\WINDOWS\System32\bcryptPrimitives.dll
0x00007ffc02540000 - 0x00007ffc0256e000 	C:\WINDOWS\System32\IMM32.DLL
0x00000000500a0000 - 0x0000000050172000 	C:\Program Files\Android\Android Studio\jre\jre\bin\msvcr100.dll
0x00000000777b0000 - 0x0000000077ff6000 	C:\Program Files\Android\Android Studio\jre\jre\bin\server\jvm.dll
0x00007ffc00790000 - 0x00007ffc00798000 	C:\WINDOWS\System32\PSAPI.DLL
0x00007ffbf6e90000 - 0x00007ffbf6e99000 	C:\WINDOWS\SYSTEM32\WSOCK32.dll
0x00007ffbf9f70000 - 0x00007ffbf9f94000 	C:\WINDOWS\SYSTEM32\WINMM.dll
0x00007ffbfe680000 - 0x00007ffbfe68a000 	C:\WINDOWS\SYSTEM32\VERSION.dll
0x00007ffc01f70000 - 0x00007ffc01fdf000 	C:\WINDOWS\System32\WS2_32.dll
0x00007ffbf9e10000 - 0x00007ffbf9e3d000 	C:\WINDOWS\SYSTEM32\winmmbase.dll
0x00007ffc004a0000 - 0x00007ffc004ea000 	C:\WINDOWS\System32\cfgmgr32.dll
0x00007ffbf68b0000 - 0x00007ffbf68bf000 	C:\Program Files\Android\Android Studio\jre\jre\bin\verify.dll
0x00007ffbf49c0000 - 0x00007ffbf49e9000 	C:\Program Files\Android\Android Studio\jre\jre\bin\java.dll
0x00007ffbf2b30000 - 0x00007ffbf2b46000 	C:\Program Files\Android\Android Studio\jre\jre\bin\zip.dll
0x00007ffc01880000 - 0x00007ffc01f67000 	C:\WINDOWS\System32\SHELL32.dll
0x00007ffc02190000 - 0x00007ffc02239000 	C:\WINDOWS\System32\shcore.dll
0x00007ffbffd20000 - 0x00007ffc004a0000 	C:\WINDOWS\System32\windows.storage.dll
0x00007ffbff5e0000 - 0x00007ffbff603000 	C:\WINDOWS\System32\profapi.dll
0x00007ffbff570000 - 0x00007ffbff5ba000 	C:\WINDOWS\System32\powrprof.dll
0x00007ffbff540000 - 0x00007ffbff550000 	C:\WINDOWS\System32\UMPDC.dll
0x00007ffc00730000 - 0x00007ffc00782000 	C:\WINDOWS\System32\shlwapi.dll
0x00007ffbff550000 - 0x00007ffbff561000 	C:\WINDOWS\System32\kernel.appcore.dll
0x00007ffc005c0000 - 0x00007ffc005d7000 	C:\WINDOWS\System32\cryptsp.dll
0x00007ffbea990000 - 0x00007ffbea9aa000 	C:\Program Files\Android\Android Studio\jre\jre\bin\net.dll
0x00007ffbeb8d0000 - 0x00007ffbebaa6000 	C:\WINDOWS\SYSTEM32\urlmon.dll
0x00007ffbec390000 - 0x00007ffbec637000 	C:\WINDOWS\SYSTEM32\iertutil.dll
0x00007ffbfef60000 - 0x00007ffbfef6c000 	C:\WINDOWS\SYSTEM32\CRYPTBASE.DLL
0x00007ffbfed90000 - 0x00007ffbfedf7000 	C:\WINDOWS\system32\mswsock.dll
0x00007ffbe8080000 - 0x00007ffbe8093000 	C:\Program Files\Android\Android Studio\jre\jre\bin\nio.dll
0x00007ffbdbe00000 - 0x00007ffbdbe26000 	C:\Users\stavc\.gradle\native\29\windows-amd64\native-platform.dll
0x00007ffbf5c40000 - 0x00007ffbf5c4d000 	C:\Program Files\Android\Android Studio\jre\jre\bin\management.dll
0x00007ffbfe900000 - 0x00007ffbfe933000 	C:\WINDOWS\system32\rsaenh.dll
0x00007ffbff690000 - 0x00007ffbff6b6000 	C:\WINDOWS\System32\bcrypt.dll
0x00007ffbff460000 - 0x00007ffbff485000 	C:\WINDOWS\SYSTEM32\USERENV.dll
0x00007ffbfeaa0000 - 0x00007ffbfeada000 	C:\WINDOWS\SYSTEM32\IPHLPAPI.DLL
0x00007ffc009b0000 - 0x00007ffc009b8000 	C:\WINDOWS\System32\NSI.dll
0x00007ffbedf70000 - 0x00007ffbedf86000 	C:\WINDOWS\SYSTEM32\dhcpcsvc6.DLL
0x00007ffbf1420000 - 0x00007ffbf143c000 	C:\WINDOWS\SYSTEM32\dhcpcsvc.DLL
0x00007ffbfeae0000 - 0x00007ffbfebab000 	C:\WINDOWS\SYSTEM32\DNSAPI.dll

VM Arguments:
jvm_args: -Xmx1536m -Dfile.encoding=windows-1255 -Duser.country=IL -Duser.language=iw -Duser.variant 
java_command: org.gradle.launcher.daemon.bootstrap.GradleDaemon 5.4.1
java_class_path (initial): C:\Users\stavc\.gradle\wrapper\dists\gradle-5.4.1-all\3221gyojl5jsh0helicew7rwx\gradle-5.4.1\lib\gradle-launcher-5.4.1.jar
Launcher Type: SUN_STANDARD

Environment Variables:
PATH=C:\Windows\system32;C:\Windows;C:\Windows\System32\Wbem;C:\Windows\System32\WindowsPowerShell\v1.0\;C:\Windows\System32\OpenSSH\;C:\Program Files (x86)\NVIDIA Corporation\PhysX\Common;C:\Program Files\Intel\WiFi\bin\;C:\Program Files\Common Files\Intel\WirelessCommon\;%SystemRoot%\system32;%SystemRoot%;%SystemRoot%\System32\Wbem;%SYSTEMROOT%\System32\WindowsPowerShell\v1.0\;%SYSTEMROOT%\System32\OpenSSH\;C:\Users\stavc\AppData\Local\Microsoft\WindowsApps;
USERNAME=stavc
OS=Windows_NT
PROCESSOR_IDENTIFIER=Intel64 Family 6 Model 142 Stepping 11, GenuineIntel



---------------  S Y S T E M  ---------------

OS: Windows 10.0 , 64 bit Build 18362 (10.0.18362.1110)

CPU:total 8 (initial active 8) (4 cores per cpu, 2 threads per core) family 6 model 142 stepping 11, cmov, cx8, fxsr, mmx, sse, sse2, sse3, ssse3, sse4.1, sse4.2, popcnt, avx, avx2, aes, clmul, erms, 3dnowpref, lzcnt, ht, tsc, tscinvbit, bmi1, bmi2, adx

Memory: 4k page, physical 16625020k(3374236k free), swap 32116388k(5116k free)

vm_info: OpenJDK 64-Bit Server VM (25.212-b04) for windows-amd64 JRE (1.8.0_212-release-1586-b04), built by "builder" with MS VC++ 10.0 (VS2010)

time: Mon Dec 07 19:14:28 2020
timezone: שעון רגיל ירושלים
elapsed time: 29 seconds (0d 0h 0m 29s)

