#
# There is insufficient memory for the Java Runtime Environment to continue.
# Native memory allocation (malloc) failed to allocate 1123616 bytes for Chunk::new
# Possible reasons:
#   The system is out of physical RAM or swap space
#   The process is running with CompressedOops enabled, and the Java Heap may be blocking the growth of the native heap
# Possible solutions:
#   Reduce memory load on the system
#   Increase physical memory or swap space
#   Check if swap backing store is full
#   Decrease Java heap size (-Xmx/-Xms)
#   Decrease number of Java threads
#   Decrease Java thread stack sizes (-Xss)
#   Set larger code cache with -XX:ReservedCodeCacheSize=
#   JVM is running with Unscaled Compressed Oops mode in which the Java heap is
#     placed in the first 4GB address space. The Java Heap base address is the
#     maximum limit for the native heap growth. Please use -XX:HeapBaseMinAddress
#     to set the Java Heap base and to place the Java Heap above 4GB virtual address.
# This output file may be truncated or incomplete.
#
#  Out of Memory Error (allocation.cpp:389), pid=28952, tid=0x0000000000006510
#
# JRE version: OpenJDK Runtime Environment (8.0_212-b04) (build 1.8.0_212-release-1586-b04)
# Java VM: OpenJDK 64-Bit Server VM (25.212-b04 mixed mode windows-amd64 compressed oops)
# Failed to write core dump. Minidumps are not enabled by default on client versions of Windows
#

---------------  T H R E A D  ---------------

Current thread (0x0000000018b47000):  JavaThread "C2 CompilerThread0" daemon [_thread_in_native, id=25872, stack(0x0000000019410000,0x0000000019510000)]

Stack: [0x0000000019410000,0x0000000019510000]
[error occurred during error reporting (printing stack bounds), id 0xc0000005]

Native frames: (J=compiled Java code, j=interpreted, Vv=VM code, C=native code)


Current CompileTask:
C2:  64594 14754       4       com.android.tools.r8.ir.optimize.f::a (383 bytes)


---------------  P R O C E S S  ---------------

Java Threads: ( => current thread )
  0x000000002525d000 JavaThread "pool-5-thread-1" [_thread_in_native, id=12912, stack(0x0000000000fd0000,0x00000000010d0000)]
  0x000000002525f000 JavaThread "WorkerExecutor Queue Thread 8" [_thread_blocked, id=11340, stack(0x00000000283e0000,0x00000000284e0000)]
  0x000000002525b800 JavaThread "WorkerExecutor Queue Thread 7" [_thread_blocked, id=12472, stack(0x000000002ef40000,0x000000002f040000)]
  0x0000000025262000 JavaThread "WorkerExecutor Queue Thread 6" [_thread_blocked, id=29108, stack(0x000000002ba50000,0x000000002bb50000)]
  0x000000002525e800 JavaThread "WorkerExecutor Queue Thread 5" [_thread_blocked, id=27132, stack(0x0000000028740000,0x0000000028840000)]
  0x0000000025260800 JavaThread "WorkerExecutor Queue Thread 4" [_thread_blocked, id=31692, stack(0x0000000028640000,0x0000000028740000)]
  0x000000001c8c1800 JavaThread "WorkerExecutor Queue Thread 3" [_thread_blocked, id=31072, stack(0x0000000028540000,0x0000000028640000)]
  0x000000001c8c0000 JavaThread "stdout" [_thread_in_native, id=7864, stack(0x00000000282e0000,0x00000000283e0000)]
  0x000000001c8bf800 JavaThread "stderr" [_thread_in_native, id=30164, stack(0x00000000281e0000,0x00000000282e0000)]
  0x000000001c8c4000 JavaThread "pool-4-thread-1" [_thread_blocked, id=20548, stack(0x00000000273e0000,0x00000000274e0000)]
  0x000000001c8b8000 JavaThread "WorkerExecutor Queue Thread 2" [_thread_blocked, id=28916, stack(0x00000000275f0000,0x00000000276f0000)]
  0x000000001c8be800 JavaThread "WorkerExecutor Queue" [_thread_blocked, id=30196, stack(0x00000000274f0000,0x00000000275f0000)]
  0x000000001c8b7000 JavaThread "Cache worker for execution history cache (C:\Users\stavc\Desktop\AndroBusiness\.gradle\5.4.1\executionHistory)" [_thread_blocked, id=13676, stack(0x00000000272e0000,0x00000000273e0000)]
  0x000000001c8bd000 JavaThread "Execution worker for ':' Thread 7" [_thread_blocked, id=25940, stack(0x00000000271e0000,0x00000000272e0000)]
  0x000000001c8b5800 JavaThread "Execution worker for ':' Thread 6" [_thread_blocked, id=29328, stack(0x00000000270e0000,0x00000000271e0000)]
  0x000000001c8b8800 JavaThread "Execution worker for ':' Thread 5" [_thread_blocked, id=31284, stack(0x0000000026fe0000,0x00000000270e0000)]
  0x000000001c8b5000 JavaThread "Execution worker for ':' Thread 4" [_thread_blocked, id=23932, stack(0x0000000026ae0000,0x0000000026be0000)]
  0x000000001c8bb800 JavaThread "Execution worker for ':' Thread 3" [_thread_blocked, id=28940, stack(0x00000000269e0000,0x0000000026ae0000)]
  0x000000001c8bb000 JavaThread "Execution worker for ':' Thread 2" [_thread_blocked, id=31416, stack(0x00000000268e0000,0x00000000269e0000)]
  0x000000001cda3000 JavaThread "Execution worker for ':'" [_thread_blocked, id=26828, stack(0x00000000267e0000,0x00000000268e0000)]
  0x000000001cda2800 JavaThread "Cache worker for file content cache (C:\Users\stavc\Desktop\AndroBusiness\.gradle\5.4.1\fileContent)" [_thread_blocked, id=28744, stack(0x00000000266e0000,0x00000000267e0000)]
  0x000000001cda4800 JavaThread "Cache worker for Build Output Cleanup Cache (C:\Users\stavc\Desktop\AndroBusiness\.gradle\buildOutputCleanup)" [_thread_blocked, id=27912, stack(0x00000000265e0000,0x00000000266e0000)]
  0x000000001cda4000 JavaThread "pool-3-thread-1" [_thread_blocked, id=12412, stack(0x00000000261f0000,0x00000000262f0000)]
  0x000000001cda1800 JavaThread "Build operations Thread 8" [_thread_blocked, id=15660, stack(0x0000000025e40000,0x0000000025f40000)]
  0x000000001cd9a000 JavaThread "Build operations Thread 7" [_thread_blocked, id=30508, stack(0x0000000024b70000,0x0000000024c70000)]
  0x000000001cda1000 JavaThread "Build operations Thread 6" [_thread_blocked, id=21004, stack(0x00000000237c0000,0x00000000238c0000)]
  0x000000001cd9e800 JavaThread "Build operations Thread 5" [_thread_blocked, id=11100, stack(0x00000000236c0000,0x00000000237c0000)]
  0x000000001cd9d800 JavaThread "Build operations Thread 4" [_thread_blocked, id=30532, stack(0x00000000235c0000,0x00000000236c0000)]
  0x000000001cd9c000 JavaThread "Build operations Thread 3" [_thread_blocked, id=22144, stack(0x00000000234c0000,0x00000000235c0000)]
  0x000000001cd9d000 JavaThread "Build operations Thread 2" [_thread_blocked, id=18080, stack(0x00000000233c0000,0x00000000234c0000)]
  0x000000001cda0000 JavaThread "Build operations" [_thread_blocked, id=16576, stack(0x00000000232c0000,0x00000000233c0000)]
  0x000000001cd9f000 JavaThread "Cache worker for cache directory md-rule (C:\Users\stavc\.gradle\caches\5.4.1\md-rule)" [_thread_blocked, id=6400, stack(0x0000000022fb0000,0x00000000230b0000)]
  0x000000001cd95800 JavaThread "Cache worker for cache directory md-supplier (C:\Users\stavc\.gradle\caches\5.4.1\md-supplier)" [_thread_blocked, id=18796, stack(0x0000000022eb0000,0x0000000022fb0000)]
  0x000000001cd96000 JavaThread "Cache worker for file hash cache (C:\Users\stavc\Desktop\AndroBusiness\.gradle\5.4.1\fileHashes)" [_thread_blocked, id=11652, stack(0x0000000022db0000,0x0000000022eb0000)]
  0x000000001cd9b800 JavaThread "Thread-47" [_thread_blocked, id=1168, stack(0x0000000022cb0000,0x0000000022db0000)]
  0x000000001cd97000 JavaThread "Stdin handler" [_thread_blocked, id=8428, stack(0x0000000020420000,0x0000000020520000)]
  0x000000001cd9a800 JavaThread "Asynchronous log dispatcher for DefaultDaemonConnection: socket connection from /127.0.0.1:50689 to /127.0.0.1:50713" [_thread_blocked, id=28900, stack(0x0000000020320000,0x0000000020420000)]
  0x000000001cd99000 JavaThread "Cancel handler" [_thread_blocked, id=22464, stack(0x000000001da30000,0x000000001db30000)]
  0x000000001cd98800 JavaThread "Handler for socket connection from /127.0.0.1:50689 to /127.0.0.1:50713" [_thread_in_native, id=20000, stack(0x000000001c160000,0x000000001c260000)]
  0x000000001c8bc800 JavaThread "Cache worker for file content cache (C:\Users\stavc\.gradle\caches\5.4.1\fileContent)" [_thread_blocked, id=31008, stack(0x0000000024a70000,0x0000000024b70000)]
  0x000000001c8c3000 JavaThread "Memory manager" [_thread_blocked, id=24432, stack(0x0000000024970000,0x0000000024a70000)]
  0x000000001c8b9800 JavaThread "Cache worker for execution history cache (C:\Users\stavc\.gradle\caches\5.4.1\executionHistory)" [_thread_blocked, id=15240, stack(0x0000000021520000,0x0000000021620000)]
  0x000000001b111800 JavaThread "Cache worker for journal cache (C:\Users\stavc\.gradle\caches\journal-1)" [_thread_blocked, id=6984, stack(0x000000001d730000,0x000000001d830000)]
  0x000000001b112000 JavaThread "File lock request listener" [_thread_in_native, id=5048, stack(0x000000001d630000,0x000000001d730000)]
  0x000000001b098000 JavaThread "Cache worker for file hash cache (C:\Users\stavc\.gradle\caches\5.4.1\fileHashes)" [_thread_blocked, id=30240, stack(0x000000001d530000,0x000000001d630000)]
  0x000000001af75000 JavaThread "Daemon worker" [_thread_blocked, id=30464, stack(0x000000001c060000,0x000000001c160000)]
  0x000000001add6800 JavaThread "Daemon" [_thread_blocked, id=1600, stack(0x000000001bb60000,0x000000001bc60000)]
  0x000000001af16800 JavaThread "Daemon periodic checks" [_thread_blocked, id=14624, stack(0x000000001ba60000,0x000000001bb60000)]
  0x000000001af14800 JavaThread "Incoming local TCP Connector on port 50689" [_thread_in_native, id=19356, stack(0x000000001b820000,0x000000001b920000)]
  0x000000001a977000 JavaThread "Daemon health stats" [_thread_blocked, id=8292, stack(0x000000001b1e0000,0x000000001b2e0000)]
  0x0000000018c1e800 JavaThread "Service Thread" daemon [_thread_blocked, id=22344, stack(0x0000000019810000,0x0000000019910000)]
  0x0000000016d5c000 JavaThread "C1 CompilerThread3" daemon [_thread_blocked, id=5608, stack(0x0000000019710000,0x0000000019810000)]
  0x0000000016d58000 JavaThread "C2 CompilerThread2" daemon [_thread_in_native, id=8920, stack(0x0000000019610000,0x0000000019710000)]
  0x0000000018b4a800 JavaThread "C2 CompilerThread1" daemon [_thread_in_native, id=1572, stack(0x0000000019510000,0x0000000019610000)]
=>0x0000000018b47000 JavaThread "C2 CompilerThread0" daemon [_thread_in_native, id=25872, stack(0x0000000019410000,0x0000000019510000)]
  0x0000000018b46000 JavaThread "Attach Listener" daemon [_thread_blocked, id=3520, stack(0x0000000019310000,0x0000000019410000)]
  0x0000000018b36800 JavaThread "Signal Dispatcher" daemon [_thread_blocked, id=21668, stack(0x0000000019210000,0x0000000019310000)]
  0x0000000002ead800 JavaThread "Finalizer" daemon [_thread_blocked, id=12924, stack(0x0000000019010000,0x0000000019110000)]
  0x0000000016d4c800 JavaThread "Reference Handler" daemon [_thread_blocked, id=2844, stack(0x0000000018f10000,0x0000000019010000)]
  0x0000000002f8d800 JavaThread "main" [_thread_blocked, id=3008, stack(0x0000000002c30000,0x0000000002d30000)]

Other Threads:
  0x0000000016d48000 VMThread [stack: 0x0000000018a10000,0x0000000018b10000] [id=23296]
  0x0000000018bbc000 WatcherThread [stack: 0x0000000019910000,0x0000000019a10000] [id=20200]

VM state:not at safepoint (normal execution)

VM Mutex/Monitor currently owned by a thread: None

heap address: 0x00000000a0000000, size: 1536 MB, Compressed Oops mode: 32-bit
Narrow klass base: 0x0000000000000000, Narrow klass shift: 3
Compressed class space size: 1073741824 Address: 0x0000000100000000

Heap:
 PSYoungGen      total 479232K, used 277792K [0x00000000e0000000, 0x0000000100000000, 0x0000000100000000)
  eden space 434176K, 53% used [0x00000000e0000000,0x00000000ee34e0a0,0x00000000fa800000)
  from space 45056K, 99% used [0x00000000fa800000,0x00000000fd3fa110,0x00000000fd400000)
  to   space 45056K, 0% used [0x00000000fd400000,0x00000000fd400000,0x0000000100000000)
 ParOldGen       total 236544K, used 176071K [0x00000000a0000000, 0x00000000ae700000, 0x00000000e0000000)
  object space 236544K, 74% used [0x00000000a0000000,0x00000000aabf1cb0,0x00000000ae700000)
 Metaspace       used 79462K, capacity 83450K, committed 83544K, reserved 1122304K
  class space    used 10379K, capacity 11131K, committed 11136K, reserved 1048576K

Card table byte_map: [0x0000000012350000,0x0000000012660000] byte_map_base: 0x0000000011e50000

Marking Bits: (ParMarkBitMap*) 0x0000000077f79f30
 Begin Bits: [0x0000000013060000, 0x0000000014860000)
 End Bits:   [0x0000000014860000, 0x0000000016060000)

Polling page: 0x0000000002d30000

CodeCache: size=245760Kb used=45492Kb max_used=46244Kb free=200267Kb
 bounds [0x0000000002f90000, 0x0000000005cf0000, 0x0000000011f90000]
 total_blobs=14018 nmethods=13178 adapters=748
 compilation: enabled

Compilation events (10 events):
Event: 64.290 Thread 0x0000000018b4a800 nmethod 15790 0x0000000004d5a8d0 code [0x0000000004d5aa20, 0x0000000004d5ac78]
Event: 64.290 Thread 0x0000000018b4a800 14749       4       com.android.tools.r8.ir.optimize.n::a (505 bytes)
Event: 64.324 Thread 0x0000000018b47000 nmethod 15474% 0x00000000056b8350 code [0x00000000056b92c0, 0x00000000056c2610]
Event: 64.325 Thread 0x0000000018b47000 14754       4       com.android.tools.r8.ir.optimize.f::a (383 bytes)
Event: 64.337 Thread 0x0000000016d5c000 15809       2       com.google.common.io.ByteStreams::copy (51 bytes)
Event: 64.337 Thread 0x0000000016d5c000 nmethod 15809 0x00000000056b7b10 code [0x00000000056b7cc0, 0x00000000056b80d8]
Event: 64.447 Thread 0x0000000018b4a800 nmethod 14749 0x000000000589ddd0 code [0x000000000589e1e0, 0x00000000058a0c68]
Event: 64.447 Thread 0x0000000018b4a800 15810  s    4       java.io.ByteArrayInputStream::read (101 bytes)
Event: 64.451 Thread 0x0000000018b4a800 nmethod 15810 0x00000000056b7290 code [0x00000000056b73e0, 0x00000000056b7918]
Event: 64.451 Thread 0x0000000018b4a800 14519 %     4       com.android.tools.r8.ir.conversion.IRBuilder::a @ 153 (2002 bytes)

GC Heap History (10 events):
Event: 55.867 GC heap before
{Heap before GC invocations=18 (full 3):
 PSYoungGen      total 393728K, used 382875K [0x00000000e0000000, 0x00000000fb780000, 0x0000000100000000)
  eden space 358400K, 100% used [0x00000000e0000000,0x00000000f5e00000,0x00000000f5e00000)
  from space 35328K, 69% used [0x00000000f8180000,0x00000000f9966d38,0x00000000fa400000)
  to   space 36352K, 0% used [0x00000000f5e00000,0x00000000f5e00000,0x00000000f8180000)
 ParOldGen       total 236544K, used 73446K [0x00000000a0000000, 0x00000000ae700000, 0x00000000e0000000)
  object space 236544K, 31% used [0x00000000a0000000,0x00000000a47b9860,0x00000000ae700000)
 Metaspace       used 77808K, capacity 81566K, committed 81880K, reserved 1120256K
  class space    used 10173K, capacity 10891K, committed 11008K, reserved 1048576K
Event: 55.884 GC heap after
Heap after GC invocations=18 (full 3):
 PSYoungGen      total 394752K, used 23722K [0x00000000e0000000, 0x00000000fee80000, 0x0000000100000000)
  eden space 358400K, 0% used [0x00000000e0000000,0x00000000e0000000,0x00000000f5e00000)
  from space 36352K, 65% used [0x00000000f5e00000,0x00000000f752a910,0x00000000f8180000)
  to   space 36864K, 0% used [0x00000000fca80000,0x00000000fca80000,0x00000000fee80000)
 ParOldGen       total 236544K, used 73454K [0x00000000a0000000, 0x00000000ae700000, 0x00000000e0000000)
  object space 236544K, 31% used [0x00000000a0000000,0x00000000a47bb860,0x00000000ae700000)
 Metaspace       used 77808K, capacity 81566K, committed 81880K, reserved 1120256K
  class space    used 10173K, capacity 10891K, committed 11008K, reserved 1048576K
}
Event: 57.269 GC heap before
{Heap before GC invocations=19 (full 3):
 PSYoungGen      total 394752K, used 382122K [0x00000000e0000000, 0x00000000fee80000, 0x0000000100000000)
  eden space 358400K, 100% used [0x00000000e0000000,0x00000000f5e00000,0x00000000f5e00000)
  from space 36352K, 65% used [0x00000000f5e00000,0x00000000f752a910,0x00000000f8180000)
  to   space 36864K, 0% used [0x00000000fca80000,0x00000000fca80000,0x00000000fee80000)
 ParOldGen       total 236544K, used 73454K [0x00000000a0000000, 0x00000000ae700000, 0x00000000e0000000)
  object space 236544K, 31% used [0x00000000a0000000,0x00000000a47bb860,0x00000000ae700000)
 Metaspace       used 77861K, capacity 81636K, committed 81880K, reserved 1120256K
  class space    used 10174K, capacity 10892K, committed 11008K, reserved 1048576K
Event: 57.284 GC heap after
Heap after GC invocations=19 (full 3):
 PSYoungGen      total 464384K, used 27310K [0x00000000e0000000, 0x00000000fed00000, 0x0000000100000000)
  eden space 429056K, 0% used [0x00000000e0000000,0x00000000e0000000,0x00000000fa300000)
  from space 35328K, 77% used [0x00000000fca80000,0x00000000fe52ba40,0x00000000fed00000)
  to   space 37888K, 0% used [0x00000000fa300000,0x00000000fa300000,0x00000000fc800000)
 ParOldGen       total 236544K, used 73462K [0x00000000a0000000, 0x00000000ae700000, 0x00000000e0000000)
  object space 236544K, 31% used [0x00000000a0000000,0x00000000a47bd860,0x00000000ae700000)
 Metaspace       used 77861K, capacity 81636K, committed 81880K, reserved 1120256K
  class space    used 10174K, capacity 10892K, committed 11008K, reserved 1048576K
}
Event: 58.951 GC heap before
{Heap before GC invocations=20 (full 3):
 PSYoungGen      total 464384K, used 456366K [0x00000000e0000000, 0x00000000fed00000, 0x0000000100000000)
  eden space 429056K, 100% used [0x00000000e0000000,0x00000000fa300000,0x00000000fa300000)
  from space 35328K, 77% used [0x00000000fca80000,0x00000000fe52ba40,0x00000000fed00000)
  to   space 37888K, 0% used [0x00000000fa300000,0x00000000fa300000,0x00000000fc800000)
 ParOldGen       total 236544K, used 73462K [0x00000000a0000000, 0x00000000ae700000, 0x00000000e0000000)
  object space 236544K, 31% used [0x00000000a0000000,0x00000000a47bd860,0x00000000ae700000)
 Metaspace       used 77899K, capacity 81670K, committed 81880K, reserved 1120256K
  class space    used 10177K, capacity 10897K, committed 11008K, reserved 1048576K
Event: 58.973 GC heap after
Heap after GC invocations=20 (full 3):
 PSYoungGen      total 466944K, used 31514K [0x00000000e0000000, 0x0000000100000000, 0x0000000100000000)
  eden space 429056K, 0% used [0x00000000e0000000,0x00000000e0000000,0x00000000fa300000)
  from space 37888K, 83% used [0x00000000fa300000,0x00000000fc1c6820,0x00000000fc800000)
  to   space 40448K, 0% used [0x00000000fd880000,0x00000000fd880000,0x0000000100000000)
 ParOldGen       total 236544K, used 73470K [0x00000000a0000000, 0x00000000ae700000, 0x00000000e0000000)
  object space 236544K, 31% used [0x00000000a0000000,0x00000000a47bf860,0x00000000ae700000)
 Metaspace       used 77899K, capacity 81670K, committed 81880K, reserved 1120256K
  class space    used 10177K, capacity 10897K, committed 11008K, reserved 1048576K
}
Event: 60.523 GC heap before
{Heap before GC invocations=21 (full 3):
 PSYoungGen      total 466944K, used 460570K [0x00000000e0000000, 0x0000000100000000, 0x0000000100000000)
  eden space 429056K, 100% used [0x00000000e0000000,0x00000000fa300000,0x00000000fa300000)
  from space 37888K, 83% used [0x00000000fa300000,0x00000000fc1c6820,0x00000000fc800000)
  to   space 40448K, 0% used [0x00000000fd880000,0x00000000fd880000,0x0000000100000000)
 ParOldGen       total 236544K, used 73470K [0x00000000a0000000, 0x00000000ae700000, 0x00000000e0000000)
  object space 236544K, 31% used [0x00000000a0000000,0x00000000a47bf860,0x00000000ae700000)
 Metaspace       used 77999K, capacity 81746K, committed 81880K, reserved 1120256K
  class space    used 10191K, capacity 10899K, committed 11008K, reserved 1048576K
Event: 60.545 GC heap after
Heap after GC invocations=21 (full 3):
 PSYoungGen      total 474624K, used 37623K [0x00000000e0000000, 0x0000000100000000, 0x0000000100000000)
  eden space 434176K, 0% used [0x00000000e0000000,0x00000000e0000000,0x00000000fa800000)
  from space 40448K, 93% used [0x00000000fd880000,0x00000000ffd3dc80,0x0000000100000000)
  to   space 45056K, 0% used [0x00000000fa800000,0x00000000fa800000,0x00000000fd400000)
 ParOldGen       total 236544K, used 73478K [0x00000000a0000000, 0x00000000ae700000, 0x00000000e0000000)
  object space 236544K, 31% used [0x00000000a0000000,0x00000000a47c1860,0x00000000ae700000)
 Metaspace       used 77999K, capacity 81746K, committed 81880K, reserved 1120256K
  class space    used 10191K, capacity 10899K, committed 11008K, reserved 1048576K
}
Event: 62.776 GC heap before
{Heap before GC invocations=22 (full 3):
 PSYoungGen      total 474624K, used 471413K [0x00000000e0000000, 0x0000000100000000, 0x0000000100000000)
  eden space 434176K, 99% used [0x00000000e0000000,0x00000000fa79f790,0x00000000fa800000)
  from space 40448K, 93% used [0x00000000fd880000,0x00000000ffd3dc80,0x0000000100000000)
  to   space 45056K, 0% used [0x00000000fa800000,0x00000000fa800000,0x00000000fd400000)
 ParOldGen       total 236544K, used 73478K [0x00000000a0000000, 0x00000000ae700000, 0x00000000e0000000)
  object space 236544K, 31% used [0x00000000a0000000,0x00000000a47c1860,0x00000000ae700000)
 Metaspace       used 78195K, capacity 81968K, committed 82136K, reserved 1120256K
  class space    used 10197K, capacity 10902K, committed 11008K, reserved 1048576K
Event: 62.898 GC heap after
Heap after GC invocations=22 (full 3):
 PSYoungGen      total 479232K, used 45032K [0x00000000e0000000, 0x0000000100000000, 0x0000000100000000)
  eden space 434176K, 0% used [0x00000000e0000000,0x00000000e0000000,0x00000000fa800000)
  from space 45056K, 99% used [0x00000000fa800000,0x00000000fd3fa110,0x00000000fd400000)
  to   space 45056K, 0% used [0x00000000fd400000,0x00000000fd400000,0x0000000100000000)
 ParOldGen       total 236544K, used 176071K [0x00000000a0000000, 0x00000000ae700000, 0x00000000e0000000)
  object space 236544K, 74% used [0x00000000a0000000,0x00000000aabf1cb0,0x00000000ae700000)
 Metaspace       used 78195K, capacity 81968K, committed 82136K, reserved 1120256K
  class space    used 10197K, capacity 10902K, committed 11008K, reserved 1048576K
}

Deoptimization events (10 events):
Event: 64.083 Thread 0x000000002525f000 Uncommon trap: reason=bimorphic action=maybe_recompile pc=0x00000000048ab9c8 method=java.nio.charset.CharsetDecoder.reset()Ljava/nio/charset/CharsetDecoder; @ 1
Event: 64.084 Thread 0x000000002525f000 Uncommon trap: reason=bimorphic action=maybe_recompile pc=0x00000000048ab9c8 method=java.nio.charset.CharsetDecoder.reset()Ljava/nio/charset/CharsetDecoder; @ 1
Event: 64.094 Thread 0x000000002525f000 Uncommon trap: reason=class_check action=maybe_recompile pc=0x00000000047631ec method=com.google.common.collect.ImmutableMap.copyOf(Ljava/util/Map;)Lcom/google/common/collect/ImmutableMap; @ 49
Event: 64.094 Thread 0x000000002525f000 Uncommon trap: reason=class_check action=maybe_recompile pc=0x000000000476cf88 method=com.google.common.collect.Iterables.castOrCopyToCollection(Ljava/lang/Iterable;)Ljava/util/Collection; @ 1
Event: 64.124 Thread 0x000000002525f000 Uncommon trap: reason=class_check action=maybe_recompile pc=0x0000000005cdbb04 method=java.util.stream.Sink$ChainedReference.<init>(Ljava/util/stream/Sink;)V @ 9
Event: 64.124 Thread 0x000000002525f000 Uncommon trap: reason=class_check action=maybe_recompile pc=0x0000000005cdbb04 method=java.util.stream.Sink$ChainedReference.<init>(Ljava/util/stream/Sink;)V @ 9
Event: 64.144 Thread 0x000000002525f000 Uncommon trap: reason=class_check action=maybe_recompile pc=0x00000000047631ec method=com.google.common.collect.ImmutableMap.copyOf(Ljava/util/Map;)Lcom/google/common/collect/ImmutableMap; @ 49
Event: 64.144 Thread 0x000000002525f000 Uncommon trap: reason=class_check action=maybe_recompile pc=0x000000000476cf88 method=com.google.common.collect.Iterables.castOrCopyToCollection(Ljava/lang/Iterable;)Ljava/util/Collection; @ 1
Event: 64.145 Thread 0x000000002525f000 Uncommon trap: reason=unstable_if action=reinterpret pc=0x0000000004de6b2c method=java.util.TreeSet.add(Ljava/lang/Object;)Z @ 13
Event: 64.245 Thread 0x000000002525f000 Uncommon trap: reason=class_check action=maybe_recompile pc=0x0000000005cdbb04 method=java.util.stream.Sink$ChainedReference.<init>(Ljava/util/stream/Sink;)V @ 9

Classes redefined (0 events):
No events

Internal exceptions (10 events):
Event: 60.887 Thread 0x000000001c8be800 Exception <a 'sun/nio/fs/WindowsException'> (0x00000000e3fc9e60) thrown at [D:\src\AOSP-openjdk-cygwin\jdk8u\hotspot\src\share\vm\prims\jni.cpp, line 710]
Event: 62.947 Thread 0x000000002525c000 Exception <a 'sun/nio/fs/WindowsException'> (0x00000000e04ee018) thrown at [D:\src\AOSP-openjdk-cygwin\jdk8u\hotspot\src\share\vm\prims\jni.cpp, line 710]
Event: 63.807 Thread 0x000000002525d000 Exception <a 'sun/nio/fs/WindowsException'> (0x00000000e91d7658) thrown at [D:\src\AOSP-openjdk-cygwin\jdk8u\hotspot\src\share\vm\prims\jni.cpp, line 710]
Event: 63.865 Thread 0x000000001c8b5000 Implicit null exception at 0x000000000482f26b to 0x0000000004831355
Event: 63.891 Thread 0x000000001c8b5000 Exception <a 'java/lang/NoSuchMethodError': <clinit>> (0x00000000e94f4700) thrown at [D:\src\AOSP-openjdk-cygwin\jdk8u\hotspot\src\share\vm\prims\jni.cpp, line 1614]
Event: 63.891 Thread 0x000000001c8b5000 Exception <a 'java/lang/NoSuchMethodError': <clinit>> (0x00000000e94f8310) thrown at [D:\src\AOSP-openjdk-cygwin\jdk8u\hotspot\src\share\vm\prims\jni.cpp, line 1614]
Event: 63.893 Thread 0x000000001c8b5000 Exception <a 'java/lang/NoSuchMethodError': <clinit>> (0x00000000e95121a0) thrown at [D:\src\AOSP-openjdk-cygwin\jdk8u\hotspot\src\share\vm\prims\jni.cpp, line 1614]
Event: 63.913 Thread 0x000000002525f000 Exception <a 'java/lang/NoSuchMethodError': java.lang.Object.lambda$asRunnable$0(Lcom/android/tools/build/apkzlib/utils/IOExceptionRunnable;)V> (0x00000000e9ee89b8) thrown at [D:\src\AOSP-openjdk-cygwin\jdk8u\hotspot\src\share\vm\interpreter\linkResolver.
Event: 63.954 Thread 0x000000002525f000 Exception <a 'java/lang/NoSuchMethodError': java.lang.Object.newSystemTemporaryDirectory()Lcom/android/tools/build/apkzlib/bytestorage/TemporaryDirectory;> (0x00000000ea0b0738) thrown at [D:\src\AOSP-openjdk-cygwin\jdk8u\hotspot\src\share\vm\interpreter\l
Event: 64.000 Thread 0x000000002525f000 Exception <a 'java/lang/NoSuchMethodError': java.lang.Object.lambda$static$0(Lcom/android/apksig/util/RunnablesProvider;)V> (0x00000000ea332fb0) thrown at [D:\src\AOSP-openjdk-cygwin\jdk8u\hotspot\src\share\vm\interpreter\linkResolver.cpp, line 620]

Events (10 events):
Event: 64.245 loading class com/android/builder/files/RelativeFile done
Event: 64.245 loading class com/android/builder/internal/packaging/IncrementalPackager
Event: 64.245 loading class com/android/builder/internal/packaging/IncrementalPackager done
Event: 64.245 Thread 0x000000002525f000 Uncommon trap: trap_request=0xffffffde fr.pc=0x0000000005cdbb04
Event: 64.245 Thread 0x000000002525f000 DEOPT PACKING pc=0x0000000005cdbb04 sp=0x00000000284de730
Event: 64.245 Thread 0x000000002525f000 DEOPT UNPACKING pc=0x0000000002fd557b sp=0x00000000284de5f8 mode 2
Event: 64.245 loading class com/google/common/collect/HashBiMap$1
Event: 64.245 loading class com/google/common/collect/HashBiMap$1 done
Event: 64.248 loading class com/google/common/collect/HashBiMap$1$MapEntry
Event: 64.248 loading class com/google/common/collect/HashBiMap$1$MapEntry done


Dynamic libraries:
0x00007ff749da0000 - 0x00007ff749dd1000 	C:\Program Files\Android\Android Studio\jre\bin\java.exe
0x00007ffc02680000 - 0x00007ffc02870000 	C:\WINDOWS\SYSTEM32\ntdll.dll
0x00007ffc00e40000 - 0x00007ffc00ef2000 	C:\WINDOWS\System32\KERNEL32.DLL
0x00007ffbff7d0000 - 0x00007ffbffa75000 	C:\WINDOWS\System32\KERNELBASE.dll
0x00007ffc02370000 - 0x00007ffc02413000 	C:\WINDOWS\System32\ADVAPI32.dll
0x00007ffc00cf0000 - 0x00007ffc00d8e000 	C:\WINDOWS\System32\msvcrt.dll
0x00007ffc00fb0000 - 0x00007ffc01047000 	C:\WINDOWS\System32\sechost.dll
0x00007ffc02420000 - 0x00007ffc02540000 	C:\WINDOWS\System32\RPCRT4.dll
0x00007ffc00b50000 - 0x00007ffc00ce4000 	C:\WINDOWS\System32\USER32.dll
0x00007ffc00590000 - 0x00007ffc005b1000 	C:\WINDOWS\System32\win32u.dll
0x00007ffc009c0000 - 0x00007ffc009e6000 	C:\WINDOWS\System32\GDI32.dll
0x00007ffbffa80000 - 0x00007ffbffc16000 	C:\WINDOWS\System32\gdi32full.dll
0x00007ffc004f0000 - 0x00007ffc0058e000 	C:\WINDOWS\System32\msvcp_win.dll
0x00007ffbffc20000 - 0x00007ffbffd1a000 	C:\WINDOWS\System32\ucrtbase.dll
0x00007ffbe7a90000 - 0x00007ffbe7d14000 	C:\WINDOWS\WinSxS\amd64_microsoft.windows.common-controls_6595b64144ccf1df_6.0.18362.1139_none_9e7bf2d3e4605ac6\COMCTL32.dll
0x00007ffc01540000 - 0x00007ffc01875000 	C:\WINDOWS\System32\combase.dll
0x00007ffbff610000 - 0x00007ffbff690000 	C:\WINDOWS\System32\bcryptPrimitives.dll
0x00007ffc02540000 - 0x00007ffc0256e000 	C:\WINDOWS\System32\IMM32.DLL
0x00000000500a0000 - 0x0000000050172000 	C:\Program Files\Android\Android Studio\jre\jre\bin\msvcr100.dll
0x00000000777b0000 - 0x0000000077ff6000 	C:\Program Files\Android\Android Studio\jre\jre\bin\server\jvm.dll
0x00007ffc00790000 - 0x00007ffc00798000 	C:\WINDOWS\System32\PSAPI.DLL
0x00007ffbf9f70000 - 0x00007ffbf9f94000 	C:\WINDOWS\SYSTEM32\WINMM.dll
0x00007ffbf7560000 - 0x00007ffbf7569000 	C:\WINDOWS\SYSTEM32\WSOCK32.dll
0x00007ffbfe680000 - 0x00007ffbfe68a000 	C:\WINDOWS\SYSTEM32\VERSION.dll
0x00007ffc01f70000 - 0x00007ffc01fdf000 	C:\WINDOWS\System32\WS2_32.dll
0x00007ffbf9e10000 - 0x00007ffbf9e3d000 	C:\WINDOWS\SYSTEM32\winmmbase.dll
0x00007ffc004a0000 - 0x00007ffc004ea000 	C:\WINDOWS\System32\cfgmgr32.dll
0x00007ffbf73a0000 - 0x00007ffbf73af000 	C:\Program Files\Android\Android Studio\jre\jre\bin\verify.dll
0x00007ffbf49e0000 - 0x00007ffbf4a09000 	C:\Program Files\Android\Android Studio\jre\jre\bin\java.dll
0x00007ffbf49c0000 - 0x00007ffbf49d6000 	C:\Program Files\Android\Android Studio\jre\jre\bin\zip.dll
0x00007ffc01880000 - 0x00007ffc01f67000 	C:\WINDOWS\System32\SHELL32.dll
0x00007ffc02190000 - 0x00007ffc02239000 	C:\WINDOWS\System32\shcore.dll
0x00007ffbffd20000 - 0x00007ffc004a0000 	C:\WINDOWS\System32\windows.storage.dll
0x00007ffbff5e0000 - 0x00007ffbff603000 	C:\WINDOWS\System32\profapi.dll
0x00007ffbff570000 - 0x00007ffbff5ba000 	C:\WINDOWS\System32\powrprof.dll
0x00007ffbff540000 - 0x00007ffbff550000 	C:\WINDOWS\System32\UMPDC.dll
0x00007ffc00730000 - 0x00007ffc00782000 	C:\WINDOWS\System32\shlwapi.dll
0x00007ffbff550000 - 0x00007ffbff561000 	C:\WINDOWS\System32\kernel.appcore.dll
0x00007ffc005c0000 - 0x00007ffc005d7000 	C:\WINDOWS\System32\cryptsp.dll
0x00007ffbf2c40000 - 0x00007ffbf2c5a000 	C:\Program Files\Android\Android Studio\jre\jre\bin\net.dll
0x00007ffbeb8d0000 - 0x00007ffbebaa6000 	C:\WINDOWS\SYSTEM32\urlmon.dll
0x00007ffbec390000 - 0x00007ffbec637000 	C:\WINDOWS\SYSTEM32\iertutil.dll
0x00007ffbfef60000 - 0x00007ffbfef6c000 	C:\WINDOWS\SYSTEM32\CRYPTBASE.DLL
0x00007ffbfed90000 - 0x00007ffbfedf7000 	C:\WINDOWS\system32\mswsock.dll
0x00007ffbf2b30000 - 0x00007ffbf2b43000 	C:\Program Files\Android\Android Studio\jre\jre\bin\nio.dll
0x00007ffbea980000 - 0x00007ffbea9a6000 	C:\Users\stavc\.gradle\native\29\windows-amd64\native-platform.dll
0x00007ffbf68b0000 - 0x00007ffbf68bd000 	C:\Program Files\Android\Android Studio\jre\jre\bin\management.dll
0x00007ffbfe900000 - 0x00007ffbfe933000 	C:\WINDOWS\system32\rsaenh.dll
0x00007ffbff690000 - 0x00007ffbff6b6000 	C:\WINDOWS\System32\bcrypt.dll
0x00007ffbff460000 - 0x00007ffbff485000 	C:\WINDOWS\SYSTEM32\USERENV.dll
0x00007ffbfeaa0000 - 0x00007ffbfeada000 	C:\WINDOWS\SYSTEM32\IPHLPAPI.DLL
0x00007ffc009b0000 - 0x00007ffc009b8000 	C:\WINDOWS\System32\NSI.dll
0x00007ffbedf70000 - 0x00007ffbedf86000 	C:\WINDOWS\SYSTEM32\dhcpcsvc6.DLL
0x00007ffbf1420000 - 0x00007ffbf143c000 	C:\WINDOWS\SYSTEM32\dhcpcsvc.DLL
0x00007ffbfeae0000 - 0x00007ffbfebab000 	C:\WINDOWS\SYSTEM32\DNSAPI.dll

VM Arguments:
jvm_args: -Xmx1536m -Dfile.encoding=windows-1255 -Duser.country=IL -Duser.language=iw -Duser.variant 
java_command: org.gradle.launcher.daemon.bootstrap.GradleDaemon 5.4.1
java_class_path (initial): C:\Users\stavc\.gradle\wrapper\dists\gradle-5.4.1-all\3221gyojl5jsh0helicew7rwx\gradle-5.4.1\lib\gradle-launcher-5.4.1.jar
Launcher Type: SUN_STANDARD

Environment Variables:
PATH=C:\Windows\system32;C:\Windows;C:\Windows\System32\Wbem;C:\Windows\System32\WindowsPowerShell\v1.0\;C:\Windows\System32\OpenSSH\;C:\Program Files (x86)\NVIDIA Corporation\PhysX\Common;C:\Program Files\Intel\WiFi\bin\;C:\Program Files\Common Files\Intel\WirelessCommon\;%SystemRoot%\system32;%SystemRoot%;%SystemRoot%\System32\Wbem;%SYSTEMROOT%\System32\WindowsPowerShell\v1.0\;%SYSTEMROOT%\System32\OpenSSH\;C:\Users\stavc\AppData\Local\Microsoft\WindowsApps;
USERNAME=stavc
OS=Windows_NT
PROCESSOR_IDENTIFIER=Intel64 Family 6 Model 142 Stepping 11, GenuineIntel



---------------  S Y S T E M  ---------------

OS: Windows 10.0 , 64 bit Build 18362 (10.0.18362.1110)

CPU:total 8 (initial active 8) (4 cores per cpu, 2 threads per core) family 6 model 142 stepping 11, cmov, cx8, fxsr, mmx, sse, sse2, sse3, ssse3, sse4.1, sse4.2, popcnt, avx, avx2, aes, clmul, erms, 3dnowpref, lzcnt, ht, tsc, tscinvbit, bmi1, bmi2, adx

Memory: 4k page, physical 16625020k(3453872k free), swap 32116388k(984k free)

vm_info: OpenJDK 64-Bit Server VM (25.212-b04) for windows-amd64 JRE (1.8.0_212-release-1586-b04), built by "builder" with MS VC++ 10.0 (VS2010)

time: Mon Dec 07 19:26:34 2020
timezone: שעון רגיל ירושלים
elapsed time: 64 seconds (0d 0h 1m 4s)

