#
# There is insufficient memory for the Java Runtime Environment to continue.
# Native memory allocation (malloc) failed to allocate 2444976 bytes for Chunk::new
# Possible reasons:
#   The system is out of physical RAM or swap space
#   The process is running with CompressedOops enabled, and the Java Heap may be blocking the growth of the native heap
# Possible solutions:
#   Reduce memory load on the system
#   Increase physical memory or swap space
#   Check if swap backing store is full
#   Decrease Java heap size (-Xmx/-Xms)
#   Decrease number of Java threads
#   Decrease Java thread stack sizes (-Xss)
#   Set larger code cache with -XX:ReservedCodeCacheSize=
#   JVM is running with Unscaled Compressed Oops mode in which the Java heap is
#     placed in the first 4GB address space. The Java Heap base address is the
#     maximum limit for the native heap growth. Please use -XX:HeapBaseMinAddress
#     to set the Java Heap base and to place the Java Heap above 4GB virtual address.
# This output file may be truncated or incomplete.
#
#  Out of Memory Error (allocation.cpp:389), pid=20708, tid=0x0000000000005d5c
#
# JRE version: OpenJDK Runtime Environment (8.0_212-b04) (build 1.8.0_212-release-1586-b04)
# Java VM: OpenJDK 64-Bit Server VM (25.212-b04 mixed mode windows-amd64 compressed oops)
# Failed to write core dump. Minidumps are not enabled by default on client versions of Windows
#

---------------  T H R E A D  ---------------

Current thread (0x00000000171fe000):  JavaThread "C2 CompilerThread2" daemon [_thread_in_native, id=23900, stack(0x0000000019af0000,0x0000000019bf0000)]

Stack: [0x0000000019af0000,0x0000000019bf0000]
[error occurred during error reporting (printing stack bounds), id 0xc0000005]

Native frames: (J=compiled Java code, j=interpreted, Vv=VM code, C=native code)


Current CompileTask:
C2:  14925 11006 %     4       com.android.tools.r8.ir.regalloc.LinearScanRegisterAllocator::a @ 2036 (3743 bytes)


---------------  P R O C E S S  ---------------

Java Threads: ( => current thread )
  0x000000001eef5000 JavaThread "stdout" [_thread_in_native, id=14984, stack(0x00000000271e0000,0x00000000272e0000)]
  0x000000001eef3800 JavaThread "stderr" [_thread_in_native, id=25656, stack(0x00000000277b0000,0x00000000278b0000)]
  0x000000001eef2000 JavaThread "pool-2-thread-1" [_thread_blocked, id=6624, stack(0x00000000276b0000,0x00000000277b0000)]
  0x000000001eef5800 JavaThread "WorkerExecutor Queue" [_thread_blocked, id=25984, stack(0x00000000274b0000,0x00000000275b0000)]
  0x000000001eef0800 JavaThread "Cache worker for execution history cache (C:\Users\stavc\Desktop\AndroBusiness\.gradle\5.4.1\executionHistory)" [_thread_blocked, id=16580, stack(0x00000000270e0000,0x00000000271e0000)]
  0x000000001eef4000 JavaThread "Execution worker for ':' Thread 7" [_thread_blocked, id=21276, stack(0x0000000026b20000,0x0000000026c20000)]
  0x000000001eef7000 JavaThread "Execution worker for ':' Thread 6" [_thread_blocked, id=15692, stack(0x0000000026a20000,0x0000000026b20000)]
  0x000000001eef2800 JavaThread "Execution worker for ':' Thread 5" [_thread_blocked, id=14412, stack(0x0000000026920000,0x0000000026a20000)]
  0x000000001eef6800 JavaThread "Execution worker for ':' Thread 4" [_thread_blocked, id=29016, stack(0x0000000026820000,0x0000000026920000)]
  0x0000000020b3e800 JavaThread "Execution worker for ':' Thread 3" [_thread_blocked, id=22020, stack(0x0000000026720000,0x0000000026820000)]
  0x0000000020b3e000 JavaThread "Execution worker for ':' Thread 2" [_thread_blocked, id=13120, stack(0x0000000026620000,0x0000000026720000)]
  0x0000000020b3b800 JavaThread "Execution worker for ':'" [_thread_blocked, id=7812, stack(0x0000000026520000,0x0000000026620000)]
  0x0000000020b3b000 JavaThread "Cache worker for file content cache (C:\Users\stavc\Desktop\AndroBusiness\.gradle\5.4.1\fileContent)" [_thread_blocked, id=30608, stack(0x0000000026020000,0x0000000026120000)]
  0x0000000020b40000 JavaThread "Cache worker for file content cache (C:\Users\stavc\.gradle\caches\5.4.1\fileContent)" [_thread_blocked, id=8088, stack(0x0000000025f20000,0x0000000026020000)]
  0x0000000020b3c800 JavaThread "Memory manager" [_thread_blocked, id=14492, stack(0x00000000255f0000,0x00000000256f0000)]
  0x0000000020b3f800 JavaThread "Cache worker for Build Output Cleanup Cache (C:\Users\stavc\Desktop\AndroBusiness\.gradle\buildOutputCleanup)" [_thread_blocked, id=30084, stack(0x00000000252f0000,0x00000000253f0000)]
  0x0000000020b41000 JavaThread "pool-1-thread-1" [_thread_blocked, id=7508, stack(0x0000000023e20000,0x0000000023f20000)]
  0x0000000020b3a000 JavaThread "Build operations Thread 8" [_thread_blocked, id=26488, stack(0x0000000023b20000,0x0000000023c20000)]
  0x0000000020b32800 JavaThread "Build operations Thread 7" [_thread_blocked, id=6288, stack(0x0000000023a20000,0x0000000023b20000)]
  0x0000000020b38800 JavaThread "Build operations Thread 6" [_thread_blocked, id=9544, stack(0x0000000023920000,0x0000000023a20000)]
  0x0000000020b38000 JavaThread "Build operations Thread 5" [_thread_blocked, id=27420, stack(0x0000000023820000,0x0000000023920000)]
  0x0000000020b35800 JavaThread "Build operations Thread 4" [_thread_blocked, id=22176, stack(0x0000000023720000,0x0000000023820000)]
  0x0000000020b36800 JavaThread "Build operations Thread 3" [_thread_blocked, id=21208, stack(0x0000000023620000,0x0000000023720000)]
  0x0000000020b34000 JavaThread "Build operations Thread 2" [_thread_blocked, id=8272, stack(0x0000000023520000,0x0000000023620000)]
  0x0000000020b37000 JavaThread "Build operations" [_thread_blocked, id=13640, stack(0x0000000022be0000,0x0000000022ce0000)]
  0x0000000020b35000 JavaThread "Cache worker for execution history cache (C:\Users\stavc\.gradle\caches\5.4.1\executionHistory)" [_thread_blocked, id=19504, stack(0x0000000022f30000,0x0000000023030000)]
  0x0000000020b39800 JavaThread "Cache worker for cache directory md-rule (C:\Users\stavc\.gradle\caches\5.4.1\md-rule)" [_thread_blocked, id=27992, stack(0x0000000022ae0000,0x0000000022be0000)]
  0x000000001b5f4800 JavaThread "Cache worker for cache directory md-supplier (C:\Users\stavc\.gradle\caches\5.4.1\md-supplier)" [_thread_blocked, id=11480, stack(0x00000000229e0000,0x0000000022ae0000)]
  0x000000001b5f1000 JavaThread "Cache worker for file hash cache (C:\Users\stavc\Desktop\AndroBusiness\.gradle\5.4.1\fileHashes)" [_thread_blocked, id=2284, stack(0x00000000200b0000,0x00000000201b0000)]
  0x000000001b5ef000 JavaThread "Cache worker for journal cache (C:\Users\stavc\.gradle\caches\journal-1)" [_thread_blocked, id=30680, stack(0x000000001dc10000,0x000000001dd10000)]
  0x000000001b5f0800 JavaThread "File lock request listener" [_thread_in_native, id=27888, stack(0x000000001db10000,0x000000001dc10000)]
  0x000000001b5ef800 JavaThread "Cache worker for file hash cache (C:\Users\stavc\.gradle\caches\5.4.1\fileHashes)" [_thread_blocked, id=28164, stack(0x000000001da10000,0x000000001db10000)]
  0x000000001b38e800 JavaThread "Thread-9" [_thread_blocked, id=24908, stack(0x000000001c940000,0x000000001ca40000)]
  0x000000001b2ce800 JavaThread "Stdin handler" [_thread_blocked, id=8132, stack(0x000000001c840000,0x000000001c940000)]
  0x000000001b2cd800 JavaThread "Asynchronous log dispatcher for DefaultDaemonConnection: socket connection from /127.0.0.1:50670 to /127.0.0.1:50671" [_thread_blocked, id=20280, stack(0x000000001c640000,0x000000001c740000)]
  0x000000001b2ca000 JavaThread "Daemon worker" [_thread_in_Java, id=30456, stack(0x000000001c540000,0x000000001c640000)]
  0x000000001b398000 JavaThread "Cancel handler" [_thread_blocked, id=22184, stack(0x000000001c440000,0x000000001c540000)]
  0x000000001b2bb800 JavaThread "Handler for socket connection from /127.0.0.1:50670 to /127.0.0.1:50671" [_thread_in_native, id=16992, stack(0x000000001c140000,0x000000001c240000)]
  0x000000001b2b2000 JavaThread "Daemon" [_thread_blocked, id=22076, stack(0x000000001c040000,0x000000001c140000)]
  0x000000001b2a3800 JavaThread "Daemon periodic checks" [_thread_blocked, id=21296, stack(0x000000001bf40000,0x000000001c040000)]
  0x000000001b46e800 JavaThread "Incoming local TCP Connector on port 50670" [_thread_in_native, id=13924, stack(0x000000001bd00000,0x000000001be00000)]
  0x000000001ae5d000 JavaThread "Daemon health stats" [_thread_blocked, id=7388, stack(0x000000001b6c0000,0x000000001b7c0000)]
  0x00000000190f1800 JavaThread "Service Thread" daemon [_thread_blocked, id=23172, stack(0x0000000019cf0000,0x0000000019df0000)]
  0x00000000190e0000 JavaThread "C1 CompilerThread3" daemon [_thread_blocked, id=30960, stack(0x0000000019bf0000,0x0000000019cf0000)]
=>0x00000000171fe000 JavaThread "C2 CompilerThread2" daemon [_thread_in_native, id=23900, stack(0x0000000019af0000,0x0000000019bf0000)]
  0x000000001902d800 JavaThread "C2 CompilerThread1" daemon [_thread_in_native, id=18672, stack(0x00000000199f0000,0x0000000019af0000)]
  0x000000001902a000 JavaThread "C2 CompilerThread0" daemon [_thread_in_vm, id=28520, stack(0x00000000198f0000,0x00000000199f0000)]
  0x0000000019025000 JavaThread "Attach Listener" daemon [_thread_blocked, id=13556, stack(0x00000000197f0000,0x00000000198f0000)]
  0x0000000019071800 JavaThread "Signal Dispatcher" daemon [_thread_blocked, id=17364, stack(0x00000000196f0000,0x00000000197f0000)]
  0x000000000342e000 JavaThread "Finalizer" daemon [_thread_blocked, id=29180, stack(0x00000000194f0000,0x00000000195f0000)]
  0x0000000003425000 JavaThread "Reference Handler" daemon [_thread_blocked, id=30476, stack(0x00000000193f0000,0x00000000194f0000)]
  0x000000000311d800 JavaThread "main" [_thread_blocked, id=31096, stack(0x0000000003230000,0x0000000003330000)]

Other Threads:
  0x00000000171e8800 VMThread [stack: 0x0000000018ef0000,0x0000000018ff0000] [id=25948]
  0x00000000190f2800 WatcherThread [stack: 0x0000000019df0000,0x0000000019ef0000] [id=19392]

VM state:not at safepoint (normal execution)

VM Mutex/Monitor currently owned by a thread: None

heap address: 0x00000000a0000000, size: 1536 MB, Compressed Oops mode: 32-bit
Narrow klass base: 0x0000000000000000, Narrow klass shift: 3
Compressed class space size: 1073741824 Address: 0x0000000100000000

Heap:
 PSYoungGen      total 301056K, used 270333K [0x00000000e0000000, 0x00000000f8400000, 0x0000000100000000)
  eden space 261632K, 89% used [0x00000000e0000000,0x00000000ee5ec678,0x00000000eff80000)
  from space 39424K, 88% used [0x00000000eff80000,0x00000000f2192ec8,0x00000000f2600000)
  to   space 43520K, 0% used [0x00000000f5980000,0x00000000f5980000,0x00000000f8400000)
 ParOldGen       total 263168K, used 57630K [0x00000000a0000000, 0x00000000b0100000, 0x00000000e0000000)
  object space 263168K, 21% used [0x00000000a0000000,0x00000000a3847808,0x00000000b0100000)
 Metaspace       used 70536K, capacity 73146K, committed 73344K, reserved 1112064K
  class space    used 9495K, capacity 10057K, committed 10112K, reserved 1048576K

Card table byte_map: [0x00000000127f0000,0x0000000012b00000] byte_map_base: 0x00000000122f0000

Marking Bits: (ParMarkBitMap*) 0x0000000077f79f30
 Begin Bits: [0x0000000013500000, 0x0000000014d00000)
 End Bits:   [0x0000000014d00000, 0x0000000016500000)

Polling page: 0x0000000000ff0000

CodeCache: size=245760Kb used=34517Kb max_used=34543Kb free=211242Kb
 bounds [0x0000000003430000, 0x0000000005620000, 0x0000000012430000]
 total_blobs=10845 nmethods=10021 adapters=735
 compilation: enabled

Compilation events (10 events):
Event: 14.912 Thread 0x000000001902a000 nmethod 11363 0x00000000055fdf10 code [0x00000000055ff1a0, 0x0000000005605980]
Event: 14.912 Thread 0x00000000190e0000 11401       2       com.android.tools.r8.ir.code.ConstNumber::R1 (15 bytes)
Event: 14.912 Thread 0x00000000190e0000 nmethod 11401 0x00000000055c27d0 code [0x00000000055c2920, 0x00000000055c2a90]
Event: 14.912 Thread 0x000000001902a000 11399       4       com.android.tools.r8.ir.analysis.g.e::a (268 bytes)
Event: 14.917 Thread 0x00000000190e0000 11402       2       com.android.tools.r8.ir.regalloc.LiveIntervals::c (44 bytes)
Event: 14.917 Thread 0x00000000190e0000 nmethod 11402 0x00000000055c6dd0 code [0x00000000055c6f60, 0x00000000055c7218]
Event: 14.918 Thread 0x00000000190e0000 11403       2       java.util.TreeMap::buildFromSorted (218 bytes)
Event: 14.919 Thread 0x00000000190e0000 nmethod 11403 0x00000000055c42d0 code [0x00000000055c44a0, 0x00000000055c4a38]
Event: 14.920 Thread 0x00000000190e0000 11404       2       com.android.tools.r8.ir.regalloc.LiveIntervals::a (50 bytes)
Event: 14.920 Thread 0x00000000190e0000 nmethod 11404 0x00000000055c2310 code [0x00000000055c2480, 0x00000000055c26e8]

GC Heap History (10 events):
Event: 6.955 GC heap before
{Heap before GC invocations=12 (full 3):
 PSYoungGen      total 209920K, used 16167K [0x00000000e0000000, 0x00000000f1600000, 0x0000000100000000)
  eden space 188416K, 0% used [0x00000000e0000000,0x00000000e0000000,0x00000000eb800000)
  from space 21504K, 75% used [0x00000000eb800000,0x00000000ec7c9f08,0x00000000ecd00000)
  to   space 22016K, 0% used [0x00000000f0080000,0x00000000f0080000,0x00000000f1600000)
 ParOldGen       total 181248K, used 26540K [0x00000000a0000000, 0x00000000ab100000, 0x00000000e0000000)
  object space 181248K, 14% used [0x00000000a0000000,0x00000000a19eb0e8,0x00000000ab100000)
 Metaspace       used 57495K, capacity 59000K, committed 59096K, reserved 1099776K
  class space    used 7831K, capacity 8226K, committed 8320K, reserved 1048576K
Event: 7.164 GC heap after
Heap after GC invocations=12 (full 3):
 PSYoungGen      total 209920K, used 0K [0x00000000e0000000, 0x00000000f1600000, 0x0000000100000000)
  eden space 188416K, 0% used [0x00000000e0000000,0x00000000e0000000,0x00000000eb800000)
  from space 21504K, 0% used [0x00000000eb800000,0x00000000eb800000,0x00000000ecd00000)
  to   space 22016K, 0% used [0x00000000f0080000,0x00000000f0080000,0x00000000f1600000)
 ParOldGen       total 263168K, used 30929K [0x00000000a0000000, 0x00000000b0100000, 0x00000000e0000000)
  object space 263168K, 11% used [0x00000000a0000000,0x00000000a1e34588,0x00000000b0100000)
 Metaspace       used 57495K, capacity 59000K, committed 59096K, reserved 1099776K
  class space    used 7831K, capacity 8226K, committed 8320K, reserved 1048576K
}
Event: 8.704 GC heap before
{Heap before GC invocations=13 (full 3):
 PSYoungGen      total 209920K, used 188416K [0x00000000e0000000, 0x00000000f1600000, 0x0000000100000000)
  eden space 188416K, 100% used [0x00000000e0000000,0x00000000eb800000,0x00000000eb800000)
  from space 21504K, 0% used [0x00000000eb800000,0x00000000eb800000,0x00000000ecd00000)
  to   space 22016K, 0% used [0x00000000f0080000,0x00000000f0080000,0x00000000f1600000)
 ParOldGen       total 263168K, used 30929K [0x00000000a0000000, 0x00000000b0100000, 0x00000000e0000000)
  object space 263168K, 11% used [0x00000000a0000000,0x00000000a1e34588,0x00000000b0100000)
 Metaspace       used 61872K, capacity 64138K, committed 64256K, reserved 1103872K
  class space    used 8403K, capacity 8915K, committed 8960K, reserved 1048576K
Event: 8.715 GC heap after
Heap after GC invocations=13 (full 3):
 PSYoungGen      total 242176K, used 17675K [0x00000000e0000000, 0x00000000f1200000, 0x0000000100000000)
  eden space 224256K, 0% used [0x00000000e0000000,0x00000000e0000000,0x00000000edb00000)
  from space 17920K, 98% used [0x00000000f0080000,0x00000000f11c2e38,0x00000000f1200000)
  to   space 23040K, 0% used [0x00000000ee500000,0x00000000ee500000,0x00000000efb80000)
 ParOldGen       total 263168K, used 30937K [0x00000000a0000000, 0x00000000b0100000, 0x00000000e0000000)
  object space 263168K, 11% used [0x00000000a0000000,0x00000000a1e36588,0x00000000b0100000)
 Metaspace       used 61872K, capacity 64138K, committed 64256K, reserved 1103872K
  class space    used 8403K, capacity 8915K, committed 8960K, reserved 1048576K
}
Event: 10.396 GC heap before
{Heap before GC invocations=14 (full 3):
 PSYoungGen      total 242176K, used 241931K [0x00000000e0000000, 0x00000000f1200000, 0x0000000100000000)
  eden space 224256K, 100% used [0x00000000e0000000,0x00000000edb00000,0x00000000edb00000)
  from space 17920K, 98% used [0x00000000f0080000,0x00000000f11c2e38,0x00000000f1200000)
  to   space 23040K, 0% used [0x00000000ee500000,0x00000000ee500000,0x00000000efb80000)
 ParOldGen       total 263168K, used 30937K [0x00000000a0000000, 0x00000000b0100000, 0x00000000e0000000)
  object space 263168K, 11% used [0x00000000a0000000,0x00000000a1e36588,0x00000000b0100000)
 Metaspace       used 65070K, capacity 67430K, committed 67456K, reserved 1107968K
  class space    used 8792K, capacity 9323K, committed 9344K, reserved 1048576K
Event: 10.421 GC heap after
Heap after GC invocations=14 (full 3):
 PSYoungGen      total 257536K, used 23033K [0x00000000e0000000, 0x00000000f4900000, 0x0000000100000000)
  eden space 234496K, 0% used [0x00000000e0000000,0x00000000e0000000,0x00000000ee500000)
  from space 23040K, 99% used [0x00000000ee500000,0x00000000efb7e6d0,0x00000000efb80000)
  to   space 35840K, 0% used [0x00000000f2600000,0x00000000f2600000,0x00000000f4900000)
 ParOldGen       total 263168K, used 57614K [0x00000000a0000000, 0x00000000b0100000, 0x00000000e0000000)
  object space 263168K, 21% used [0x00000000a0000000,0x00000000a3843808,0x00000000b0100000)
 Metaspace       used 65070K, capacity 67430K, committed 67456K, reserved 1107968K
  class space    used 8792K, capacity 9323K, committed 9344K, reserved 1048576K
}
Event: 12.170 GC heap before
{Heap before GC invocations=15 (full 3):
 PSYoungGen      total 257536K, used 257529K [0x00000000e0000000, 0x00000000f4900000, 0x0000000100000000)
  eden space 234496K, 100% used [0x00000000e0000000,0x00000000ee500000,0x00000000ee500000)
  from space 23040K, 99% used [0x00000000ee500000,0x00000000efb7e6d0,0x00000000efb80000)
  to   space 35840K, 0% used [0x00000000f2600000,0x00000000f2600000,0x00000000f4900000)
 ParOldGen       total 263168K, used 57614K [0x00000000a0000000, 0x00000000b0100000, 0x00000000e0000000)
  object space 263168K, 21% used [0x00000000a0000000,0x00000000a3843808,0x00000000b0100000)
 Metaspace       used 70366K, capacity 72996K, committed 73088K, reserved 1112064K
  class space    used 9491K, capacity 10052K, committed 10112K, reserved 1048576K
Event: 12.201 GC heap after
Heap after GC invocations=15 (full 3):
 PSYoungGen      total 297472K, used 32671K [0x00000000e0000000, 0x00000000f5b80000, 0x0000000100000000)
  eden space 261632K, 0% used [0x00000000e0000000,0x00000000e0000000,0x00000000eff80000)
  from space 35840K, 91% used [0x00000000f2600000,0x00000000f45e7d18,0x00000000f4900000)
  to   space 39424K, 0% used [0x00000000eff80000,0x00000000eff80000,0x00000000f2600000)
 ParOldGen       total 263168K, used 57622K [0x00000000a0000000, 0x00000000b0100000, 0x00000000e0000000)
  object space 263168K, 21% used [0x00000000a0000000,0x00000000a3845808,0x00000000b0100000)
 Metaspace       used 70366K, capacity 72996K, committed 73088K, reserved 1112064K
  class space    used 9491K, capacity 10052K, committed 10112K, reserved 1048576K
}
Event: 13.292 GC heap before
{Heap before GC invocations=16 (full 3):
 PSYoungGen      total 297472K, used 294303K [0x00000000e0000000, 0x00000000f5b80000, 0x0000000100000000)
  eden space 261632K, 100% used [0x00000000e0000000,0x00000000eff80000,0x00000000eff80000)
  from space 35840K, 91% used [0x00000000f2600000,0x00000000f45e7d18,0x00000000f4900000)
  to   space 39424K, 0% used [0x00000000eff80000,0x00000000eff80000,0x00000000f2600000)
 ParOldGen       total 263168K, used 57622K [0x00000000a0000000, 0x00000000b0100000, 0x00000000e0000000)
  object space 263168K, 21% used [0x00000000a0000000,0x00000000a3845808,0x00000000b0100000)
 Metaspace       used 70482K, capacity 73076K, committed 73344K, reserved 1112064K
  class space    used 9494K, capacity 10056K, committed 10112K, reserved 1048576K
Event: 13.316 GC heap after
Heap after GC invocations=16 (full 3):
 PSYoungGen      total 301056K, used 34891K [0x00000000e0000000, 0x00000000f8400000, 0x0000000100000000)
  eden space 261632K, 0% used [0x00000000e0000000,0x00000000e0000000,0x00000000eff80000)
  from space 39424K, 88% used [0x00000000eff80000,0x00000000f2192ec8,0x00000000f2600000)
  to   space 43520K, 0% used [0x00000000f5980000,0x00000000f5980000,0x00000000f8400000)
 ParOldGen       total 263168K, used 57630K [0x00000000a0000000, 0x00000000b0100000, 0x00000000e0000000)
  object space 263168K, 21% used [0x00000000a0000000,0x00000000a3847808,0x00000000b0100000)
 Metaspace       used 70482K, capacity 73076K, committed 73344K, reserved 1112064K
  class space    used 9494K, capacity 10056K, committed 10112K, reserved 1048576K
}

Deoptimization events (10 events):
Event: 12.452 Thread 0x000000001b2ca000 Uncommon trap: reason=unstable_if action=reinterpret pc=0x00000000054a10ec method=java.util.ArrayList.remove(Ljava/lang/Object;)Z @ 46
Event: 12.735 Thread 0x000000001b2ca000 Uncommon trap: reason=unstable_if action=reinterpret pc=0x0000000004f80bc8 method=com.android.tools.r8.n.a.a.a.g.B0.a(ILjava/lang/Object;)Ljava/lang/Object; @ 95
Event: 12.809 Thread 0x000000001b2ca000 Uncommon trap: reason=bimorphic action=maybe_recompile pc=0x000000000489eccc method=java.util.HashMap.removeNode(ILjava/lang/Object;Ljava/lang/Object;ZZ)Ljava/util/HashMap$Node; @ 143
Event: 12.841 Thread 0x000000001b2ca000 Uncommon trap: reason=unstable_if action=reinterpret pc=0x000000000545c7e0 method=com.android.tools.r8.ir.optimize.z.a(Lcom/android/tools/r8/ir/code/Instruction;)Z @ 131
Event: 13.142 Thread 0x000000001b2ca000 Uncommon trap: reason=unstable_if action=reinterpret pc=0x00000000054e9ff4 method=com.android.tools.r8.ir.code.Value.q()Lcom/android/tools/r8/ir/code/Value; @ 4
Event: 13.724 Thread 0x000000001b2ca000 Uncommon trap: reason=class_check action=maybe_recompile pc=0x000000000554aee4 method=com.android.tools.r8.ir.conversion.U.a(Lcom/android/tools/r8/ir/conversion/T;)Z @ 4
Event: 13.730 Thread 0x000000001b2ca000 Uncommon trap: reason=unstable_if action=reinterpret pc=0x0000000003d7a754 method=java.util.HashMap.getNode(ILjava/lang/Object;)Ljava/util/HashMap$Node; @ 84
Event: 13.730 Thread 0x000000001b2ca000 Uncommon trap: reason=unstable_if action=reinterpret pc=0x0000000004cd492c method=java.util.HashMap.putVal(ILjava/lang/Object;Ljava/lang/Object;ZZ)Ljava/lang/Object; @ 109
Event: 13.730 Thread 0x000000001b2ca000 Uncommon trap: reason=unstable_if action=reinterpret pc=0x0000000003c659ec method=java.util.HashMap.getNode(ILjava/lang/Object;)Ljava/util/HashMap$Node; @ 84
Event: 14.059 Thread 0x000000001b2ca000 Uncommon trap: reason=class_check action=maybe_recompile pc=0x0000000005544700 method=com.android.tools.r8.ir.conversion.X.a(I[Lcom/android/tools/r8/ir/conversion/P;Lcom/android/tools/r8/m/a/a/b/d0;)Z @ 525

Classes redefined (0 events):
No events

Internal exceptions (10 events):
Event: 8.575 Thread 0x000000001eef2800 Exception <a 'java/lang/NoSuchMethodError': <clinit>> (0x00000000eb046bf0) thrown at [D:\src\AOSP-openjdk-cygwin\jdk8u\hotspot\src\share\vm\prims\jni.cpp, line 1614]
Event: 8.582 Thread 0x000000001eef2800 Exception <a 'java/lang/NoSuchMethodError': <clinit>> (0x00000000eb0ab200) thrown at [D:\src\AOSP-openjdk-cygwin\jdk8u\hotspot\src\share\vm\prims\jni.cpp, line 1614]
Event: 8.744 Thread 0x000000001eef5800 Exception <a 'java/lang/NoSuchMethodError': java.lang.Object.lambda$negate$1(Ljava/lang/Object;)Z> (0x00000000e0173fd0) thrown at [D:\src\AOSP-openjdk-cygwin\jdk8u\hotspot\src\share\vm\interpreter\linkResolver.cpp, line 620]
Event: 9.478 Thread 0x000000001eef5800 Implicit null exception at 0x0000000004a5c559 to 0x0000000004a5c95d
Event: 9.478 Thread 0x000000001eef5800 Implicit null exception at 0x0000000004a5119a to 0x0000000004a51585
Event: 9.813 Thread 0x000000001b2ca000 Exception <a 'java/lang/NoSuchMethodError': java.lang.Object.lambda$static$0(Ljava/lang/String;)Z> (0x00000000e1901128) thrown at [D:\src\AOSP-openjdk-cygwin\jdk8u\hotspot\src\share\vm\interpreter\linkResolver.cpp, line 620]
Event: 9.813 Thread 0x000000001b2ca000 Exception <a 'java/lang/NoSuchMethodError': java.lang.Object.lambda$and$0(Ljava/util/function/Predicate;Ljava/lang/Object;)Z> (0x00000000e19076d8) thrown at [D:\src\AOSP-openjdk-cygwin\jdk8u\hotspot\src\share\vm\interpreter\linkResolver.cpp, line 620]
Event: 10.090 Thread 0x000000001b2ca000 Exception <a 'sun/nio/fs/WindowsException'> (0x00000000e9668260) thrown at [D:\src\AOSP-openjdk-cygwin\jdk8u\hotspot\src\share\vm\prims\jni.cpp, line 710]
Event: 10.508 Thread 0x000000001b2ca000 Implicit null exception at 0x0000000004cc1bde to 0x0000000004cc2f19
Event: 10.615 Thread 0x000000001b2ca000 Implicit null exception at 0x0000000003df5aef to 0x0000000003df5b8d

Events (10 events):
Event: 14.489 Thread 0x000000001b2ca000 DEOPT PACKING pc=0x0000000005041c0e sp=0x000000001c638170
Event: 14.489 Thread 0x000000001b2ca000 DEOPT UNPACKING pc=0x00000000034775d0 sp=0x000000001c638180 mode 0
Event: 14.522 Thread 0x000000001b2ca000 DEOPT PACKING pc=0x00000000051b215c sp=0x000000001c6382e0
Event: 14.522 Thread 0x000000001b2ca000 DEOPT UNPACKING pc=0x00000000034775d0 sp=0x000000001c638198 mode 0
Event: 14.565 Thread 0x000000001b2ca000 DEOPT PACKING pc=0x0000000005041c0e sp=0x000000001c638170
Event: 14.565 Thread 0x000000001b2ca000 DEOPT UNPACKING pc=0x00000000034775d0 sp=0x000000001c638180 mode 0
Event: 14.656 Thread 0x000000001b2ca000 DEOPT PACKING pc=0x0000000005114216 sp=0x000000001c638520
Event: 14.656 Thread 0x000000001b2ca000 DEOPT UNPACKING pc=0x00000000034775d0 sp=0x000000001c638460 mode 0
Event: 14.840 Thread 0x000000001b2ca000 DEOPT PACKING pc=0x0000000005114216 sp=0x000000001c638520
Event: 14.840 Thread 0x000000001b2ca000 DEOPT UNPACKING pc=0x00000000034775d0 sp=0x000000001c638460 mode 0


Dynamic libraries:
0x00007ff749da0000 - 0x00007ff749dd1000 	C:\Program Files\Android\Android Studio\jre\bin\java.exe
0x00007ffc02680000 - 0x00007ffc02870000 	C:\WINDOWS\SYSTEM32\ntdll.dll
0x00007ffc00e40000 - 0x00007ffc00ef2000 	C:\WINDOWS\System32\KERNEL32.DLL
0x00007ffbff7d0000 - 0x00007ffbffa75000 	C:\WINDOWS\System32\KERNELBASE.dll
0x00007ffc02370000 - 0x00007ffc02413000 	C:\WINDOWS\System32\ADVAPI32.dll
0x00007ffc00cf0000 - 0x00007ffc00d8e000 	C:\WINDOWS\System32\msvcrt.dll
0x00007ffc00fb0000 - 0x00007ffc01047000 	C:\WINDOWS\System32\sechost.dll
0x00007ffc02420000 - 0x00007ffc02540000 	C:\WINDOWS\System32\RPCRT4.dll
0x00007ffc00b50000 - 0x00007ffc00ce4000 	C:\WINDOWS\System32\USER32.dll
0x00007ffc00590000 - 0x00007ffc005b1000 	C:\WINDOWS\System32\win32u.dll
0x00007ffc009c0000 - 0x00007ffc009e6000 	C:\WINDOWS\System32\GDI32.dll
0x00007ffbffa80000 - 0x00007ffbffc16000 	C:\WINDOWS\System32\gdi32full.dll
0x00007ffc004f0000 - 0x00007ffc0058e000 	C:\WINDOWS\System32\msvcp_win.dll
0x00007ffbffc20000 - 0x00007ffbffd1a000 	C:\WINDOWS\System32\ucrtbase.dll
0x00007ffbe7a90000 - 0x00007ffbe7d14000 	C:\WINDOWS\WinSxS\amd64_microsoft.windows.common-controls_6595b64144ccf1df_6.0.18362.1139_none_9e7bf2d3e4605ac6\COMCTL32.dll
0x00007ffc01540000 - 0x00007ffc01875000 	C:\WINDOWS\System32\combase.dll
0x00007ffbff610000 - 0x00007ffbff690000 	C:\WINDOWS\System32\bcryptPrimitives.dll
0x00007ffc02540000 - 0x00007ffc0256e000 	C:\WINDOWS\System32\IMM32.DLL
0x00000000500a0000 - 0x0000000050172000 	C:\Program Files\Android\Android Studio\jre\jre\bin\msvcr100.dll
0x00000000777b0000 - 0x0000000077ff6000 	C:\Program Files\Android\Android Studio\jre\jre\bin\server\jvm.dll
0x00007ffc00790000 - 0x00007ffc00798000 	C:\WINDOWS\System32\PSAPI.DLL
0x00007ffbf7560000 - 0x00007ffbf7569000 	C:\WINDOWS\SYSTEM32\WSOCK32.dll
0x00007ffbf9f70000 - 0x00007ffbf9f94000 	C:\WINDOWS\SYSTEM32\WINMM.dll
0x00007ffc01f70000 - 0x00007ffc01fdf000 	C:\WINDOWS\System32\WS2_32.dll
0x00007ffbfe680000 - 0x00007ffbfe68a000 	C:\WINDOWS\SYSTEM32\VERSION.dll
0x00007ffbf9e10000 - 0x00007ffbf9e3d000 	C:\WINDOWS\SYSTEM32\WINMMBASE.dll
0x00007ffc004a0000 - 0x00007ffc004ea000 	C:\WINDOWS\System32\cfgmgr32.dll
0x00007ffbf73a0000 - 0x00007ffbf73af000 	C:\Program Files\Android\Android Studio\jre\jre\bin\verify.dll
0x00007ffbf49e0000 - 0x00007ffbf4a09000 	C:\Program Files\Android\Android Studio\jre\jre\bin\java.dll
0x00007ffbf49c0000 - 0x00007ffbf49d6000 	C:\Program Files\Android\Android Studio\jre\jre\bin\zip.dll
0x00007ffc01880000 - 0x00007ffc01f67000 	C:\WINDOWS\System32\SHELL32.dll
0x00007ffc02190000 - 0x00007ffc02239000 	C:\WINDOWS\System32\shcore.dll
0x00007ffbffd20000 - 0x00007ffc004a0000 	C:\WINDOWS\System32\windows.storage.dll
0x00007ffbff5e0000 - 0x00007ffbff603000 	C:\WINDOWS\System32\profapi.dll
0x00007ffbff570000 - 0x00007ffbff5ba000 	C:\WINDOWS\System32\powrprof.dll
0x00007ffbff540000 - 0x00007ffbff550000 	C:\WINDOWS\System32\UMPDC.dll
0x00007ffc00730000 - 0x00007ffc00782000 	C:\WINDOWS\System32\shlwapi.dll
0x00007ffbff550000 - 0x00007ffbff561000 	C:\WINDOWS\System32\kernel.appcore.dll
0x00007ffc005c0000 - 0x00007ffc005d7000 	C:\WINDOWS\System32\cryptsp.dll
0x00007ffbf2c40000 - 0x00007ffbf2c5a000 	C:\Program Files\Android\Android Studio\jre\jre\bin\net.dll
0x00007ffbeb8d0000 - 0x00007ffbebaa6000 	C:\WINDOWS\SYSTEM32\urlmon.dll
0x00007ffbec390000 - 0x00007ffbec637000 	C:\WINDOWS\SYSTEM32\iertutil.dll
0x00007ffbfef60000 - 0x00007ffbfef6c000 	C:\WINDOWS\SYSTEM32\CRYPTBASE.DLL
0x00007ffbfed90000 - 0x00007ffbfedf7000 	C:\WINDOWS\system32\mswsock.dll
0x00007ffbf2b30000 - 0x00007ffbf2b43000 	C:\Program Files\Android\Android Studio\jre\jre\bin\nio.dll
0x00007ffbea980000 - 0x00007ffbea9a6000 	C:\Users\stavc\.gradle\native\29\windows-amd64\native-platform.dll
0x00007ffbf68b0000 - 0x00007ffbf68bd000 	C:\Program Files\Android\Android Studio\jre\jre\bin\management.dll
0x00007ffbfe900000 - 0x00007ffbfe933000 	C:\WINDOWS\system32\rsaenh.dll
0x00007ffbff690000 - 0x00007ffbff6b6000 	C:\WINDOWS\System32\bcrypt.dll
0x00007ffbff460000 - 0x00007ffbff485000 	C:\WINDOWS\SYSTEM32\USERENV.dll
0x00007ffbfeaa0000 - 0x00007ffbfeada000 	C:\WINDOWS\SYSTEM32\IPHLPAPI.DLL
0x00007ffc009b0000 - 0x00007ffc009b8000 	C:\WINDOWS\System32\NSI.dll
0x00007ffbedf70000 - 0x00007ffbedf86000 	C:\WINDOWS\SYSTEM32\dhcpcsvc6.DLL
0x00007ffbf1420000 - 0x00007ffbf143c000 	C:\WINDOWS\SYSTEM32\dhcpcsvc.DLL
0x00007ffbfeae0000 - 0x00007ffbfebab000 	C:\WINDOWS\SYSTEM32\DNSAPI.dll

VM Arguments:
jvm_args: -Xmx1536m -Dfile.encoding=windows-1255 -Duser.country=IL -Duser.language=iw -Duser.variant 
java_command: org.gradle.launcher.daemon.bootstrap.GradleDaemon 5.4.1
java_class_path (initial): C:\Users\stavc\.gradle\wrapper\dists\gradle-5.4.1-all\3221gyojl5jsh0helicew7rwx\gradle-5.4.1\lib\gradle-launcher-5.4.1.jar
Launcher Type: SUN_STANDARD

Environment Variables:
PATH=C:\Windows\system32;C:\Windows;C:\Windows\System32\Wbem;C:\Windows\System32\WindowsPowerShell\v1.0\;C:\Windows\System32\OpenSSH\;C:\Program Files (x86)\NVIDIA Corporation\PhysX\Common;C:\Program Files\Intel\WiFi\bin\;C:\Program Files\Common Files\Intel\WirelessCommon\;%SystemRoot%\system32;%SystemRoot%;%SystemRoot%\System32\Wbem;%SYSTEMROOT%\System32\WindowsPowerShell\v1.0\;%SYSTEMROOT%\System32\OpenSSH\;C:\Users\stavc\AppData\Local\Microsoft\WindowsApps;
USERNAME=stavc
OS=Windows_NT
PROCESSOR_IDENTIFIER=Intel64 Family 6 Model 142 Stepping 11, GenuineIntel



---------------  S Y S T E M  ---------------

OS: Windows 10.0 , 64 bit Build 18362 (10.0.18362.1110)

CPU:total 8 (initial active 8) (4 cores per cpu, 2 threads per core) family 6 model 142 stepping 11, cmov, cx8, fxsr, mmx, sse, sse2, sse3, ssse3, sse4.1, sse4.2, popcnt, avx, avx2, aes, clmul, erms, 3dnowpref, lzcnt, ht, tsc, tscinvbit, bmi1, bmi2, adx

Memory: 4k page, physical 16625020k(3632660k free), swap 32116388k(5824k free)

vm_info: OpenJDK 64-Bit Server VM (25.212-b04) for windows-amd64 JRE (1.8.0_212-release-1586-b04), built by "builder" with MS VC++ 10.0 (VS2010)

time: Mon Dec 07 19:25:05 2020
timezone: שעון רגיל ירושלים
elapsed time: 14 seconds (0d 0h 0m 14s)

