#
# There is insufficient memory for the Java Runtime Environment to continue.
# Native memory allocation (malloc) failed to allocate 1201776 bytes for Chunk::new
# Possible reasons:
#   The system is out of physical RAM or swap space
#   The process is running with CompressedOops enabled, and the Java Heap may be blocking the growth of the native heap
# Possible solutions:
#   Reduce memory load on the system
#   Increase physical memory or swap space
#   Check if swap backing store is full
#   Decrease Java heap size (-Xmx/-Xms)
#   Decrease number of Java threads
#   Decrease Java thread stack sizes (-Xss)
#   Set larger code cache with -XX:ReservedCodeCacheSize=
#   JVM is running with Unscaled Compressed Oops mode in which the Java heap is
#     placed in the first 4GB address space. The Java Heap base address is the
#     maximum limit for the native heap growth. Please use -XX:HeapBaseMinAddress
#     to set the Java Heap base and to place the Java Heap above 4GB virtual address.
# This output file may be truncated or incomplete.
#
#  Out of Memory Error (allocation.cpp:389), pid=22084, tid=0x00000000000049d8
#
# JRE version: OpenJDK Runtime Environment (8.0_212-b04) (build 1.8.0_212-release-1586-b04)
# Java VM: OpenJDK 64-Bit Server VM (25.212-b04 mixed mode windows-amd64 compressed oops)
# Failed to write core dump. Minidumps are not enabled by default on client versions of Windows
#

---------------  T H R E A D  ---------------

Current thread (0x000000001859d000):  JavaThread "C2 CompilerThread2" daemon [_thread_in_native, id=18904, stack(0x0000000019060000,0x0000000019160000)]

Stack: [0x0000000019060000,0x0000000019160000]
[error occurred during error reporting (printing stack bounds), id 0xc0000005]

Native frames: (J=compiled Java code, j=interpreted, Vv=VM code, C=native code)


Current CompileTask:
C2:  39494 17712       4       com.android.tools.r8.ir.conversion.I::a (945 bytes)


---------------  P R O C E S S  ---------------

Java Threads: ( => current thread )
  0x0000000020cf5000 JavaThread "stdout" [_thread_in_native, id=18216, stack(0x00000000376d0000,0x00000000377d0000)]
  0x0000000020cf4800 JavaThread "stderr" [_thread_in_native, id=14384, stack(0x00000000375d0000,0x00000000376d0000)]
  0x0000000020cf6800 JavaThread "pool-5-thread-1" [_thread_blocked, id=14012, stack(0x0000000037390000,0x0000000037490000)]
  0x0000000020cf6000 JavaThread "WorkerExecutor Queue Thread 2" [_thread_blocked, id=15484, stack(0x0000000036d20000,0x0000000036e20000)]
  0x0000000020ced000 JavaThread "WorkerExecutor Queue" [_thread_blocked, id=13808, stack(0x0000000036c20000,0x0000000036d20000)]
  0x0000000020cf2000 JavaThread "Cache worker for execution history cache (C:\Users\stavc\Desktop\AndroBusiness\.gradle\5.4.1\executionHistory)" [_thread_blocked, id=17752, stack(0x0000000036b20000,0x0000000036c20000)]
  0x0000000020cf3000 JavaThread "Execution worker for ':' Thread 7" [_thread_blocked, id=18212, stack(0x0000000036800000,0x0000000036900000)]
  0x0000000020cf1800 JavaThread "Execution worker for ':' Thread 6" [_thread_in_Java, id=23240, stack(0x000000002e650000,0x000000002e750000)]
  0x0000000020cea000 JavaThread "Execution worker for ':' Thread 5" [_thread_blocked, id=31120, stack(0x0000000026ea0000,0x0000000026fa0000)]
  0x0000000020cf0800 JavaThread "Execution worker for ':' Thread 4" [_thread_in_Java, id=12452, stack(0x0000000026da0000,0x0000000026ea0000)]
  0x0000000020cea800 JavaThread "Execution worker for ':' Thread 3" [_thread_blocked, id=26400, stack(0x0000000026ca0000,0x0000000026da0000)]
  0x0000000020ceb800 JavaThread "Execution worker for ':' Thread 2" [_thread_in_Java, id=24768, stack(0x00000000265d0000,0x00000000266d0000)]
  0x0000000020ced800 JavaThread "Execution worker for ':'" [_thread_in_Java, id=25500, stack(0x00000000264d0000,0x00000000265d0000)]
  0x000000002eda4800 JavaThread "Cache worker for file content cache (C:\Users\stavc\Desktop\AndroBusiness\.gradle\5.4.1\fileContent)" [_thread_blocked, id=10116, stack(0x00000000263d0000,0x00000000264d0000)]
  0x000000002eda4000 JavaThread "Cache worker for Build Output Cleanup Cache (C:\Users\stavc\Desktop\AndroBusiness\.gradle\buildOutputCleanup)" [_thread_blocked, id=14644, stack(0x00000000262d0000,0x00000000263d0000)]
  0x000000002eda8800 JavaThread "pool-4-thread-1" [_thread_blocked, id=15060, stack(0x0000000025ed0000,0x0000000025fd0000)]
  0x000000002eda6000 JavaThread "Build operations Thread 8" [_thread_blocked, id=8572, stack(0x0000000025b30000,0x0000000025c30000)]
  0x000000002eda7000 JavaThread "Build operations Thread 7" [_thread_blocked, id=7448, stack(0x0000000025a30000,0x0000000025b30000)]
  0x000000002eda5800 JavaThread "Build operations Thread 6" [_thread_blocked, id=15264, stack(0x00000000237e0000,0x00000000238e0000)]
  0x000000002eda3000 JavaThread "Build operations Thread 5" [_thread_blocked, id=29888, stack(0x00000000234e0000,0x00000000235e0000)]
  0x000000002ed9b800 JavaThread "Build operations Thread 4" [_thread_blocked, id=31148, stack(0x0000000022fe0000,0x00000000230e0000)]
  0x000000002eda2800 JavaThread "Build operations Thread 3" [_thread_blocked, id=19856, stack(0x0000000022ee0000,0x0000000022fe0000)]
  0x000000002eda1800 JavaThread "Build operations Thread 2" [_thread_blocked, id=13380, stack(0x0000000022de0000,0x0000000022ee0000)]
  0x000000002ed9a000 JavaThread "Build operations" [_thread_blocked, id=18300, stack(0x0000000022ce0000,0x0000000022de0000)]
  0x000000002eda0000 JavaThread "Cache worker for cache directory md-rule (C:\Users\stavc\.gradle\caches\5.4.1\md-rule)" [_thread_blocked, id=15140, stack(0x0000000022be0000,0x0000000022ce0000)]
  0x000000002eda1000 JavaThread "Cache worker for cache directory md-supplier (C:\Users\stavc\.gradle\caches\5.4.1\md-supplier)" [_thread_blocked, id=27280, stack(0x0000000022ae0000,0x0000000022be0000)]
  0x000000002ed9e800 JavaThread "Cache worker for file hash cache (C:\Users\stavc\Desktop\AndroBusiness\.gradle\5.4.1\fileHashes)" [_thread_blocked, id=28388, stack(0x00000000227e0000,0x00000000228e0000)]
  0x000000002ed9e000 JavaThread "Thread-49" [_thread_blocked, id=23024, stack(0x00000000226e0000,0x00000000227e0000)]
  0x000000002ed9b000 JavaThread "Stdin handler" [_thread_blocked, id=1808, stack(0x000000001fe70000,0x000000001ff70000)]
  0x000000002ed9d000 JavaThread "Asynchronous log dispatcher for DefaultDaemonConnection: socket connection from /127.0.0.1:50150 to /127.0.0.1:50167" [_thread_blocked, id=20028, stack(0x000000001fd70000,0x000000001fe70000)]
  0x000000002ed9f800 JavaThread "Cancel handler" [_thread_blocked, id=27160, stack(0x000000001d480000,0x000000001d580000)]
  0x000000002ed99800 JavaThread "Handler for socket connection from /127.0.0.1:50150 to /127.0.0.1:50167" [_thread_in_native, id=29828, stack(0x000000001bbb0000,0x000000001bcb0000)]
  0x000000002ed9c800 JavaThread "ForkJoinPool.commonPool-worker-1" daemon [_thread_blocked, id=8256, stack(0x00000000261d0000,0x00000000262d0000)]
  0x0000000020cee800 JavaThread "Cache worker for file content cache (C:\Users\stavc\.gradle\caches\5.4.1\fileContent)" [_thread_blocked, id=21300, stack(0x0000000025410000,0x0000000025510000)]
  0x0000000020cf0000 JavaThread "Memory manager" [_thread_blocked, id=31128, stack(0x0000000023ae0000,0x0000000023be0000)]
  0x000000001c0d1000 JavaThread "Cache worker for execution history cache (C:\Users\stavc\.gradle\caches\5.4.1\executionHistory)" [_thread_blocked, id=20928, stack(0x0000000020f60000,0x0000000021060000)]
  0x000000001c0d4000 JavaThread "Cache worker for journal cache (C:\Users\stavc\.gradle\caches\journal-1)" [_thread_blocked, id=1924, stack(0x000000001d180000,0x000000001d280000)]
  0x000000001c0d0000 JavaThread "File lock request listener" [_thread_in_native, id=31232, stack(0x000000001d080000,0x000000001d180000)]
  0x000000001c0cf800 JavaThread "Cache worker for file hash cache (C:\Users\stavc\.gradle\caches\5.4.1\fileHashes)" [_thread_blocked, id=6628, stack(0x000000001cf80000,0x000000001d080000)]
  0x000000001a9b9000 JavaThread "Daemon worker" [_thread_blocked, id=30312, stack(0x000000001bab0000,0x000000001bbb0000)]
  0x000000001a9b9800 JavaThread "Daemon" [_thread_blocked, id=13544, stack(0x000000001b5b0000,0x000000001b6b0000)]
  0x000000001a9b7800 JavaThread "Daemon periodic checks" [_thread_blocked, id=28564, stack(0x000000001b4b0000,0x000000001b5b0000)]
  0x000000001a9bd800 JavaThread "Incoming local TCP Connector on port 50150" [_thread_in_native, id=6216, stack(0x000000001b270000,0x000000001b370000)]
  0x000000001a9bc000 JavaThread "Daemon health stats" [_thread_blocked, id=11988, stack(0x000000001ac30000,0x000000001ad30000)]
  0x0000000018671800 JavaThread "Service Thread" daemon [_thread_blocked, id=15472, stack(0x0000000019260000,0x0000000019360000)]
  0x000000001678e000 JavaThread "C1 CompilerThread3" daemon [_thread_blocked, id=27716, stack(0x0000000019160000,0x0000000019260000)]
=>0x000000001859d000 JavaThread "C2 CompilerThread2" daemon [_thread_in_native, id=18904, stack(0x0000000019060000,0x0000000019160000)]
  0x0000000018599000 JavaThread "C2 CompilerThread1" daemon [_thread_blocked, id=19136, stack(0x0000000018f60000,0x0000000019060000)]
  0x0000000018595000 JavaThread "C2 CompilerThread0" daemon [_thread_in_native, id=9408, stack(0x0000000018e60000,0x0000000018f60000)]
  0x0000000018594000 JavaThread "Attach Listener" daemon [_thread_blocked, id=29856, stack(0x0000000018d60000,0x0000000018e60000)]
  0x00000000185e1800 JavaThread "Signal Dispatcher" daemon [_thread_blocked, id=22720, stack(0x0000000018c60000,0x0000000018d60000)]
  0x0000000018580800 JavaThread "Finalizer" daemon [_thread_blocked, id=4308, stack(0x0000000018a60000,0x0000000018b60000)]
  0x000000001677c800 JavaThread "Reference Handler" daemon [_thread_blocked, id=18236, stack(0x0000000018960000,0x0000000018a60000)]
  0x000000000277d800 JavaThread "main" [_thread_blocked, id=11192, stack(0x0000000002780000,0x0000000002880000)]

Other Threads:
  0x0000000016777800 VMThread [stack: 0x0000000018460000,0x0000000018560000] [id=7200]
  0x0000000018672000 WatcherThread [stack: 0x0000000019360000,0x0000000019460000] [id=17824]

VM state:not at safepoint (normal execution)

VM Mutex/Monitor currently owned by a thread: None

heap address: 0x00000000a0000000, size: 1536 MB, Compressed Oops mode: 32-bit
Narrow klass base: 0x0000000000000000, Narrow klass shift: 3
Compressed class space size: 1073741824 Address: 0x0000000100000000

Heap:
 PSYoungGen      total 460800K, used 392170K [0x00000000e0000000, 0x00000000ffd00000, 0x0000000100000000)
  eden space 402944K, 94% used [0x00000000e0000000,0x00000000f74727f8,0x00000000f8980000)
  from space 57856K, 18% used [0x00000000f8980000,0x00000000f9408010,0x00000000fc200000)
  to   space 55808K, 0% used [0x00000000fc680000,0x00000000fc680000,0x00000000ffd00000)
 ParOldGen       total 494080K, used 303989K [0x00000000a0000000, 0x00000000be280000, 0x00000000e0000000)
  object space 494080K, 61% used [0x00000000a0000000,0x00000000b28dd6c8,0x00000000be280000)
 Metaspace       used 80360K, capacity 83538K, committed 84696K, reserved 1122304K
  class space    used 10324K, capacity 10967K, committed 11264K, reserved 1048576K

Card table byte_map: [0x0000000011d80000,0x0000000012090000] byte_map_base: 0x0000000011880000

Marking Bits: (ParMarkBitMap*) 0x0000000077f79f30
 Begin Bits: [0x0000000012a90000, 0x0000000014290000)
 End Bits:   [0x0000000014290000, 0x0000000015a90000)

Polling page: 0x00000000009b0000

CodeCache: size=245760Kb used=49187Kb max_used=49187Kb free=196572Kb
 bounds [0x00000000029c0000, 0x0000000005a20000, 0x00000000119c0000]
 total_blobs=15467 nmethods=14628 adapters=749
 compilation: enabled

Compilation events (10 events):
Event: 39.389 Thread 0x000000001678e000 17884       3       com.android.tools.r8.ir.regalloc.LinearScanRegisterAllocator::a (972 bytes)
Event: 39.395 Thread 0x000000001678e000 nmethod 17884 0x0000000005a042d0 code [0x0000000005a04d00, 0x0000000005a0c638]
Event: 39.417 Thread 0x000000001678e000 17885       2       com.android.tools.r8.code.Sput::a (11 bytes)
Event: 39.417 Thread 0x000000001678e000 nmethod 17885 0x00000000059872d0 code [0x0000000005987440, 0x00000000059875c8]
Event: 39.422 Thread 0x000000001678e000 17886       2       com.android.tools.r8.code.Sput::a (19 bytes)
Event: 39.423 Thread 0x000000001678e000 nmethod 17886 0x0000000005986e90 code [0x0000000005987000, 0x00000000059871d8]
Event: 39.452 Thread 0x000000001678e000 17890 %     3       java.util.HashMap$TreeNode::treeify @ 4 (221 bytes)
Event: 39.453 Thread 0x000000001678e000 nmethod 17890% 0x0000000005985b50 code [0x0000000005985d60, 0x0000000005986948]
Event: 39.481 Thread 0x000000001678e000 17892       3       java.util.stream.SortedOps$RefSortingSink::end (126 bytes)
Event: 39.482 Thread 0x000000001678e000 nmethod 17892 0x0000000005957050 code [0x00000000059572c0, 0x00000000059583b8]

GC Heap History (10 events):
Event: 37.748 GC heap before
{Heap before GC invocations=52 (full 5):
 PSYoungGen      total 458240K, used 25210K [0x00000000e0000000, 0x0000000100000000, 0x0000000100000000)
  eden space 390144K, 2% used [0x00000000e0000000,0x00000000e0a98f10,0x00000000f7d00000)
  from space 68096K, 21% used [0x00000000fbd80000,0x00000000fcb85b98,0x0000000100000000)
  to   space 66048K, 0% used [0x00000000f7d00000,0x00000000f7d00000,0x00000000fbd80000)
 ParOldGen       total 494080K, used 250580K [0x00000000a0000000, 0x00000000be280000, 0x00000000e0000000)
  object space 494080K, 50% used [0x00000000a0000000,0x00000000af4b51e8,0x00000000be280000)
 Metaspace       used 80349K, capacity 83410K, committed 84440K, reserved 1122304K
  class space    used 10324K, capacity 10967K, committed 11264K, reserved 1048576K
Event: 37.756 GC heap after
Heap after GC invocations=52 (full 5):
 PSYoungGen      total 456192K, used 992K [0x00000000e0000000, 0x00000000ffe00000, 0x0000000100000000)
  eden space 390144K, 0% used [0x00000000e0000000,0x00000000e0000000,0x00000000f7d00000)
  from space 66048K, 1% used [0x00000000f7d00000,0x00000000f7df8000,0x00000000fbd80000)
  to   space 66048K, 0% used [0x00000000fbd80000,0x00000000fbd80000,0x00000000ffe00000)
 ParOldGen       total 494080K, used 264266K [0x00000000a0000000, 0x00000000be280000, 0x00000000e0000000)
  object space 494080K, 53% used [0x00000000a0000000,0x00000000b0212b90,0x00000000be280000)
 Metaspace       used 80349K, capacity 83410K, committed 84440K, reserved 1122304K
  class space    used 10324K, capacity 10967K, committed 11264K, reserved 1048576K
}
Event: 38.042 GC heap before
{Heap before GC invocations=53 (full 5):
 PSYoungGen      total 456192K, used 391136K [0x00000000e0000000, 0x00000000ffe00000, 0x0000000100000000)
  eden space 390144K, 100% used [0x00000000e0000000,0x00000000f7d00000,0x00000000f7d00000)
  from space 66048K, 1% used [0x00000000f7d00000,0x00000000f7df8000,0x00000000fbd80000)
  to   space 66048K, 0% used [0x00000000fbd80000,0x00000000fbd80000,0x00000000ffe00000)
 ParOldGen       total 494080K, used 264266K [0x00000000a0000000, 0x00000000be280000, 0x00000000e0000000)
  object space 494080K, 53% used [0x00000000a0000000,0x00000000b0212b90,0x00000000be280000)
 Metaspace       used 80351K, capacity 83474K, committed 84696K, reserved 1122304K
  class space    used 10324K, capacity 10967K, committed 11264K, reserved 1048576K
Event: 38.063 GC heap after
Heap after GC invocations=53 (full 5):
 PSYoungGen      total 452096K, used 21580K [0x00000000e0000000, 0x00000000ff800000, 0x0000000100000000)
  eden space 392192K, 0% used [0x00000000e0000000,0x00000000e0000000,0x00000000f7f00000)
  from space 59904K, 36% used [0x00000000fbd80000,0x00000000fd293300,0x00000000ff800000)
  to   space 61952K, 0% used [0x00000000f7f00000,0x00000000f7f00000,0x00000000fbb80000)
 ParOldGen       total 494080K, used 264650K [0x00000000a0000000, 0x00000000be280000, 0x00000000e0000000)
  object space 494080K, 53% used [0x00000000a0000000,0x00000000b0272b90,0x00000000be280000)
 Metaspace       used 80351K, capacity 83474K, committed 84696K, reserved 1122304K
  class space    used 10324K, capacity 10967K, committed 11264K, reserved 1048576K
}
Event: 38.320 GC heap before
{Heap before GC invocations=54 (full 5):
 PSYoungGen      total 452096K, used 413772K [0x00000000e0000000, 0x00000000ff800000, 0x0000000100000000)
  eden space 392192K, 100% used [0x00000000e0000000,0x00000000f7f00000,0x00000000f7f00000)
  from space 59904K, 36% used [0x00000000fbd80000,0x00000000fd293300,0x00000000ff800000)
  to   space 61952K, 0% used [0x00000000f7f00000,0x00000000f7f00000,0x00000000fbb80000)
 ParOldGen       total 494080K, used 264650K [0x00000000a0000000, 0x00000000be280000, 0x00000000e0000000)
  object space 494080K, 53% used [0x00000000a0000000,0x00000000b0272b90,0x00000000be280000)
 Metaspace       used 80351K, capacity 83474K, committed 84696K, reserved 1122304K
  class space    used 10324K, capacity 10967K, committed 11264K, reserved 1048576K
Event: 38.340 GC heap after
Heap after GC invocations=54 (full 5):
 PSYoungGen      total 454144K, used 15606K [0x00000000e0000000, 0x00000000ffd00000, 0x0000000100000000)
  eden space 392192K, 0% used [0x00000000e0000000,0x00000000e0000000,0x00000000f7f00000)
  from space 61952K, 25% used [0x00000000f7f00000,0x00000000f8e3da38,0x00000000fbb80000)
  to   space 59392K, 0% used [0x00000000fc300000,0x00000000fc300000,0x00000000ffd00000)
 ParOldGen       total 494080K, used 283221K [0x00000000a0000000, 0x00000000be280000, 0x00000000e0000000)
  object space 494080K, 57% used [0x00000000a0000000,0x00000000b14957f8,0x00000000be280000)
 Metaspace       used 80351K, capacity 83474K, committed 84696K, reserved 1122304K
  class space    used 10324K, capacity 10967K, committed 11264K, reserved 1048576K
}
Event: 38.663 GC heap before
{Heap before GC invocations=55 (full 5):
 PSYoungGen      total 454144K, used 407798K [0x00000000e0000000, 0x00000000ffd00000, 0x0000000100000000)
  eden space 392192K, 100% used [0x00000000e0000000,0x00000000f7f00000,0x00000000f7f00000)
  from space 61952K, 25% used [0x00000000f7f00000,0x00000000f8e3da38,0x00000000fbb80000)
  to   space 59392K, 0% used [0x00000000fc300000,0x00000000fc300000,0x00000000ffd00000)
 ParOldGen       total 494080K, used 283221K [0x00000000a0000000, 0x00000000be280000, 0x00000000e0000000)
  object space 494080K, 57% used [0x00000000a0000000,0x00000000b14957f8,0x00000000be280000)
 Metaspace       used 80351K, capacity 83474K, committed 84696K, reserved 1122304K
  class space    used 10324K, capacity 10967K, committed 11264K, reserved 1048576K
Event: 38.688 GC heap after
Heap after GC invocations=55 (full 5):
 PSYoungGen      total 459776K, used 8768K [0x00000000e0000000, 0x00000000ffa80000, 0x0000000100000000)
  eden space 402944K, 0% used [0x00000000e0000000,0x00000000e0000000,0x00000000f8980000)
  from space 56832K, 15% used [0x00000000fc300000,0x00000000fcb90010,0x00000000ffa80000)
  to   space 57856K, 0% used [0x00000000f8980000,0x00000000f8980000,0x00000000fc200000)
 ParOldGen       total 494080K, used 297113K [0x00000000a0000000, 0x00000000be280000, 0x00000000e0000000)
  object space 494080K, 60% used [0x00000000a0000000,0x00000000b2226760,0x00000000be280000)
 Metaspace       used 80351K, capacity 83474K, committed 84696K, reserved 1122304K
  class space    used 10324K, capacity 10967K, committed 11264K, reserved 1048576K
}
Event: 39.035 GC heap before
{Heap before GC invocations=56 (full 5):
 PSYoungGen      total 459776K, used 411712K [0x00000000e0000000, 0x00000000ffa80000, 0x0000000100000000)
  eden space 402944K, 100% used [0x00000000e0000000,0x00000000f8980000,0x00000000f8980000)
  from space 56832K, 15% used [0x00000000fc300000,0x00000000fcb90010,0x00000000ffa80000)
  to   space 57856K, 0% used [0x00000000f8980000,0x00000000f8980000,0x00000000fc200000)
 ParOldGen       total 494080K, used 297113K [0x00000000a0000000, 0x00000000be280000, 0x00000000e0000000)
  object space 494080K, 60% used [0x00000000a0000000,0x00000000b2226760,0x00000000be280000)
 Metaspace       used 80358K, capacity 83538K, committed 84696K, reserved 1122304K
  class space    used 10324K, capacity 10967K, committed 11264K, reserved 1048576K
Event: 39.061 GC heap after
Heap after GC invocations=56 (full 5):
 PSYoungGen      total 460800K, used 10784K [0x00000000e0000000, 0x00000000ffd00000, 0x0000000100000000)
  eden space 402944K, 0% used [0x00000000e0000000,0x00000000e0000000,0x00000000f8980000)
  from space 57856K, 18% used [0x00000000f8980000,0x00000000f9408010,0x00000000fc200000)
  to   space 55808K, 0% used [0x00000000fc680000,0x00000000fc680000,0x00000000ffd00000)
 ParOldGen       total 494080K, used 303989K [0x00000000a0000000, 0x00000000be280000, 0x00000000e0000000)
  object space 494080K, 61% used [0x00000000a0000000,0x00000000b28dd6c8,0x00000000be280000)
 Metaspace       used 80358K, capacity 83538K, committed 84696K, reserved 1122304K
  class space    used 10324K, capacity 10967K, committed 11264K, reserved 1048576K
}

Deoptimization events (10 events):
Event: 38.896 Thread 0x0000000020cea800 Uncommon trap: reason=unstable_if action=reinterpret pc=0x0000000005965c14 method=com.android.tools.r8.ir.optimize.P.a(Lcom/android/tools/r8/graph/DexField;)Z @ 39
Event: 38.909 Thread 0x0000000020cea000 Uncommon trap: reason=array_check action=maybe_recompile pc=0x000000000528bb88 method=java.util.TimSort.mergeLo(IIII)V @ 590
Event: 38.913 Thread 0x0000000020cea800 Uncommon trap: reason=array_check action=maybe_recompile pc=0x000000000590d8f8 method=com.android.tools.r8.m.a.a.b.l2.a(I[Ljava/util/Map$Entry;)Lcom/android/tools/r8/m/a/a/b/l2; @ 193
Event: 39.246 Thread 0x0000000020cf0800 Uncommon trap: reason=bimorphic action=maybe_recompile pc=0x0000000005995940 method=com.android.tools.r8.ir.regalloc.LinearScanRegisterAllocator.a(Lcom/android/tools/r8/utils/InternalOptions;Lcom/android/tools/r8/ir/code/IRCode;Ljava/util/Map;Ljava/util/L
Event: 39.251 Thread 0x0000000020cf0800 Uncommon trap: reason=bimorphic action=maybe_recompile pc=0x0000000005995940 method=com.android.tools.r8.ir.regalloc.LinearScanRegisterAllocator.a(Lcom/android/tools/r8/utils/InternalOptions;Lcom/android/tools/r8/ir/code/IRCode;Ljava/util/Map;Ljava/util/L
Event: 39.273 Thread 0x0000000020cf0800 Uncommon trap: reason=class_check action=maybe_recompile pc=0x0000000005995cac method=com.android.tools.r8.ir.regalloc.LinearScanRegisterAllocator.a(Lcom/android/tools/r8/utils/InternalOptions;Lcom/android/tools/r8/ir/code/IRCode;Ljava/util/Map;Ljava/util
Event: 39.280 Thread 0x0000000020cea000 Uncommon trap: reason=bimorphic action=maybe_recompile pc=0x0000000005995940 method=com.android.tools.r8.ir.regalloc.LinearScanRegisterAllocator.a(Lcom/android/tools/r8/utils/InternalOptions;Lcom/android/tools/r8/ir/code/IRCode;Ljava/util/Map;Ljava/util/L
Event: 39.288 Thread 0x0000000020cf3000 Uncommon trap: reason=bimorphic action=maybe_recompile pc=0x0000000005995940 method=com.android.tools.r8.ir.regalloc.LinearScanRegisterAllocator.a(Lcom/android/tools/r8/utils/InternalOptions;Lcom/android/tools/r8/ir/code/IRCode;Ljava/util/Map;Ljava/util/L
Event: 39.307 Thread 0x0000000020cf3000 Uncommon trap: reason=bimorphic action=maybe_recompile pc=0x0000000005308868 method=com.android.tools.r8.ir.regalloc.LinearScanRegisterAllocator.a(Lcom/android/tools/r8/utils/InternalOptions;Lcom/android/tools/r8/ir/code/IRCode;Ljava/util/Map;Ljava/util/L
Event: 39.449 Thread 0x0000000020ceb800 Uncommon trap: reason=array_check action=maybe_recompile pc=0x000000000528bb88 method=java.util.TimSort.mergeLo(IIII)V @ 590

Classes redefined (0 events):
No events

Internal exceptions (10 events):
Event: 37.170 Thread 0x0000000020ced800 Exception <a 'sun/nio/fs/WindowsException'> (0x00000000e7b204b8) thrown at [D:\src\AOSP-openjdk-cygwin\jdk8u\hotspot\src\share\vm\prims\jni.cpp, line 710]
Event: 37.189 Thread 0x0000000020cf0800 Exception <a 'sun/nio/fs/WindowsException'> (0x00000000e9b919b0) thrown at [D:\src\AOSP-openjdk-cygwin\jdk8u\hotspot\src\share\vm\prims\jni.cpp, line 710]
Event: 37.308 Thread 0x0000000020cea000 Exception <a 'sun/nio/fs/WindowsException'> (0x00000000ef87c1f0) thrown at [D:\src\AOSP-openjdk-cygwin\jdk8u\hotspot\src\share\vm\prims\jni.cpp, line 710]
Event: 37.813 Thread 0x000000001a9b9000 Exception <a 'sun/nio/fs/WindowsException'> (0x00000000e6047f30) thrown at [D:\src\AOSP-openjdk-cygwin\jdk8u\hotspot\src\share\vm\prims\jni.cpp, line 710]
Event: 38.896 Thread 0x0000000020cea800 Implicit null exception at 0x00000000059604c4 to 0x0000000005965be9
Event: 38.967 Thread 0x0000000020cea000 Exception <a 'sun/nio/fs/WindowsException'> (0x00000000f2606108) thrown at [D:\src\AOSP-openjdk-cygwin\jdk8u\hotspot\src\share\vm\prims\jni.cpp, line 710]
Event: 38.976 Thread 0x0000000020cea000 Exception <a 'sun/nio/fs/WindowsException'> (0x00000000f2648470) thrown at [D:\src\AOSP-openjdk-cygwin\jdk8u\hotspot\src\share\vm\prims\jni.cpp, line 710]
Event: 38.978 Thread 0x0000000020cea000 Exception <a 'sun/nio/fs/WindowsException'> (0x00000000f26b4700) thrown at [D:\src\AOSP-openjdk-cygwin\jdk8u\hotspot\src\share\vm\prims\jni.cpp, line 710]
Event: 39.028 Thread 0x0000000020cea000 Exception <a 'sun/nio/fs/WindowsException'> (0x00000000f7534b78) thrown at [D:\src\AOSP-openjdk-cygwin\jdk8u\hotspot\src\share\vm\prims\jni.cpp, line 710]
Event: 39.426 Thread 0x0000000020cea000 Exception <a 'sun/nio/fs/WindowsException'> (0x00000000f4547e80) thrown at [D:\src\AOSP-openjdk-cygwin\jdk8u\hotspot\src\share\vm\prims\jni.cpp, line 710]

Events (10 events):
Event: 39.479 Thread 0x0000000020ced800 DEOPT PACKING pc=0x000000000470bcc3 sp=0x00000000265ca840
Event: 39.479 Thread 0x0000000020ced800 DEOPT UNPACKING pc=0x0000000002a075d0 sp=0x00000000265ca818 mode 0
Event: 39.480 Thread 0x0000000020cf0800 DEOPT PACKING pc=0x00000000033d1f27 sp=0x0000000026e9ad70
Event: 39.480 Thread 0x0000000020cf0800 DEOPT UNPACKING pc=0x0000000002a075d0 sp=0x0000000026e9aa88 mode 0
Event: 39.483 Thread 0x0000000020ced800 DEOPT PACKING pc=0x00000000039b32c4 sp=0x00000000265caa40
Event: 39.483 Thread 0x0000000020ced800 DEOPT UNPACKING pc=0x0000000002a075d0 sp=0x00000000265ca768 mode 0
Event: 39.485 Thread 0x0000000020ced800 DEOPT PACKING pc=0x000000000330cf39 sp=0x00000000265ca900
Event: 39.485 Thread 0x0000000020ced800 DEOPT UNPACKING pc=0x0000000002a075d0 sp=0x00000000265ca7b8 mode 0
Event: 39.488 Thread 0x0000000020ced800 DEOPT PACKING pc=0x00000000046ae9c3 sp=0x00000000265ca6b0
Event: 39.488 Thread 0x0000000020ced800 DEOPT UNPACKING pc=0x0000000002a075d0 sp=0x00000000265ca5e8 mode 0


Dynamic libraries:
0x00007ff749da0000 - 0x00007ff749dd1000 	C:\Program Files\Android\Android Studio\jre\bin\java.exe
0x00007ffc02680000 - 0x00007ffc02870000 	C:\WINDOWS\SYSTEM32\ntdll.dll
0x00007ffc00e40000 - 0x00007ffc00ef2000 	C:\WINDOWS\System32\KERNEL32.DLL
0x00007ffbff7d0000 - 0x00007ffbffa75000 	C:\WINDOWS\System32\KERNELBASE.dll
0x00007ffc02370000 - 0x00007ffc02413000 	C:\WINDOWS\System32\ADVAPI32.dll
0x00007ffc00cf0000 - 0x00007ffc00d8e000 	C:\WINDOWS\System32\msvcrt.dll
0x00007ffc00fb0000 - 0x00007ffc01047000 	C:\WINDOWS\System32\sechost.dll
0x00007ffc02420000 - 0x00007ffc02540000 	C:\WINDOWS\System32\RPCRT4.dll
0x00007ffc00b50000 - 0x00007ffc00ce4000 	C:\WINDOWS\System32\USER32.dll
0x00007ffc00590000 - 0x00007ffc005b1000 	C:\WINDOWS\System32\win32u.dll
0x00007ffc009c0000 - 0x00007ffc009e6000 	C:\WINDOWS\System32\GDI32.dll
0x00007ffbffa80000 - 0x00007ffbffc16000 	C:\WINDOWS\System32\gdi32full.dll
0x00007ffc004f0000 - 0x00007ffc0058e000 	C:\WINDOWS\System32\msvcp_win.dll
0x00007ffbffc20000 - 0x00007ffbffd1a000 	C:\WINDOWS\System32\ucrtbase.dll
0x00007ffbe7a90000 - 0x00007ffbe7d14000 	C:\WINDOWS\WinSxS\amd64_microsoft.windows.common-controls_6595b64144ccf1df_6.0.18362.1139_none_9e7bf2d3e4605ac6\COMCTL32.dll
0x00007ffc01540000 - 0x00007ffc01875000 	C:\WINDOWS\System32\combase.dll
0x00007ffbff610000 - 0x00007ffbff690000 	C:\WINDOWS\System32\bcryptPrimitives.dll
0x00007ffc02540000 - 0x00007ffc0256e000 	C:\WINDOWS\System32\IMM32.DLL
0x00000000500a0000 - 0x0000000050172000 	C:\Program Files\Android\Android Studio\jre\jre\bin\msvcr100.dll
0x00000000777b0000 - 0x0000000077ff6000 	C:\Program Files\Android\Android Studio\jre\jre\bin\server\jvm.dll
0x00007ffc00790000 - 0x00007ffc00798000 	C:\WINDOWS\System32\PSAPI.DLL
0x00007ffbfe680000 - 0x00007ffbfe68a000 	C:\WINDOWS\SYSTEM32\VERSION.dll
0x00007ffbf9f70000 - 0x00007ffbf9f94000 	C:\WINDOWS\SYSTEM32\WINMM.dll
0x00007ffbf7560000 - 0x00007ffbf7569000 	C:\WINDOWS\SYSTEM32\WSOCK32.dll
0x00007ffc01f70000 - 0x00007ffc01fdf000 	C:\WINDOWS\System32\WS2_32.dll
0x00007ffbf9e10000 - 0x00007ffbf9e3d000 	C:\WINDOWS\SYSTEM32\winmmbase.dll
0x00007ffc004a0000 - 0x00007ffc004ea000 	C:\WINDOWS\System32\cfgmgr32.dll
0x00007ffbf73a0000 - 0x00007ffbf73af000 	C:\Program Files\Android\Android Studio\jre\jre\bin\verify.dll
0x00007ffbf49e0000 - 0x00007ffbf4a09000 	C:\Program Files\Android\Android Studio\jre\jre\bin\java.dll
0x00007ffbf4ab0000 - 0x00007ffbf4ac6000 	C:\Program Files\Android\Android Studio\jre\jre\bin\zip.dll
0x00007ffc01880000 - 0x00007ffc01f67000 	C:\WINDOWS\System32\SHELL32.dll
0x00007ffc02190000 - 0x00007ffc02239000 	C:\WINDOWS\System32\shcore.dll
0x00007ffbffd20000 - 0x00007ffc004a0000 	C:\WINDOWS\System32\windows.storage.dll
0x00007ffbff5e0000 - 0x00007ffbff603000 	C:\WINDOWS\System32\profapi.dll
0x00007ffbff570000 - 0x00007ffbff5ba000 	C:\WINDOWS\System32\powrprof.dll
0x00007ffbff540000 - 0x00007ffbff550000 	C:\WINDOWS\System32\UMPDC.dll
0x00007ffc00730000 - 0x00007ffc00782000 	C:\WINDOWS\System32\shlwapi.dll
0x00007ffbff550000 - 0x00007ffbff561000 	C:\WINDOWS\System32\kernel.appcore.dll
0x00007ffc005c0000 - 0x00007ffc005d7000 	C:\WINDOWS\System32\cryptsp.dll
0x00007ffbf49c0000 - 0x00007ffbf49da000 	C:\Program Files\Android\Android Studio\jre\jre\bin\net.dll
0x00007ffbeb8d0000 - 0x00007ffbebaa6000 	C:\WINDOWS\SYSTEM32\urlmon.dll
0x00007ffbec390000 - 0x00007ffbec637000 	C:\WINDOWS\SYSTEM32\iertutil.dll
0x00007ffbfef60000 - 0x00007ffbfef6c000 	C:\WINDOWS\SYSTEM32\CRYPTBASE.DLL
0x00007ffbfed90000 - 0x00007ffbfedf7000 	C:\WINDOWS\system32\mswsock.dll
0x00007ffbf2c40000 - 0x00007ffbf2c53000 	C:\Program Files\Android\Android Studio\jre\jre\bin\nio.dll
0x00007ffbdfe00000 - 0x00007ffbdfe26000 	C:\Users\stavc\.gradle\native\29\windows-amd64\native-platform.dll
0x00007ffbf68b0000 - 0x00007ffbf68bd000 	C:\Program Files\Android\Android Studio\jre\jre\bin\management.dll
0x00007ffbfe900000 - 0x00007ffbfe933000 	C:\WINDOWS\system32\rsaenh.dll
0x00007ffbff690000 - 0x00007ffbff6b6000 	C:\WINDOWS\System32\bcrypt.dll
0x00007ffbff460000 - 0x00007ffbff485000 	C:\WINDOWS\SYSTEM32\USERENV.dll
0x00007ffbfeaa0000 - 0x00007ffbfeada000 	C:\WINDOWS\SYSTEM32\IPHLPAPI.DLL
0x00007ffc009b0000 - 0x00007ffc009b8000 	C:\WINDOWS\System32\NSI.dll
0x00007ffbedf70000 - 0x00007ffbedf86000 	C:\WINDOWS\SYSTEM32\dhcpcsvc6.DLL
0x00007ffbf1420000 - 0x00007ffbf143c000 	C:\WINDOWS\SYSTEM32\dhcpcsvc.DLL
0x00007ffbfeae0000 - 0x00007ffbfebab000 	C:\WINDOWS\SYSTEM32\DNSAPI.dll

VM Arguments:
jvm_args: -Xmx1536m -Dfile.encoding=windows-1255 -Duser.country=IL -Duser.language=iw -Duser.variant 
java_command: org.gradle.launcher.daemon.bootstrap.GradleDaemon 5.4.1
java_class_path (initial): C:\Users\stavc\.gradle\wrapper\dists\gradle-5.4.1-all\3221gyojl5jsh0helicew7rwx\gradle-5.4.1\lib\gradle-launcher-5.4.1.jar
Launcher Type: SUN_STANDARD

Environment Variables:
PATH=C:\Windows\system32;C:\Windows;C:\Windows\System32\Wbem;C:\Windows\System32\WindowsPowerShell\v1.0\;C:\Windows\System32\OpenSSH\;C:\Program Files (x86)\NVIDIA Corporation\PhysX\Common;C:\Program Files\Intel\WiFi\bin\;C:\Program Files\Common Files\Intel\WirelessCommon\;%SystemRoot%\system32;%SystemRoot%;%SystemRoot%\System32\Wbem;%SYSTEMROOT%\System32\WindowsPowerShell\v1.0\;%SYSTEMROOT%\System32\OpenSSH\;C:\Users\stavc\AppData\Local\Microsoft\WindowsApps;
USERNAME=stavc
OS=Windows_NT
PROCESSOR_IDENTIFIER=Intel64 Family 6 Model 142 Stepping 11, GenuineIntel



---------------  S Y S T E M  ---------------

OS: Windows 10.0 , 64 bit Build 18362 (10.0.18362.1110)

CPU:total 8 (initial active 8) (4 cores per cpu, 2 threads per core) family 6 model 142 stepping 11, cmov, cx8, fxsr, mmx, sse, sse2, sse3, ssse3, sse4.1, sse4.2, popcnt, avx, avx2, aes, clmul, erms, 3dnowpref, lzcnt, ht, tsc, tscinvbit, bmi1, bmi2, adx

Memory: 4k page, physical 16625020k(3497964k free), swap 32116388k(272k free)

vm_info: OpenJDK 64-Bit Server VM (25.212-b04) for windows-amd64 JRE (1.8.0_212-release-1586-b04), built by "builder" with MS VC++ 10.0 (VS2010)

time: Mon Dec 07 19:18:04 2020
timezone: שעון רגיל ירושלים
elapsed time: 39 seconds (0d 0h 0m 39s)

