#
# There is insufficient memory for the Java Runtime Environment to continue.
# Native memory allocation (malloc) failed to allocate 1279056 bytes for Chunk::new
# Possible reasons:
#   The system is out of physical RAM or swap space
#   The process is running with CompressedOops enabled, and the Java Heap may be blocking the growth of the native heap
# Possible solutions:
#   Reduce memory load on the system
#   Increase physical memory or swap space
#   Check if swap backing store is full
#   Decrease Java heap size (-Xmx/-Xms)
#   Decrease number of Java threads
#   Decrease Java thread stack sizes (-Xss)
#   Set larger code cache with -XX:ReservedCodeCacheSize=
#   JVM is running with Unscaled Compressed Oops mode in which the Java heap is
#     placed in the first 4GB address space. The Java Heap base address is the
#     maximum limit for the native heap growth. Please use -XX:HeapBaseMinAddress
#     to set the Java Heap base and to place the Java Heap above 4GB virtual address.
# This output file may be truncated or incomplete.
#
#  Out of Memory Error (allocation.cpp:389), pid=29784, tid=0x00000000000071ec
#
# JRE version: OpenJDK Runtime Environment (8.0_212-b04) (build 1.8.0_212-release-1586-b04)
# Java VM: OpenJDK 64-Bit Server VM (25.212-b04 mixed mode windows-amd64 compressed oops)
# Failed to write core dump. Minidumps are not enabled by default on client versions of Windows
#

---------------  T H R E A D  ---------------

Current thread (0x000000001882d000):  JavaThread "C2 CompilerThread2" daemon [_thread_in_native, id=29164, stack(0x00000000192f0000,0x00000000193f0000)]

Stack: [0x00000000192f0000,0x00000000193f0000]
[error occurred during error reporting (printing stack bounds), id 0xc0000005]

Native frames: (J=compiled Java code, j=interpreted, Vv=VM code, C=native code)


Current CompileTask:
C2:  16126 11033       4       com.android.tools.r8.ir.optimize.CodeRewriter::j (671 bytes)


---------------  P R O C E S S  ---------------

Java Threads: ( => current thread )
  0x000000001cfef000 JavaThread "Cache worker for execution history cache (C:\Users\stavc\Desktop\AndroBusiness\.gradle\5.4.1\executionHistory)" [_thread_blocked, id=22260, stack(0x00000000255e0000,0x00000000256e0000)]
  0x000000001cfee000 JavaThread "Execution worker for ':' Thread 7" [_thread_blocked, id=15372, stack(0x00000000254e0000,0x00000000255e0000)]
  0x000000001cfec800 JavaThread "Execution worker for ':' Thread 6" [_thread_blocked, id=28724, stack(0x00000000253e0000,0x00000000254e0000)]
  0x000000001cfef800 JavaThread "Execution worker for ':' Thread 5" [_thread_blocked, id=22776, stack(0x00000000252e0000,0x00000000253e0000)]
  0x000000001cfeb000 JavaThread "Execution worker for ':' Thread 4" [_thread_blocked, id=24492, stack(0x00000000251e0000,0x00000000252e0000)]
  0x000000001cfed800 JavaThread "Execution worker for ':' Thread 3" [_thread_blocked, id=11316, stack(0x00000000250e0000,0x00000000251e0000)]
  0x000000001ee55800 JavaThread "Execution worker for ':' Thread 2" [_thread_in_Java, id=14132, stack(0x0000000024bc0000,0x0000000024cc0000)]
  0x000000001ee55000 JavaThread "Execution worker for ':'" [_thread_blocked, id=11092, stack(0x00000000244b0000,0x00000000245b0000)]
  0x000000001ee52800 JavaThread "Cache worker for file content cache (C:\Users\stavc\Desktop\AndroBusiness\.gradle\5.4.1\fileContent)" [_thread_blocked, id=27160, stack(0x00000000248c0000,0x00000000249c0000)]
  0x000000001ee56800 JavaThread "Cache worker for file content cache (C:\Users\stavc\.gradle\caches\5.4.1\fileContent)" [_thread_blocked, id=15484, stack(0x00000000247c0000,0x00000000248c0000)]
  0x000000001ee52000 JavaThread "Memory manager" [_thread_blocked, id=15264, stack(0x0000000023d90000,0x0000000023e90000)]
  0x000000001ee49800 JavaThread "Cache worker for Build Output Cleanup Cache (C:\Users\stavc\Desktop\AndroBusiness\.gradle\buildOutputCleanup)" [_thread_blocked, id=30984, stack(0x0000000023a90000,0x0000000023b90000)]
  0x000000001ee4c000 JavaThread "pool-1-thread-1" [_thread_blocked, id=21784, stack(0x0000000022b70000,0x0000000022c70000)]
  0x000000001ee50800 JavaThread "Build operations Thread 8" [_thread_blocked, id=7200, stack(0x0000000023390000,0x0000000023490000)]
  0x000000001ee4c800 JavaThread "Build operations Thread 7" [_thread_blocked, id=18236, stack(0x0000000023290000,0x0000000023390000)]
  0x000000001ee49000 JavaThread "Build operations Thread 6" [_thread_blocked, id=15028, stack(0x0000000023190000,0x0000000023290000)]
  0x000000001ee4b000 JavaThread "Build operations Thread 5" [_thread_blocked, id=19776, stack(0x0000000023090000,0x0000000023190000)]
  0x000000001ee4e000 JavaThread "Build operations Thread 4" [_thread_blocked, id=21228, stack(0x0000000022f90000,0x0000000023090000)]
  0x000000001ee4a800 JavaThread "Build operations Thread 3" [_thread_blocked, id=20040, stack(0x0000000022e90000,0x0000000022f90000)]
  0x000000001ee48000 JavaThread "Build operations Thread 2" [_thread_blocked, id=14928, stack(0x0000000022d90000,0x0000000022e90000)]
  0x000000001ee4f000 JavaThread "Build operations" [_thread_blocked, id=29548, stack(0x0000000022c90000,0x0000000022d90000)]
  0x000000001ee47800 JavaThread "Cache worker for execution history cache (C:\Users\stavc\.gradle\caches\5.4.1\executionHistory)" [_thread_blocked, id=10644, stack(0x0000000022870000,0x0000000022970000)]
  0x000000001ab25800 JavaThread "Cache worker for cache directory md-rule (C:\Users\stavc\.gradle\caches\5.4.1\md-rule)" [_thread_blocked, id=30756, stack(0x0000000021130000,0x0000000021230000)]
  0x000000001ab26800 JavaThread "Cache worker for cache directory md-supplier (C:\Users\stavc\.gradle\caches\5.4.1\md-supplier)" [_thread_blocked, id=23516, stack(0x0000000021030000,0x0000000021130000)]
  0x000000001ab22000 JavaThread "Cache worker for file hash cache (C:\Users\stavc\Desktop\AndroBusiness\.gradle\5.4.1\fileHashes)" [_thread_blocked, id=22292, stack(0x000000001e8e0000,0x000000001e9e0000)]
  0x000000001ab21000 JavaThread "Cache worker for journal cache (C:\Users\stavc\.gradle\caches\journal-1)" [_thread_blocked, id=9204, stack(0x000000001d410000,0x000000001d510000)]
  0x000000001ab23800 JavaThread "File lock request listener" [_thread_in_native, id=31488, stack(0x000000001d310000,0x000000001d410000)]
  0x000000001ac4a800 JavaThread "Cache worker for file hash cache (C:\Users\stavc\.gradle\caches\5.4.1\fileHashes)" [_thread_blocked, id=23524, stack(0x000000001d210000,0x000000001d310000)]
  0x000000001aaf4000 JavaThread "Thread-9" [_thread_blocked, id=16404, stack(0x000000001c140000,0x000000001c240000)]
  0x000000001aaf5000 JavaThread "Stdin handler" [_thread_blocked, id=21544, stack(0x000000001c040000,0x000000001c140000)]
  0x000000001a950000 JavaThread "Asynchronous log dispatcher for DefaultDaemonConnection: socket connection from /127.0.0.1:50482 to /127.0.0.1:50483" [_thread_blocked, id=20484, stack(0x000000001be40000,0x000000001bf40000)]
  0x000000001ab03000 JavaThread "Daemon worker" [_thread_blocked, id=12844, stack(0x000000001bd40000,0x000000001be40000)]
  0x000000001ab01000 JavaThread "Cancel handler" [_thread_blocked, id=9124, stack(0x000000001bc40000,0x000000001bd40000)]
  0x000000001adae800 JavaThread "Handler for socket connection from /127.0.0.1:50482 to /127.0.0.1:50483" [_thread_in_native, id=27644, stack(0x000000001b940000,0x000000001ba40000)]
  0x000000001ada7000 JavaThread "Daemon" [_thread_blocked, id=28008, stack(0x000000001b840000,0x000000001b940000)]
  0x000000001ad99800 JavaThread "Daemon periodic checks" [_thread_blocked, id=23352, stack(0x000000001b740000,0x000000001b840000)]
  0x000000001aa9f800 JavaThread "Incoming local TCP Connector on port 50482" [_thread_in_native, id=11656, stack(0x000000001b500000,0x000000001b600000)]
  0x000000001aa2d800 JavaThread "Daemon health stats" [_thread_blocked, id=17044, stack(0x000000001aec0000,0x000000001afc0000)]
  0x00000000188fc800 JavaThread "Service Thread" daemon [_thread_blocked, id=9352, stack(0x00000000194f0000,0x00000000195f0000)]
  0x0000000016a3d000 JavaThread "C1 CompilerThread3" daemon [_thread_blocked, id=16284, stack(0x00000000193f0000,0x00000000194f0000)]
=>0x000000001882d000 JavaThread "C2 CompilerThread2" daemon [_thread_in_native, id=29164, stack(0x00000000192f0000,0x00000000193f0000)]
  0x000000001882a800 JavaThread "C2 CompilerThread1" daemon [_thread_in_native, id=28796, stack(0x00000000191f0000,0x00000000192f0000)]
  0x0000000018827000 JavaThread "C2 CompilerThread0" daemon [_thread_in_native, id=8632, stack(0x00000000190f0000,0x00000000191f0000)]
  0x0000000018826000 JavaThread "Attach Listener" daemon [_thread_blocked, id=26268, stack(0x0000000018ff0000,0x00000000190f0000)]
  0x0000000018871800 JavaThread "Signal Dispatcher" daemon [_thread_blocked, id=26904, stack(0x0000000018ef0000,0x0000000018ff0000)]
  0x0000000002c6d800 JavaThread "Finalizer" daemon [_thread_blocked, id=22040, stack(0x0000000018cf0000,0x0000000018df0000)]
  0x0000000016a2c800 JavaThread "Reference Handler" daemon [_thread_blocked, id=19928, stack(0x0000000018bf0000,0x0000000018cf0000)]
  0x0000000002a2d800 JavaThread "main" [_thread_blocked, id=31360, stack(0x0000000002a70000,0x0000000002b70000)]

Other Threads:
  0x0000000016a28000 VMThread [stack: 0x00000000186f0000,0x00000000187f0000] [id=29736]
  0x00000000188fd000 WatcherThread [stack: 0x00000000195f0000,0x00000000196f0000] [id=9912]

VM state:not at safepoint (normal execution)

VM Mutex/Monitor currently owned by a thread: None

heap address: 0x00000000a0000000, size: 1536 MB, Compressed Oops mode: 32-bit
Narrow klass base: 0x0000000000000000, Narrow klass shift: 3
Compressed class space size: 1073741824 Address: 0x0000000100000000

Heap:
 PSYoungGen      total 421888K, used 206332K [0x00000000e0000000, 0x00000000fc480000, 0x0000000100000000)
  eden space 383488K, 44% used [0x00000000e0000000,0x00000000ea520368,0x00000000f7680000)
  from space 38400K, 96% used [0x00000000f7680000,0x00000000f9adefb8,0x00000000f9c00000)
  to   space 35840K, 0% used [0x00000000f9c00000,0x00000000f9c00000,0x00000000fbf00000)
 ParOldGen       total 244736K, used 77482K [0x00000000a0000000, 0x00000000aef00000, 0x00000000e0000000)
  object space 244736K, 31% used [0x00000000a0000000,0x00000000a4baa950,0x00000000aef00000)
 Metaspace       used 69550K, capacity 72230K, committed 72448K, reserved 1112064K
  class space    used 9389K, capacity 9961K, committed 9984K, reserved 1048576K

Card table byte_map: [0x0000000012030000,0x0000000012340000] byte_map_base: 0x0000000011b30000

Marking Bits: (ParMarkBitMap*) 0x0000000077f79f30
 Begin Bits: [0x0000000012d40000, 0x0000000014540000)
 End Bits:   [0x0000000014540000, 0x0000000015d40000)

Polling page: 0x0000000000d60000

CodeCache: size=245760Kb used=34963Kb max_used=34984Kb free=210796Kb
 bounds [0x0000000002c70000, 0x0000000004ed0000, 0x0000000011c70000]
 total_blobs=10614 nmethods=9802 adapters=723
 compilation: enabled

Compilation events (10 events):
Event: 15.868 Thread 0x0000000016a3d000 11191       2       com.android.tools.r8.graph.AppInfo$d::<init> (5 bytes)
Event: 15.868 Thread 0x0000000016a3d000 nmethod 11191 0x0000000004e77150 code [0x0000000004e772a0, 0x0000000004e773f0]
Event: 15.868 Thread 0x0000000016a3d000 11192       2       com.android.tools.r8.graph.AppInfo$d::a (30 bytes)
Event: 15.868 Thread 0x0000000016a3d000 nmethod 11192 0x0000000004e92fd0 code [0x0000000004e93160, 0x0000000004e93418]
Event: 15.961 Thread 0x000000001882a800 nmethod 10982 0x0000000004ea75d0 code [0x0000000004ea7f60, 0x0000000004eafd48]
Event: 15.961 Thread 0x000000001882a800 10994       4       com.android.tools.r8.ir.regalloc.c::a (203 bytes)
Event: 16.020 Thread 0x0000000016a3d000 11197       2       com.android.tools.r8.graph.AppInfo::b (38 bytes)
Event: 16.021 Thread 0x0000000016a3d000 nmethod 11197 0x0000000004e92810 code [0x0000000004e929c0, 0x0000000004e92d28]
Event: 16.062 Thread 0x000000001882a800 nmethod 10994 0x0000000004ebcfd0 code [0x0000000004ebd360, 0x0000000004ebfb10]
Event: 16.062 Thread 0x000000001882a800 11022       4       com.android.tools.r8.ir.optimize.CodeRewriter::m (238 bytes)

GC Heap History (10 events):
Event: 10.434 GC heap before
{Heap before GC invocations=14 (full 3):
 PSYoungGen      total 276480K, used 276075K [0x00000000e0000000, 0x00000000f3580000, 0x0000000100000000)
  eden space 257536K, 100% used [0x00000000e0000000,0x00000000efb80000,0x00000000efb80000)
  from space 18944K, 97% used [0x00000000f2300000,0x00000000f351ada0,0x00000000f3580000)
  to   space 23552K, 0% used [0x00000000f0780000,0x00000000f0780000,0x00000000f1e80000)
 ParOldGen       total 244736K, used 30738K [0x00000000a0000000, 0x00000000aef00000, 0x00000000e0000000)
  object space 244736K, 12% used [0x00000000a0000000,0x00000000a1e04a88,0x00000000aef00000)
 Metaspace       used 68674K, capacity 71280K, committed 71424K, reserved 1110016K
  class space    used 9333K, capacity 9908K, committed 9984K, reserved 1048576K
Event: 10.469 GC heap after
Heap after GC invocations=14 (full 3):
 PSYoungGen      total 293376K, used 23524K [0x00000000e0000000, 0x00000000f7f80000, 0x0000000100000000)
  eden space 269824K, 0% used [0x00000000e0000000,0x00000000e0000000,0x00000000f0780000)
  from space 23552K, 99% used [0x00000000f0780000,0x00000000f1e791d8,0x00000000f1e80000)
  to   space 37888K, 0% used [0x00000000f5a80000,0x00000000f5a80000,0x00000000f7f80000)
 ParOldGen       total 244736K, used 62025K [0x00000000a0000000, 0x00000000aef00000, 0x00000000e0000000)
  object space 244736K, 25% used [0x00000000a0000000,0x00000000a3c927b0,0x00000000aef00000)
 Metaspace       used 68674K, capacity 71280K, committed 71424K, reserved 1110016K
  class space    used 9333K, capacity 9908K, committed 9984K, reserved 1048576K
}
Event: 11.659 GC heap before
{Heap before GC invocations=15 (full 3):
 PSYoungGen      total 293376K, used 293348K [0x00000000e0000000, 0x00000000f7f80000, 0x0000000100000000)
  eden space 269824K, 100% used [0x00000000e0000000,0x00000000f0780000,0x00000000f0780000)
  from space 23552K, 99% used [0x00000000f0780000,0x00000000f1e791d8,0x00000000f1e80000)
  to   space 37888K, 0% used [0x00000000f5a80000,0x00000000f5a80000,0x00000000f7f80000)
 ParOldGen       total 244736K, used 62025K [0x00000000a0000000, 0x00000000aef00000, 0x00000000e0000000)
  object space 244736K, 25% used [0x00000000a0000000,0x00000000a3c927b0,0x00000000aef00000)
 Metaspace       used 69287K, capacity 71918K, committed 72192K, reserved 1112064K
  class space    used 9364K, capacity 9953K, committed 9984K, reserved 1048576K
Event: 11.681 GC heap after
Heap after GC invocations=15 (full 3):
 PSYoungGen      total 356352K, used 13692K [0x00000000e0000000, 0x00000000f8a80000, 0x0000000100000000)
  eden space 318464K, 0% used [0x00000000e0000000,0x00000000e0000000,0x00000000f3700000)
  from space 37888K, 36% used [0x00000000f5a80000,0x00000000f67df018,0x00000000f7f80000)
  to   space 36352K, 0% used [0x00000000f3700000,0x00000000f3700000,0x00000000f5a80000)
 ParOldGen       total 244736K, used 77458K [0x00000000a0000000, 0x00000000aef00000, 0x00000000e0000000)
  object space 244736K, 31% used [0x00000000a0000000,0x00000000a4ba4950,0x00000000aef00000)
 Metaspace       used 69287K, capacity 71918K, committed 72192K, reserved 1112064K
  class space    used 9364K, capacity 9953K, committed 9984K, reserved 1048576K
}
Event: 12.980 GC heap before
{Heap before GC invocations=16 (full 3):
 PSYoungGen      total 356352K, used 332156K [0x00000000e0000000, 0x00000000f8a80000, 0x0000000100000000)
  eden space 318464K, 100% used [0x00000000e0000000,0x00000000f3700000,0x00000000f3700000)
  from space 37888K, 36% used [0x00000000f5a80000,0x00000000f67df018,0x00000000f7f80000)
  to   space 36352K, 0% used [0x00000000f3700000,0x00000000f3700000,0x00000000f5a80000)
 ParOldGen       total 244736K, used 77458K [0x00000000a0000000, 0x00000000aef00000, 0x00000000e0000000)
  object space 244736K, 31% used [0x00000000a0000000,0x00000000a4ba4950,0x00000000aef00000)
 Metaspace       used 69362K, capacity 71992K, committed 72192K, reserved 1112064K
  class space    used 9364K, capacity 9954K, committed 9984K, reserved 1048576K
Event: 12.995 GC heap after
Heap after GC invocations=16 (full 3):
 PSYoungGen      total 354816K, used 21195K [0x00000000e0000000, 0x00000000fbf00000, 0x0000000100000000)
  eden space 318464K, 0% used [0x00000000e0000000,0x00000000e0000000,0x00000000f3700000)
  from space 36352K, 58% used [0x00000000f3700000,0x00000000f4bb2f78,0x00000000f5a80000)
  to   space 35840K, 0% used [0x00000000f9c00000,0x00000000f9c00000,0x00000000fbf00000)
 ParOldGen       total 244736K, used 77466K [0x00000000a0000000, 0x00000000aef00000, 0x00000000e0000000)
  object space 244736K, 31% used [0x00000000a0000000,0x00000000a4ba6950,0x00000000aef00000)
 Metaspace       used 69362K, capacity 71992K, committed 72192K, reserved 1112064K
  class space    used 9364K, capacity 9954K, committed 9984K, reserved 1048576K
}
Event: 14.182 GC heap before
{Heap before GC invocations=17 (full 3):
 PSYoungGen      total 354816K, used 339659K [0x00000000e0000000, 0x00000000fbf00000, 0x0000000100000000)
  eden space 318464K, 100% used [0x00000000e0000000,0x00000000f3700000,0x00000000f3700000)
  from space 36352K, 58% used [0x00000000f3700000,0x00000000f4bb2f78,0x00000000f5a80000)
  to   space 35840K, 0% used [0x00000000f9c00000,0x00000000f9c00000,0x00000000fbf00000)
 ParOldGen       total 244736K, used 77466K [0x00000000a0000000, 0x00000000aef00000, 0x00000000e0000000)
  object space 244736K, 31% used [0x00000000a0000000,0x00000000a4ba6950,0x00000000aef00000)
 Metaspace       used 69396K, capacity 72064K, committed 72192K, reserved 1112064K
  class space    used 9365K, capacity 9954K, committed 9984K, reserved 1048576K
Event: 14.205 GC heap after
Heap after GC invocations=17 (full 3):
 PSYoungGen      total 419328K, used 28317K [0x00000000e0000000, 0x00000000fc480000, 0x0000000100000000)
  eden space 383488K, 0% used [0x00000000e0000000,0x00000000e0000000,0x00000000f7680000)
  from space 35840K, 79% used [0x00000000f9c00000,0x00000000fb7a7500,0x00000000fbf00000)
  to   space 38400K, 0% used [0x00000000f7680000,0x00000000f7680000,0x00000000f9c00000)
 ParOldGen       total 244736K, used 77474K [0x00000000a0000000, 0x00000000aef00000, 0x00000000e0000000)
  object space 244736K, 31% used [0x00000000a0000000,0x00000000a4ba8950,0x00000000aef00000)
 Metaspace       used 69396K, capacity 72064K, committed 72192K, reserved 1112064K
  class space    used 9365K, capacity 9954K, committed 9984K, reserved 1048576K
}
Event: 15.518 GC heap before
{Heap before GC invocations=18 (full 3):
 PSYoungGen      total 419328K, used 411805K [0x00000000e0000000, 0x00000000fc480000, 0x0000000100000000)
  eden space 383488K, 100% used [0x00000000e0000000,0x00000000f7680000,0x00000000f7680000)
  from space 35840K, 79% used [0x00000000f9c00000,0x00000000fb7a7500,0x00000000fbf00000)
  to   space 38400K, 0% used [0x00000000f7680000,0x00000000f7680000,0x00000000f9c00000)
 ParOldGen       total 244736K, used 77474K [0x00000000a0000000, 0x00000000aef00000, 0x00000000e0000000)
  object space 244736K, 31% used [0x00000000a0000000,0x00000000a4ba8950,0x00000000aef00000)
 Metaspace       used 69544K, capacity 72230K, committed 72448K, reserved 1112064K
  class space    used 9389K, capacity 9961K, committed 9984K, reserved 1048576K
Event: 15.540 GC heap after
Heap after GC invocations=18 (full 3):
 PSYoungGen      total 421888K, used 37243K [0x00000000e0000000, 0x00000000fc480000, 0x0000000100000000)
  eden space 383488K, 0% used [0x00000000e0000000,0x00000000e0000000,0x00000000f7680000)
  from space 38400K, 96% used [0x00000000f7680000,0x00000000f9adefb8,0x00000000f9c00000)
  to   space 35840K, 0% used [0x00000000f9c00000,0x00000000f9c00000,0x00000000fbf00000)
 ParOldGen       total 244736K, used 77482K [0x00000000a0000000, 0x00000000aef00000, 0x00000000e0000000)
  object space 244736K, 31% used [0x00000000a0000000,0x00000000a4baa950,0x00000000aef00000)
 Metaspace       used 69544K, capacity 72230K, committed 72448K, reserved 1112064K
  class space    used 9389K, capacity 9961K, committed 9984K, reserved 1048576K
}

Deoptimization events (10 events):
Event: 15.029 Thread 0x000000001ee55800 Uncommon trap: reason=class_check action=maybe_recompile pc=0x000000000403dc00 method=com.android.tools.r8.ir.conversion.U.a(Lcom/android/tools/r8/ir/conversion/T;)Z @ 4
Event: 15.030 Thread 0x000000001ee55800 Uncommon trap: reason=class_check action=maybe_recompile pc=0x0000000004c863d8 method=com.android.tools.r8.ir.analysis.g.e.b(Lcom/android/tools/r8/ir/code/Instruction;)V @ 139
Event: 15.030 Thread 0x000000001ee55800 Uncommon trap: reason=class_check action=maybe_recompile pc=0x0000000004c863d8 method=com.android.tools.r8.ir.analysis.g.e.b(Lcom/android/tools/r8/ir/code/Instruction;)V @ 139
Event: 15.030 Thread 0x000000001ee55800 Uncommon trap: reason=unstable_if action=reinterpret pc=0x0000000004d152d8 method=com.android.tools.r8.ir.code.Value.a(Lcom/android/tools/r8/graph/AppView;Lcom/android/tools/r8/ir/code/IRCode;Ljava/util/function/Predicate;Ljava/util/Set;)Z @ 144
Event: 15.031 Thread 0x000000001ee55800 Uncommon trap: reason=class_check action=maybe_recompile pc=0x0000000004c863d8 method=com.android.tools.r8.ir.analysis.g.e.b(Lcom/android/tools/r8/ir/code/Instruction;)V @ 139
Event: 15.031 Thread 0x000000001ee55800 Uncommon trap: reason=class_check action=maybe_recompile pc=0x0000000004c863d8 method=com.android.tools.r8.ir.analysis.g.e.b(Lcom/android/tools/r8/ir/code/Instruction;)V @ 139
Event: 15.148 Thread 0x000000001ee55800 Uncommon trap: reason=class_check action=maybe_recompile pc=0x0000000004955c18 method=com.android.tools.r8.ir.optimize.CodeRewriter.e(Lcom/android/tools/r8/ir/code/IRCode;)V @ 405
Event: 15.486 Thread 0x000000001ee55800 Uncommon trap: reason=unstable_if action=reinterpret pc=0x00000000036a9a10 method=com.android.tools.r8.n.a.a.a.g.B0$e.contains(Ljava/lang/Object;)Z @ 124
Event: 15.599 Thread 0x000000001ee55800 Uncommon trap: reason=unstable_if action=reinterpret pc=0x0000000004dc39cc method=com.android.tools.r8.ir.regalloc.LinearScanRegisterAllocator.a(Lcom/android/tools/r8/ir/regalloc/LinearScanRegisterAllocator$a;Z)Lcom/android/tools/r8/ir/regalloc/LinearScan
Event: 15.740 Thread 0x000000001ee55800 Uncommon trap: reason=unstable_if action=reinterpret pc=0x0000000004d2b154 method=com.android.tools.r8.graph.DexDebugEventBuilder.a(IILcom/android/tools/r8/ir/code/Instruction;)V @ 862

Classes redefined (0 events):
No events

Internal exceptions (10 events):
Event: 7.648 Thread 0x000000001ab03000 Exception <a 'java/lang/ClassNotFoundException': com/android/build/gradle/tasks/ResourceAwareTaskCustomizer> (0x00000000e1728210) thrown at [D:\src\AOSP-openjdk-cygwin\jdk8u\hotspot\src\share\vm\classfile\systemDictionary.cpp, line 210]
Event: 7.649 Thread 0x000000001ab03000 Exception <a 'java/lang/ClassNotFoundException': com/android/build/gradle/tasks/MergeResourcesCustomizer> (0x00000000e1760d20) thrown at [D:\src\AOSP-openjdk-cygwin\jdk8u\hotspot\src\share\vm\classfile\systemDictionary.cpp, line 210]
Event: 7.650 Thread 0x000000001ab03000 Exception <a 'java/lang/ClassNotFoundException': com/android/build/gradle/tasks/MergeResources_DecoratedCustomizer> (0x00000000e17ad840) thrown at [D:\src\AOSP-openjdk-cygwin\jdk8u\hotspot\src\share\vm\classfile\systemDictionary.cpp, line 210]
Event: 8.172 Thread 0x000000001ee55800 Implicit null exception at 0x0000000003f34c64 to 0x0000000003f35275
Event: 8.483 Thread 0x000000001ee55000 Exception <a 'java/lang/NoSuchMethodError': <clinit>> (0x00000000ea866e00) thrown at [D:\src\AOSP-openjdk-cygwin\jdk8u\hotspot\src\share\vm\prims\jni.cpp, line 1614]
Event: 8.753 Thread 0x000000001ee55800 Exception <a 'java/lang/NoSuchMethodError': java.lang.Object.lambda$static$0(Ljava/lang/String;)Z> (0x00000000e179c2b0) thrown at [D:\src\AOSP-openjdk-cygwin\jdk8u\hotspot\src\share\vm\interpreter\linkResolver.cpp, line 620]
Event: 8.754 Thread 0x000000001ee55800 Exception <a 'java/lang/NoSuchMethodError': java.lang.Object.lambda$and$0(Ljava/util/function/Predicate;Ljava/lang/Object;)Z> (0x00000000e17a24e8) thrown at [D:\src\AOSP-openjdk-cygwin\jdk8u\hotspot\src\share\vm\interpreter\linkResolver.cpp, line 620]
Event: 9.104 Thread 0x000000001ee55800 Exception <a 'sun/nio/fs/WindowsException'> (0x00000000e6883378) thrown at [D:\src\AOSP-openjdk-cygwin\jdk8u\hotspot\src\share\vm\prims\jni.cpp, line 710]
Event: 9.485 Thread 0x000000001ee55800 Implicit null exception at 0x00000000043d38fd to 0x00000000043d4c0d
Event: 9.616 Thread 0x000000001ee55800 Implicit null exception at 0x000000000362d12f to 0x000000000362d1cd

Events (10 events):
Event: 15.599 Thread 0x000000001ee55800 DEOPT PACKING pc=0x00000000046bc5c5 sp=0x0000000024cba780
Event: 15.599 Thread 0x000000001ee55800 DEOPT UNPACKING pc=0x0000000002cb75d0 sp=0x0000000024cba7e8 mode 0
Event: 15.599 Thread 0x000000001ee55800 Uncommon trap: trap_request=0xffffff65 fr.pc=0x0000000004dc39cc
Event: 15.599 Thread 0x000000001ee55800 DEOPT PACKING pc=0x0000000004dc39cc sp=0x0000000024cbaa80
Event: 15.599 Thread 0x000000001ee55800 DEOPT UNPACKING pc=0x0000000002cb557b sp=0x0000000024cbaa78 mode 2
Event: 15.672 Thread 0x000000001ee55800 DEOPT PACKING pc=0x00000000046e5f55 sp=0x0000000024cbabb0
Event: 15.672 Thread 0x000000001ee55800 DEOPT UNPACKING pc=0x0000000002cb75d0 sp=0x0000000024cbabc8 mode 0
Event: 15.740 Thread 0x000000001ee55800 Uncommon trap: trap_request=0xffffff65 fr.pc=0x0000000004d2b154
Event: 15.740 Thread 0x000000001ee55800 DEOPT PACKING pc=0x0000000004d2b154 sp=0x0000000024cbb0d0
Event: 15.740 Thread 0x000000001ee55800 DEOPT UNPACKING pc=0x0000000002cb557b sp=0x0000000024cbb128 mode 2


Dynamic libraries:
0x00007ff749da0000 - 0x00007ff749dd1000 	C:\Program Files\Android\Android Studio\jre\bin\java.exe
0x00007ffc02680000 - 0x00007ffc02870000 	C:\WINDOWS\SYSTEM32\ntdll.dll
0x00007ffc00e40000 - 0x00007ffc00ef2000 	C:\WINDOWS\System32\KERNEL32.DLL
0x00007ffbff7d0000 - 0x00007ffbffa75000 	C:\WINDOWS\System32\KERNELBASE.dll
0x00007ffc02370000 - 0x00007ffc02413000 	C:\WINDOWS\System32\ADVAPI32.dll
0x00007ffc00cf0000 - 0x00007ffc00d8e000 	C:\WINDOWS\System32\msvcrt.dll
0x00007ffc00fb0000 - 0x00007ffc01047000 	C:\WINDOWS\System32\sechost.dll
0x00007ffc02420000 - 0x00007ffc02540000 	C:\WINDOWS\System32\RPCRT4.dll
0x00007ffc00b50000 - 0x00007ffc00ce4000 	C:\WINDOWS\System32\USER32.dll
0x00007ffc00590000 - 0x00007ffc005b1000 	C:\WINDOWS\System32\win32u.dll
0x00007ffc009c0000 - 0x00007ffc009e6000 	C:\WINDOWS\System32\GDI32.dll
0x00007ffbffa80000 - 0x00007ffbffc16000 	C:\WINDOWS\System32\gdi32full.dll
0x00007ffc004f0000 - 0x00007ffc0058e000 	C:\WINDOWS\System32\msvcp_win.dll
0x00007ffbffc20000 - 0x00007ffbffd1a000 	C:\WINDOWS\System32\ucrtbase.dll
0x00007ffbe7a90000 - 0x00007ffbe7d14000 	C:\WINDOWS\WinSxS\amd64_microsoft.windows.common-controls_6595b64144ccf1df_6.0.18362.1139_none_9e7bf2d3e4605ac6\COMCTL32.dll
0x00007ffc01540000 - 0x00007ffc01875000 	C:\WINDOWS\System32\combase.dll
0x00007ffbff610000 - 0x00007ffbff690000 	C:\WINDOWS\System32\bcryptPrimitives.dll
0x00007ffc02540000 - 0x00007ffc0256e000 	C:\WINDOWS\System32\IMM32.DLL
0x00000000500a0000 - 0x0000000050172000 	C:\Program Files\Android\Android Studio\jre\jre\bin\msvcr100.dll
0x00000000777b0000 - 0x0000000077ff6000 	C:\Program Files\Android\Android Studio\jre\jre\bin\server\jvm.dll
0x00007ffc00790000 - 0x00007ffc00798000 	C:\WINDOWS\System32\PSAPI.DLL
0x00007ffbf9f70000 - 0x00007ffbf9f94000 	C:\WINDOWS\SYSTEM32\WINMM.dll
0x00007ffbf7560000 - 0x00007ffbf7569000 	C:\WINDOWS\SYSTEM32\WSOCK32.dll
0x00007ffbfe680000 - 0x00007ffbfe68a000 	C:\WINDOWS\SYSTEM32\VERSION.dll
0x00007ffc01f70000 - 0x00007ffc01fdf000 	C:\WINDOWS\System32\WS2_32.dll
0x00007ffbf9e10000 - 0x00007ffbf9e3d000 	C:\WINDOWS\SYSTEM32\WINMMBASE.dll
0x00007ffc004a0000 - 0x00007ffc004ea000 	C:\WINDOWS\System32\cfgmgr32.dll
0x00007ffbf73a0000 - 0x00007ffbf73af000 	C:\Program Files\Android\Android Studio\jre\jre\bin\verify.dll
0x00007ffbf49e0000 - 0x00007ffbf4a09000 	C:\Program Files\Android\Android Studio\jre\jre\bin\java.dll
0x00007ffbf49c0000 - 0x00007ffbf49d6000 	C:\Program Files\Android\Android Studio\jre\jre\bin\zip.dll
0x00007ffc01880000 - 0x00007ffc01f67000 	C:\WINDOWS\System32\SHELL32.dll
0x00007ffc02190000 - 0x00007ffc02239000 	C:\WINDOWS\System32\shcore.dll
0x00007ffbffd20000 - 0x00007ffc004a0000 	C:\WINDOWS\System32\windows.storage.dll
0x00007ffbff5e0000 - 0x00007ffbff603000 	C:\WINDOWS\System32\profapi.dll
0x00007ffbff570000 - 0x00007ffbff5ba000 	C:\WINDOWS\System32\powrprof.dll
0x00007ffbff540000 - 0x00007ffbff550000 	C:\WINDOWS\System32\UMPDC.dll
0x00007ffc00730000 - 0x00007ffc00782000 	C:\WINDOWS\System32\shlwapi.dll
0x00007ffbff550000 - 0x00007ffbff561000 	C:\WINDOWS\System32\kernel.appcore.dll
0x00007ffc005c0000 - 0x00007ffc005d7000 	C:\WINDOWS\System32\cryptsp.dll
0x00007ffbf2c40000 - 0x00007ffbf2c5a000 	C:\Program Files\Android\Android Studio\jre\jre\bin\net.dll
0x00007ffbeb8d0000 - 0x00007ffbebaa6000 	C:\WINDOWS\SYSTEM32\urlmon.dll
0x00007ffbec390000 - 0x00007ffbec637000 	C:\WINDOWS\SYSTEM32\iertutil.dll
0x00007ffbfef60000 - 0x00007ffbfef6c000 	C:\WINDOWS\SYSTEM32\CRYPTBASE.DLL
0x00007ffbfed90000 - 0x00007ffbfedf7000 	C:\WINDOWS\system32\mswsock.dll
0x00007ffbf2b30000 - 0x00007ffbf2b43000 	C:\Program Files\Android\Android Studio\jre\jre\bin\nio.dll
0x00007ffbea980000 - 0x00007ffbea9a6000 	C:\Users\stavc\.gradle\native\29\windows-amd64\native-platform.dll
0x00007ffbf68b0000 - 0x00007ffbf68bd000 	C:\Program Files\Android\Android Studio\jre\jre\bin\management.dll
0x00007ffbfe900000 - 0x00007ffbfe933000 	C:\WINDOWS\system32\rsaenh.dll
0x00007ffbff690000 - 0x00007ffbff6b6000 	C:\WINDOWS\System32\bcrypt.dll
0x00007ffbff460000 - 0x00007ffbff485000 	C:\WINDOWS\SYSTEM32\USERENV.dll
0x00007ffbfeaa0000 - 0x00007ffbfeada000 	C:\WINDOWS\SYSTEM32\IPHLPAPI.DLL
0x00007ffc009b0000 - 0x00007ffc009b8000 	C:\WINDOWS\System32\NSI.dll
0x00007ffbedf70000 - 0x00007ffbedf86000 	C:\WINDOWS\SYSTEM32\dhcpcsvc6.DLL
0x00007ffbf1420000 - 0x00007ffbf143c000 	C:\WINDOWS\SYSTEM32\dhcpcsvc.DLL
0x00007ffbfeae0000 - 0x00007ffbfebab000 	C:\WINDOWS\SYSTEM32\DNSAPI.dll

VM Arguments:
jvm_args: -Xmx1536m -Dfile.encoding=windows-1255 -Duser.country=IL -Duser.language=iw -Duser.variant 
java_command: org.gradle.launcher.daemon.bootstrap.GradleDaemon 5.4.1
java_class_path (initial): C:\Users\stavc\.gradle\wrapper\dists\gradle-5.4.1-all\3221gyojl5jsh0helicew7rwx\gradle-5.4.1\lib\gradle-launcher-5.4.1.jar
Launcher Type: SUN_STANDARD

Environment Variables:
PATH=C:\Windows\system32;C:\Windows;C:\Windows\System32\Wbem;C:\Windows\System32\WindowsPowerShell\v1.0\;C:\Windows\System32\OpenSSH\;C:\Program Files (x86)\NVIDIA Corporation\PhysX\Common;C:\Program Files\Intel\WiFi\bin\;C:\Program Files\Common Files\Intel\WirelessCommon\;%SystemRoot%\system32;%SystemRoot%;%SystemRoot%\System32\Wbem;%SYSTEMROOT%\System32\WindowsPowerShell\v1.0\;%SYSTEMROOT%\System32\OpenSSH\;C:\Users\stavc\AppData\Local\Microsoft\WindowsApps;
USERNAME=stavc
OS=Windows_NT
PROCESSOR_IDENTIFIER=Intel64 Family 6 Model 142 Stepping 11, GenuineIntel



---------------  S Y S T E M  ---------------

OS: Windows 10.0 , 64 bit Build 18362 (10.0.18362.1110)

CPU:total 8 (initial active 8) (4 cores per cpu, 2 threads per core) family 6 model 142 stepping 11, cmov, cx8, fxsr, mmx, sse, sse2, sse3, ssse3, sse4.1, sse4.2, popcnt, avx, avx2, aes, clmul, erms, 3dnowpref, lzcnt, ht, tsc, tscinvbit, bmi1, bmi2, adx

Memory: 4k page, physical 16625020k(3542336k free), swap 32116388k(4100k free)

vm_info: OpenJDK 64-Bit Server VM (25.212-b04) for windows-amd64 JRE (1.8.0_212-release-1586-b04), built by "builder" with MS VC++ 10.0 (VS2010)

time: Mon Dec 07 19:21:57 2020
timezone: שעון רגיל ירושלים
elapsed time: 16 seconds (0d 0h 0m 16s)

