#
# There is insufficient memory for the Java Runtime Environment to continue.
# Native memory allocation (malloc) failed to allocate 1522256 bytes for Chunk::new
# Possible reasons:
#   The system is out of physical RAM or swap space
#   The process is running with CompressedOops enabled, and the Java Heap may be blocking the growth of the native heap
# Possible solutions:
#   Reduce memory load on the system
#   Increase physical memory or swap space
#   Check if swap backing store is full
#   Decrease Java heap size (-Xmx/-Xms)
#   Decrease number of Java threads
#   Decrease Java thread stack sizes (-Xss)
#   Set larger code cache with -XX:ReservedCodeCacheSize=
#   JVM is running with Unscaled Compressed Oops mode in which the Java heap is
#     placed in the first 4GB address space. The Java Heap base address is the
#     maximum limit for the native heap growth. Please use -XX:HeapBaseMinAddress
#     to set the Java Heap base and to place the Java Heap above 4GB virtual address.
# This output file may be truncated or incomplete.
#
#  Out of Memory Error (allocation.cpp:389), pid=16572, tid=0x0000000000004d94
#
# JRE version: OpenJDK Runtime Environment (8.0_212-b04) (build 1.8.0_212-release-1586-b04)
# Java VM: OpenJDK 64-Bit Server VM (25.212-b04 mixed mode windows-amd64 compressed oops)
# Failed to write core dump. Minidumps are not enabled by default on client versions of Windows
#

---------------  T H R E A D  ---------------

Current thread (0x0000000018f03000):  JavaThread "C2 CompilerThread0" daemon [_thread_in_native, id=19860, stack(0x00000000197d0000,0x00000000198d0000)]

Stack: [0x00000000197d0000,0x00000000198d0000]
[error occurred during error reporting (printing stack bounds), id 0xc0000005]

Native frames: (J=compiled Java code, j=interpreted, Vv=VM code, C=native code)


Current CompileTask:
C2: 106419 16531 %     4       com.android.tools.r8.ir.regalloc.LinearScanRegisterAllocator::a @ 594 (3743 bytes)


---------------  P R O C E S S  ---------------

Java Threads: ( => current thread )
  0x000000002e9c7800 JavaThread "WorkerExecutor Queue Thread 6" [_thread_blocked, id=4012, stack(0x0000000035790000,0x0000000035890000)]
  0x000000001b51c000 JavaThread "stdout" [_thread_in_native, id=24612, stack(0x0000000027a30000,0x0000000027b30000)]
  0x00000000215dd800 JavaThread "stderr" [_thread_in_native, id=20016, stack(0x0000000027930000,0x0000000027a30000)]
  0x00000000215dd000 JavaThread "pool-5-thread-1" [_thread_blocked, id=16484, stack(0x0000000027830000,0x0000000027930000)]
  0x00000000215e1000 JavaThread "WorkerExecutor Queue Thread 2" [_thread_blocked, id=23736, stack(0x0000000027730000,0x0000000027830000)]
  0x00000000215dc000 JavaThread "WorkerExecutor Queue" [_thread_blocked, id=27044, stack(0x0000000027630000,0x0000000027730000)]
  0x00000000215e0000 JavaThread "Cache worker for execution history cache (C:\Users\stavc\Desktop\AndroBusiness\.gradle\5.4.1\executionHistory)" [_thread_blocked, id=30496, stack(0x0000000027530000,0x0000000027630000)]
  0x00000000215db800 JavaThread "Execution worker for ':' Thread 7" [_thread_blocked, id=29720, stack(0x0000000027150000,0x0000000027250000)]
  0x00000000215e1800 JavaThread "Execution worker for ':' Thread 6" [_thread_in_Java, id=27192, stack(0x0000000027050000,0x0000000027150000)]
  0x00000000215e2800 JavaThread "Execution worker for ':' Thread 5" [_thread_blocked, id=21740, stack(0x0000000026d50000,0x0000000026e50000)]
  0x00000000215df800 JavaThread "Execution worker for ':' Thread 4" [_thread_blocked, id=20596, stack(0x0000000026c50000,0x0000000026d50000)]
  0x00000000215de800 JavaThread "Execution worker for ':' Thread 3" [_thread_blocked, id=20316, stack(0x0000000026b50000,0x0000000026c50000)]
  0x00000000215d4000 JavaThread "Execution worker for ':' Thread 2" [_thread_blocked, id=18076, stack(0x0000000026a50000,0x0000000026b50000)]
  0x00000000215da000 JavaThread "Execution worker for ':'" [_thread_blocked, id=29472, stack(0x0000000026950000,0x0000000026a50000)]
  0x00000000215d9000 JavaThread "Cache worker for file content cache (C:\Users\stavc\Desktop\AndroBusiness\.gradle\5.4.1\fileContent)" [_thread_blocked, id=9412, stack(0x0000000026850000,0x0000000026950000)]
  0x00000000215d6000 JavaThread "Cache worker for Build Output Cleanup Cache (C:\Users\stavc\Desktop\AndroBusiness\.gradle\buildOutputCleanup)" [_thread_blocked, id=8916, stack(0x0000000026750000,0x0000000026850000)]
  0x00000000215da800 JavaThread "pool-4-thread-1" [_thread_blocked, id=15668, stack(0x0000000026650000,0x0000000026750000)]
  0x00000000215d8800 JavaThread "Build operations Thread 8" [_thread_blocked, id=31080, stack(0x0000000024f80000,0x0000000025080000)]
  0x00000000215d7000 JavaThread "Build operations Thread 7" [_thread_blocked, id=30232, stack(0x00000000241f0000,0x00000000242f0000)]
  0x00000000215d4800 JavaThread "Build operations Thread 6" [_thread_blocked, id=28624, stack(0x0000000023af0000,0x0000000023bf0000)]
  0x00000000215d5800 JavaThread "Build operations Thread 5" [_thread_blocked, id=25056, stack(0x00000000239f0000,0x0000000023af0000)]
  0x000000001e011800 JavaThread "Build operations Thread 4" [_thread_blocked, id=14836, stack(0x00000000238f0000,0x00000000239f0000)]
  0x000000001e010800 JavaThread "Build operations Thread 3" [_thread_blocked, id=13812, stack(0x00000000237f0000,0x00000000238f0000)]
  0x000000001e00e800 JavaThread "Build operations Thread 2" [_thread_blocked, id=25512, stack(0x00000000236f0000,0x00000000237f0000)]
  0x000000001e010000 JavaThread "Build operations" [_thread_blocked, id=30828, stack(0x00000000235f0000,0x00000000236f0000)]
  0x000000001e005800 JavaThread "Cache worker for cache directory md-rule (C:\Users\stavc\.gradle\caches\5.4.1\md-rule)" [_thread_blocked, id=13832, stack(0x00000000234f0000,0x00000000235f0000)]
  0x000000001e004800 JavaThread "Cache worker for cache directory md-supplier (C:\Users\stavc\.gradle\caches\5.4.1\md-supplier)" [_thread_blocked, id=6112, stack(0x0000000022f30000,0x0000000023030000)]
  0x000000001e004000 JavaThread "Cache worker for file hash cache (C:\Users\stavc\Desktop\AndroBusiness\.gradle\5.4.1\fileHashes)" [_thread_blocked, id=18292, stack(0x0000000021870000,0x0000000021970000)]
  0x000000001e00a800 JavaThread "Thread-70" [_thread_blocked, id=9012, stack(0x000000001ff90000,0x0000000020090000)]
  0x000000001e00a000 JavaThread "Stdin handler" [_thread_blocked, id=25032, stack(0x000000001c520000,0x000000001c620000)]
  0x000000001e008800 JavaThread "Asynchronous log dispatcher for DefaultDaemonConnection: socket connection from /127.0.0.1:50324 to /127.0.0.1:50375" [_thread_blocked, id=2208, stack(0x000000001c420000,0x000000001c520000)]
  0x000000001e002800 JavaThread "Daemon worker Thread 2" [_thread_blocked, id=21488, stack(0x000000001bf20000,0x000000001c020000)]
  0x000000001e007800 JavaThread "Cancel handler" [_thread_blocked, id=6556, stack(0x0000000001740000,0x0000000001840000)]
  0x000000001e007000 JavaThread "Handler for socket connection from /127.0.0.1:50324 to /127.0.0.1:50375" [_thread_in_native, id=24020, stack(0x0000000001640000,0x0000000001740000)]
  0x000000001e006000 JavaThread "Daemon Thread 2" [_thread_blocked, id=11880, stack(0x0000000001540000,0x0000000001640000)]
  0x000000001e00d000 JavaThread "Cache worker for file content cache (C:\Users\stavc\.gradle\caches\5.4.1\fileContent)" [_thread_blocked, id=11700, stack(0x0000000024e80000,0x0000000024f80000)]
  0x000000001e00b800 JavaThread "Memory manager" [_thread_blocked, id=24472, stack(0x00000000244f0000,0x00000000245f0000)]
  0x000000001e003000 JavaThread "Cache worker for execution history cache (C:\Users\stavc\.gradle\caches\5.4.1\executionHistory)" [_thread_blocked, id=20864, stack(0x0000000022c30000,0x0000000022d30000)]
  0x000000001b51f800 JavaThread "Cache worker for journal cache (C:\Users\stavc\.gradle\caches\journal-1)" [_thread_blocked, id=17920, stack(0x000000001daf0000,0x000000001dbf0000)]
  0x000000001b522000 JavaThread "File lock request listener" [_thread_in_native, id=7064, stack(0x000000001d9f0000,0x000000001daf0000)]
  0x000000001b51a000 JavaThread "Cache worker for file hash cache (C:\Users\stavc\.gradle\caches\5.4.1\fileHashes)" [_thread_blocked, id=10724, stack(0x000000001d8f0000,0x000000001d9f0000)]
  0x000000001b4dd000 JavaThread "Daemon periodic checks" [_thread_blocked, id=27952, stack(0x000000001be20000,0x000000001bf20000)]
  0x000000001b0a1000 JavaThread "Incoming local TCP Connector on port 50324" [_thread_in_native, id=30840, stack(0x000000001bbe0000,0x000000001bce0000)]
  0x000000001aefc000 JavaThread "Daemon health stats" [_thread_blocked, id=10996, stack(0x000000001b5a0000,0x000000001b6a0000)]
  0x0000000018fde000 JavaThread "Service Thread" daemon [_thread_blocked, id=31364, stack(0x0000000019bd0000,0x0000000019cd0000)]
  0x0000000018f5d000 JavaThread "C1 CompilerThread3" daemon [_thread_blocked, id=1916, stack(0x0000000019ad0000,0x0000000019bd0000)]
  0x0000000018f4d000 JavaThread "C2 CompilerThread2" daemon [_thread_in_native, id=7440, stack(0x00000000199d0000,0x0000000019ad0000)]
  0x0000000018f07000 JavaThread "C2 CompilerThread1" daemon [_thread_in_native, id=17332, stack(0x00000000198d0000,0x00000000199d0000)]
=>0x0000000018f03000 JavaThread "C2 CompilerThread0" daemon [_thread_in_native, id=19860, stack(0x00000000197d0000,0x00000000198d0000)]
  0x00000000170fe800 JavaThread "Attach Listener" daemon [_thread_blocked, id=17756, stack(0x00000000196d0000,0x00000000197d0000)]
  0x0000000018f4c800 JavaThread "Signal Dispatcher" daemon [_thread_blocked, id=16032, stack(0x00000000195d0000,0x00000000196d0000)]
  0x0000000003328800 JavaThread "Finalizer" daemon [_thread_blocked, id=29960, stack(0x00000000193d0000,0x00000000194d0000)]
  0x00000000170ec000 JavaThread "Reference Handler" daemon [_thread_blocked, id=23404, stack(0x00000000192d0000,0x00000000193d0000)]
  0x0000000000fed800 JavaThread "main" [_thread_blocked, id=17580, stack(0x00000000030e0000,0x00000000031e0000)]

Other Threads:
  0x00000000170e7800 VMThread [stack: 0x0000000018dd0000,0x0000000018ed0000] [id=5684]
  0x0000000018fdf000 WatcherThread [stack: 0x0000000019cd0000,0x0000000019dd0000] [id=11592]

VM state:not at safepoint (normal execution)

VM Mutex/Monitor currently owned by a thread: None

heap address: 0x00000000a0000000, size: 1536 MB, Compressed Oops mode: 32-bit
Narrow klass base: 0x0000000000000000, Narrow klass shift: 3
Compressed class space size: 1073741824 Address: 0x0000000100000000

Heap:
 PSYoungGen      total 484864K, used 156060K [0x00000000e0000000, 0x00000000ffc00000, 0x0000000100000000)
  eden space 454656K, 32% used [0x00000000e0000000,0x00000000e8f01e20,0x00000000fbc00000)
  from space 30208K, 31% used [0x00000000fde80000,0x00000000fe7e5398,0x00000000ffc00000)
  to   space 32768K, 0% used [0x00000000fbc00000,0x00000000fbc00000,0x00000000fdc00000)
 ParOldGen       total 253952K, used 210628K [0x00000000a0000000, 0x00000000af800000, 0x00000000e0000000)
  object space 253952K, 82% used [0x00000000a0000000,0x00000000acdb1320,0x00000000af800000)
 Metaspace       used 77937K, capacity 80894K, committed 81752K, reserved 1120256K
  class space    used 10056K, capacity 10651K, committed 10880K, reserved 1048576K

Card table byte_map: [0x00000000126f0000,0x0000000012a00000] byte_map_base: 0x00000000121f0000

Marking Bits: (ParMarkBitMap*) 0x0000000077f79f30
 Begin Bits: [0x0000000013400000, 0x0000000014c00000)
 End Bits:   [0x0000000014c00000, 0x0000000016400000)

Polling page: 0x0000000001350000

CodeCache: size=245760Kb used=46608Kb max_used=47357Kb free=199151Kb
 bounds [0x0000000003330000, 0x00000000061c0000, 0x0000000012330000]
 total_blobs=14264 nmethods=13429 adapters=743
 compilation: enabled

Compilation events (10 events):
Event: 106.317 Thread 0x0000000018f07000 nmethod 15070 0x00000000052a1950 code [0x00000000052a1fa0, 0x00000000052a4d68]
Event: 106.319 Thread 0x0000000018f07000 16425       4       com.android.tools.r8.n.a.a.a.g.f0::c (71 bytes)
Event: 106.321 Thread 0x0000000018f07000 nmethod 16425 0x00000000053d2590 code [0x00000000053d26e0, 0x00000000053d2838]
Event: 106.322 Thread 0x0000000018f07000 15526       4       com.android.tools.r8.n.a.a.a.h.H0::a (109 bytes)
Event: 106.325 Thread 0x0000000018f07000 nmethod 15526 0x0000000005edd750 code [0x0000000005edd8c0, 0x0000000005eddb68]
Event: 106.326 Thread 0x0000000018f07000 16470       4       com.android.tools.r8.ir.conversion.X::c (46 bytes)
Event: 106.328 Thread 0x0000000018f5d000 16541       2       com.android.tools.r8.graph.DexEncodedMethod::isVirtualMethod (40 bytes)
Event: 106.328 Thread 0x0000000018f5d000 nmethod 16541 0x0000000005edd350 code [0x0000000005edd4a0, 0x0000000005edd690]
Event: 106.340 Thread 0x0000000018f07000 nmethod 16470 0x0000000003991990 code [0x0000000003991b20, 0x0000000003992268]
Event: 106.341 Thread 0x0000000018f07000 15618       4       com.android.tools.r8.ir.optimize.CodeRewriter::m (238 bytes)

GC Heap History (10 events):
Event: 103.197 GC heap before
{Heap before GC invocations=34 (full 4):
 PSYoungGen      total 478720K, used 445632K [0x00000000e0000000, 0x00000000ffe80000, 0x0000000100000000)
  eden space 437760K, 100% used [0x00000000e0000000,0x00000000fab80000,0x00000000fab80000)
  from space 40960K, 19% used [0x00000000fab80000,0x00000000fb330010,0x00000000fd380000)
  to   space 39936K, 0% used [0x00000000fd780000,0x00000000fd780000,0x00000000ffe80000)
 ParOldGen       total 253952K, used 172216K [0x00000000a0000000, 0x00000000af800000, 0x00000000e0000000)
  object space 253952K, 67% used [0x00000000a0000000,0x00000000aa82e388,0x00000000af800000)
 Metaspace       used 77904K, capacity 80754K, committed 81496K, reserved 1120256K
  class space    used 10054K, capacity 10649K, committed 10880K, reserved 1048576K
Event: 103.208 GC heap after
Heap after GC invocations=34 (full 4):
 PSYoungGen      total 479744K, used 10873K [0x00000000e0000000, 0x00000000ffb00000, 0x0000000100000000)
  eden space 443392K, 0% used [0x00000000e0000000,0x00000000e0000000,0x00000000fb100000)
  from space 36352K, 29% used [0x00000000fd780000,0x00000000fe21e5b0,0x00000000ffb00000)
  to   space 37888K, 0% used [0x00000000fb100000,0x00000000fb100000,0x00000000fd600000)
 ParOldGen       total 253952K, used 179724K [0x00000000a0000000, 0x00000000af800000, 0x00000000e0000000)
  object space 253952K, 70% used [0x00000000a0000000,0x00000000aaf833c8,0x00000000af800000)
 Metaspace       used 77904K, capacity 80754K, committed 81496K, reserved 1120256K
  class space    used 10054K, capacity 10649K, committed 10880K, reserved 1048576K
}
Event: 103.608 GC heap before
{Heap before GC invocations=35 (full 4):
 PSYoungGen      total 479744K, used 454265K [0x00000000e0000000, 0x00000000ffb00000, 0x0000000100000000)
  eden space 443392K, 100% used [0x00000000e0000000,0x00000000fb100000,0x00000000fb100000)
  from space 36352K, 29% used [0x00000000fd780000,0x00000000fe21e5b0,0x00000000ffb00000)
  to   space 37888K, 0% used [0x00000000fb100000,0x00000000fb100000,0x00000000fd600000)
 ParOldGen       total 253952K, used 179724K [0x00000000a0000000, 0x00000000af800000, 0x00000000e0000000)
  object space 253952K, 70% used [0x00000000a0000000,0x00000000aaf833c8,0x00000000af800000)
 Metaspace       used 77908K, capacity 80758K, committed 81496K, reserved 1120256K
  class space    used 10054K, capacity 10649K, committed 10880K, reserved 1048576K
Event: 103.620 GC heap after
Heap after GC invocations=35 (full 4):
 PSYoungGen      total 481280K, used 8080K [0x00000000e0000000, 0x00000000fff80000, 0x0000000100000000)
  eden space 443392K, 0% used [0x00000000e0000000,0x00000000e0000000,0x00000000fb100000)
  from space 37888K, 21% used [0x00000000fb100000,0x00000000fb8e4030,0x00000000fd600000)
  to   space 36864K, 0% used [0x00000000fdb80000,0x00000000fdb80000,0x00000000fff80000)
 ParOldGen       total 253952K, used 187665K [0x00000000a0000000, 0x00000000af800000, 0x00000000e0000000)
  object space 253952K, 73% used [0x00000000a0000000,0x00000000ab7444f8,0x00000000af800000)
 Metaspace       used 77908K, capacity 80758K, committed 81496K, reserved 1120256K
  class space    used 10054K, capacity 10649K, committed 10880K, reserved 1048576K
}
Event: 104.128 GC heap before
{Heap before GC invocations=36 (full 4):
 PSYoungGen      total 481280K, used 451472K [0x00000000e0000000, 0x00000000fff80000, 0x0000000100000000)
  eden space 443392K, 100% used [0x00000000e0000000,0x00000000fb100000,0x00000000fb100000)
  from space 37888K, 21% used [0x00000000fb100000,0x00000000fb8e4030,0x00000000fd600000)
  to   space 36864K, 0% used [0x00000000fdb80000,0x00000000fdb80000,0x00000000fff80000)
 ParOldGen       total 253952K, used 187665K [0x00000000a0000000, 0x00000000af800000, 0x00000000e0000000)
  object space 253952K, 73% used [0x00000000a0000000,0x00000000ab7444f8,0x00000000af800000)
 Metaspace       used 77913K, capacity 80758K, committed 81496K, reserved 1120256K
  class space    used 10054K, capacity 10649K, committed 10880K, reserved 1048576K
Event: 104.142 GC heap after
Heap after GC invocations=36 (full 4):
 PSYoungGen      total 482816K, used 8512K [0x00000000e0000000, 0x00000000ffc00000, 0x0000000100000000)
  eden space 449536K, 0% used [0x00000000e0000000,0x00000000e0000000,0x00000000fb700000)
  from space 33280K, 25% used [0x00000000fdb80000,0x00000000fe3d0000,0x00000000ffc00000)
  to   space 35328K, 0% used [0x00000000fb700000,0x00000000fb700000,0x00000000fd980000)
 ParOldGen       total 253952K, used 195069K [0x00000000a0000000, 0x00000000af800000, 0x00000000e0000000)
  object space 253952K, 76% used [0x00000000a0000000,0x00000000abe7f560,0x00000000af800000)
 Metaspace       used 77913K, capacity 80758K, committed 81496K, reserved 1120256K
  class space    used 10054K, capacity 10649K, committed 10880K, reserved 1048576K
}
Event: 104.776 GC heap before
{Heap before GC invocations=37 (full 4):
 PSYoungGen      total 482816K, used 458048K [0x00000000e0000000, 0x00000000ffc00000, 0x0000000100000000)
  eden space 449536K, 100% used [0x00000000e0000000,0x00000000fb700000,0x00000000fb700000)
  from space 33280K, 25% used [0x00000000fdb80000,0x00000000fe3d0000,0x00000000ffc00000)
  to   space 35328K, 0% used [0x00000000fb700000,0x00000000fb700000,0x00000000fd980000)
 ParOldGen       total 253952K, used 195069K [0x00000000a0000000, 0x00000000af800000, 0x00000000e0000000)
  object space 253952K, 76% used [0x00000000a0000000,0x00000000abe7f560,0x00000000af800000)
 Metaspace       used 77915K, capacity 80758K, committed 81496K, reserved 1120256K
  class space    used 10054K, capacity 10649K, committed 10880K, reserved 1048576K
Event: 104.791 GC heap after
Heap after GC invocations=37 (full 4):
 PSYoungGen      total 484864K, used 8192K [0x00000000e0000000, 0x0000000100000000, 0x0000000100000000)
  eden space 449536K, 0% used [0x00000000e0000000,0x00000000e0000000,0x00000000fb700000)
  from space 35328K, 23% used [0x00000000fb700000,0x00000000fbf00010,0x00000000fd980000)
  to   space 34304K, 0% used [0x00000000fde80000,0x00000000fde80000,0x0000000100000000)
 ParOldGen       total 253952K, used 203256K [0x00000000a0000000, 0x00000000af800000, 0x00000000e0000000)
  object space 253952K, 80% used [0x00000000a0000000,0x00000000ac67e300,0x00000000af800000)
 Metaspace       used 77915K, capacity 80758K, committed 81496K, reserved 1120256K
  class space    used 10054K, capacity 10649K, committed 10880K, reserved 1048576K
}
Event: 105.697 GC heap before
{Heap before GC invocations=38 (full 4):
 PSYoungGen      total 484864K, used 457728K [0x00000000e0000000, 0x0000000100000000, 0x0000000100000000)
  eden space 449536K, 100% used [0x00000000e0000000,0x00000000fb700000,0x00000000fb700000)
  from space 35328K, 23% used [0x00000000fb700000,0x00000000fbf00010,0x00000000fd980000)
  to   space 34304K, 0% used [0x00000000fde80000,0x00000000fde80000,0x0000000100000000)
 ParOldGen       total 253952K, used 203256K [0x00000000a0000000, 0x00000000af800000, 0x00000000e0000000)
  object space 253952K, 80% used [0x00000000a0000000,0x00000000ac67e300,0x00000000af800000)
 Metaspace       used 77935K, capacity 80894K, committed 81752K, reserved 1120256K
  class space    used 10055K, capacity 10651K, committed 10880K, reserved 1048576K
Event: 105.714 GC heap after
Heap after GC invocations=38 (full 4):
 PSYoungGen      total 484864K, used 9620K [0x00000000e0000000, 0x00000000ffc00000, 0x0000000100000000)
  eden space 454656K, 0% used [0x00000000e0000000,0x00000000e0000000,0x00000000fbc00000)
  from space 30208K, 31% used [0x00000000fde80000,0x00000000fe7e5398,0x00000000ffc00000)
  to   space 32768K, 0% used [0x00000000fbc00000,0x00000000fbc00000,0x00000000fdc00000)
 ParOldGen       total 253952K, used 210628K [0x00000000a0000000, 0x00000000af800000, 0x00000000e0000000)
  object space 253952K, 82% used [0x00000000a0000000,0x00000000acdb1320,0x00000000af800000)
 Metaspace       used 77935K, capacity 80894K, committed 81752K, reserved 1120256K
  class space    used 10055K, capacity 10651K, committed 10880K, reserved 1048576K
}

Deoptimization events (10 events):
Event: 101.024 Thread 0x00000000215db800 Uncommon trap: reason=unstable_if action=reinterpret pc=0x0000000005fd5cb0 method=com.android.tools.r8.ir.conversion.N.a(Lcom/android/tools/r8/t/a/a/G/a;Lcom/android/tools/r8/ir/conversion/IRBuilder;)V @ 4300
Event: 101.180 Thread 0x00000000215dc000 Uncommon trap: reason=class_check action=maybe_recompile pc=0x00000000052444c0 method=com.android.tools.r8.utils.InternalOptions.c0()Z @ 4
Event: 101.512 Thread 0x000000001b51a000 Uncommon trap: reason=unstable_if action=reinterpret pc=0x000000000419e498 method=org.gradle.cache.internal.btree.FileBackedBlockStore$BlockImpl.getPos()Lorg/gradle/cache/internal/btree/BlockPointer; @ 4
Event: 102.144 Thread 0x00000000215df800 Uncommon trap: reason=unstable_if action=reinterpret pc=0x0000000006059690 method=com.android.tools.r8.ir.regalloc.LinearScanRegisterAllocator.e(Lcom/android/tools/r8/ir/regalloc/LiveIntervals;)Z @ 21
Event: 102.156 Thread 0x00000000215e2800 Uncommon trap: reason=unstable_if action=reinterpret pc=0x0000000003e01a38 method=java.lang.AbstractStringBuilder.append(I)Ljava/lang/AbstractStringBuilder; @ 16
Event: 102.257 Thread 0x000000002e9c7800 Uncommon trap: reason=unstable_if action=reinterpret pc=0x00000000045e8a54 method=java.nio.Bits.getShort(Ljava/nio/ByteBuffer;IZ)S @ 1
Event: 102.344 Thread 0x000000002e9ca000 Uncommon trap: reason=unstable_if action=reinterpret pc=0x0000000004da8630 method=java.util.Arrays.hashCode([Ljava/lang/Object;)I @ 1
Event: 103.072 Thread 0x00000000215df800 Uncommon trap: reason=unstable_if action=reinterpret pc=0x0000000003e5ba24 method=java.util.HashMap.getNode(ILjava/lang/Object;)Ljava/util/HashMap$Node; @ 84
Event: 105.361 Thread 0x00000000215e1800 Uncommon trap: reason=unstable_if action=reinterpret pc=0x00000000053a37dc method=com.android.tools.r8.n.a.a.a.g.B0$e.contains(Ljava/lang/Object;)Z @ 124
Event: 105.365 Thread 0x00000000215e1800 Uncommon trap: reason=unstable_if action=reinterpret pc=0x0000000004c6c394 method=com.android.tools.r8.n.a.a.a.g.B0$e.contains(Ljava/lang/Object;)Z @ 124

Classes redefined (0 events):
No events

Internal exceptions (10 events):
Event: 102.023 Thread 0x00000000215dc000 Exception <a 'sun/nio/fs/WindowsException'> (0x00000000ea7d9118) thrown at [D:\src\AOSP-openjdk-cygwin\jdk8u\hotspot\src\share\vm\prims\jni.cpp, line 710]
Event: 102.024 Thread 0x00000000215dc000 Exception <a 'sun/nio/fs/WindowsException'> (0x00000000ea7e01e0) thrown at [D:\src\AOSP-openjdk-cygwin\jdk8u\hotspot\src\share\vm\prims\jni.cpp, line 710]
Event: 102.025 Thread 0x00000000215dc000 Exception <a 'sun/nio/fs/WindowsException'> (0x00000000ea7f2190) thrown at [D:\src\AOSP-openjdk-cygwin\jdk8u\hotspot\src\share\vm\prims\jni.cpp, line 710]
Event: 102.251 Thread 0x000000002e9c7800 Exception <a 'sun/nio/fs/WindowsException'> (0x00000000f4aefd10) thrown at [D:\src\AOSP-openjdk-cygwin\jdk8u\hotspot\src\share\vm\prims\jni.cpp, line 710]
Event: 102.344 Thread 0x000000002e9ca000 Implicit null exception at 0x0000000004da852f to 0x0000000004da8621
Event: 102.704 Thread 0x0000000029599800 Exception <a 'sun/nio/fs/WindowsException'> (0x00000000f20516b0) thrown at [D:\src\AOSP-openjdk-cygwin\jdk8u\hotspot\src\share\vm\prims\jni.cpp, line 710]
Event: 103.215 Thread 0x00000000215df800 Exception <a 'sun/nio/fs/WindowsException'> (0x00000000e069c3f0) thrown at [D:\src\AOSP-openjdk-cygwin\jdk8u\hotspot\src\share\vm\prims\jni.cpp, line 710]
Event: 104.005 Thread 0x000000001e002800 Exception <a 'sun/nio/fs/WindowsException'> (0x00000000f67e6020) thrown at [D:\src\AOSP-openjdk-cygwin\jdk8u\hotspot\src\share\vm\prims\jni.cpp, line 710]
Event: 105.240 Thread 0x00000000215da000 Exception <a 'sun/nio/fs/WindowsException'> (0x00000000eff58088) thrown at [D:\src\AOSP-openjdk-cygwin\jdk8u\hotspot\src\share\vm\prims\jni.cpp, line 710]
Event: 105.995 Thread 0x00000000215de800 Exception <a 'sun/nio/fs/WindowsException'> (0x00000000e45eedf8) thrown at [D:\src\AOSP-openjdk-cygwin\jdk8u\hotspot\src\share\vm\prims\jni.cpp, line 710]

Events (10 events):
Event: 106.295 Thread 0x00000000215e1800 DEOPT PACKING pc=0x00000000053d0024 sp=0x000000002714ab90
Event: 106.295 Thread 0x00000000215e1800 DEOPT UNPACKING pc=0x00000000033775d0 sp=0x000000002714aa10 mode 0
Event: 106.326 Thread 0x0000000018f07000 flushing nmethod 0x0000000004873190
Event: 106.326 Thread 0x0000000018f07000 flushing nmethod 0x000000000488a550
Event: 106.368 Thread 0x00000000215e1800 DEOPT PACKING pc=0x00000000060f51c5 sp=0x000000002714a9b0
Event: 106.368 Thread 0x00000000215e1800 DEOPT UNPACKING pc=0x00000000033775d0 sp=0x000000002714aa20 mode 0
Event: 106.380 Thread 0x00000000215e1800 DEOPT PACKING pc=0x00000000058c39b8 sp=0x000000002714ada0
Event: 106.380 Thread 0x00000000215e1800 DEOPT UNPACKING pc=0x00000000033775d0 sp=0x000000002714ace0 mode 0
Event: 106.384 Thread 0x00000000215e1800 DEOPT PACKING pc=0x00000000053cff46 sp=0x000000002714aa40
Event: 106.384 Thread 0x00000000215e1800 DEOPT UNPACKING pc=0x00000000033775d0 sp=0x000000002714a8b8 mode 0


Dynamic libraries:
0x00007ff749da0000 - 0x00007ff749dd1000 	C:\Program Files\Android\Android Studio\jre\bin\java.exe
0x00007ffc02680000 - 0x00007ffc02870000 	C:\WINDOWS\SYSTEM32\ntdll.dll
0x00007ffc00e40000 - 0x00007ffc00ef2000 	C:\WINDOWS\System32\KERNEL32.DLL
0x00007ffbff7d0000 - 0x00007ffbffa75000 	C:\WINDOWS\System32\KERNELBASE.dll
0x00007ffc02370000 - 0x00007ffc02413000 	C:\WINDOWS\System32\ADVAPI32.dll
0x00007ffc00cf0000 - 0x00007ffc00d8e000 	C:\WINDOWS\System32\msvcrt.dll
0x00007ffc00fb0000 - 0x00007ffc01047000 	C:\WINDOWS\System32\sechost.dll
0x00007ffc02420000 - 0x00007ffc02540000 	C:\WINDOWS\System32\RPCRT4.dll
0x00007ffc00b50000 - 0x00007ffc00ce4000 	C:\WINDOWS\System32\USER32.dll
0x00007ffc00590000 - 0x00007ffc005b1000 	C:\WINDOWS\System32\win32u.dll
0x00007ffc009c0000 - 0x00007ffc009e6000 	C:\WINDOWS\System32\GDI32.dll
0x00007ffbffa80000 - 0x00007ffbffc16000 	C:\WINDOWS\System32\gdi32full.dll
0x00007ffc004f0000 - 0x00007ffc0058e000 	C:\WINDOWS\System32\msvcp_win.dll
0x00007ffbffc20000 - 0x00007ffbffd1a000 	C:\WINDOWS\System32\ucrtbase.dll
0x00007ffbe7a90000 - 0x00007ffbe7d14000 	C:\WINDOWS\WinSxS\amd64_microsoft.windows.common-controls_6595b64144ccf1df_6.0.18362.1139_none_9e7bf2d3e4605ac6\COMCTL32.dll
0x00007ffc01540000 - 0x00007ffc01875000 	C:\WINDOWS\System32\combase.dll
0x00007ffbff610000 - 0x00007ffbff690000 	C:\WINDOWS\System32\bcryptPrimitives.dll
0x00007ffc02540000 - 0x00007ffc0256e000 	C:\WINDOWS\System32\IMM32.DLL
0x00000000500a0000 - 0x0000000050172000 	C:\Program Files\Android\Android Studio\jre\jre\bin\msvcr100.dll
0x00000000777b0000 - 0x0000000077ff6000 	C:\Program Files\Android\Android Studio\jre\jre\bin\server\jvm.dll
0x00007ffc00790000 - 0x00007ffc00798000 	C:\WINDOWS\System32\PSAPI.DLL
0x00007ffbf9f70000 - 0x00007ffbf9f94000 	C:\WINDOWS\SYSTEM32\WINMM.dll
0x00007ffbfe680000 - 0x00007ffbfe68a000 	C:\WINDOWS\SYSTEM32\VERSION.dll
0x00007ffbf7560000 - 0x00007ffbf7569000 	C:\WINDOWS\SYSTEM32\WSOCK32.dll
0x00007ffc01f70000 - 0x00007ffc01fdf000 	C:\WINDOWS\System32\WS2_32.dll
0x00007ffbf9e10000 - 0x00007ffbf9e3d000 	C:\WINDOWS\SYSTEM32\winmmbase.dll
0x00007ffc004a0000 - 0x00007ffc004ea000 	C:\WINDOWS\System32\cfgmgr32.dll
0x00007ffbf73a0000 - 0x00007ffbf73af000 	C:\Program Files\Android\Android Studio\jre\jre\bin\verify.dll
0x00007ffbf49e0000 - 0x00007ffbf4a09000 	C:\Program Files\Android\Android Studio\jre\jre\bin\java.dll
0x00007ffbf49c0000 - 0x00007ffbf49d6000 	C:\Program Files\Android\Android Studio\jre\jre\bin\zip.dll
0x00007ffc01880000 - 0x00007ffc01f67000 	C:\WINDOWS\System32\SHELL32.dll
0x00007ffc02190000 - 0x00007ffc02239000 	C:\WINDOWS\System32\shcore.dll
0x00007ffbffd20000 - 0x00007ffc004a0000 	C:\WINDOWS\System32\windows.storage.dll
0x00007ffbff5e0000 - 0x00007ffbff603000 	C:\WINDOWS\System32\profapi.dll
0x00007ffbff570000 - 0x00007ffbff5ba000 	C:\WINDOWS\System32\powrprof.dll
0x00007ffbff540000 - 0x00007ffbff550000 	C:\WINDOWS\System32\UMPDC.dll
0x00007ffc00730000 - 0x00007ffc00782000 	C:\WINDOWS\System32\shlwapi.dll
0x00007ffbff550000 - 0x00007ffbff561000 	C:\WINDOWS\System32\kernel.appcore.dll
0x00007ffc005c0000 - 0x00007ffc005d7000 	C:\WINDOWS\System32\cryptsp.dll
0x00007ffbf2c40000 - 0x00007ffbf2c5a000 	C:\Program Files\Android\Android Studio\jre\jre\bin\net.dll
0x00007ffbeb8d0000 - 0x00007ffbebaa6000 	C:\WINDOWS\SYSTEM32\urlmon.dll
0x00007ffbec390000 - 0x00007ffbec637000 	C:\WINDOWS\SYSTEM32\iertutil.dll
0x00007ffbfef60000 - 0x00007ffbfef6c000 	C:\WINDOWS\SYSTEM32\CRYPTBASE.DLL
0x00007ffbfed90000 - 0x00007ffbfedf7000 	C:\WINDOWS\system32\mswsock.dll
0x00007ffbf2b30000 - 0x00007ffbf2b43000 	C:\Program Files\Android\Android Studio\jre\jre\bin\nio.dll
0x00007ffbea980000 - 0x00007ffbea9a6000 	C:\Users\stavc\.gradle\native\29\windows-amd64\native-platform.dll
0x00007ffbf68b0000 - 0x00007ffbf68bd000 	C:\Program Files\Android\Android Studio\jre\jre\bin\management.dll
0x00007ffbfe900000 - 0x00007ffbfe933000 	C:\WINDOWS\system32\rsaenh.dll
0x00007ffbff690000 - 0x00007ffbff6b6000 	C:\WINDOWS\System32\bcrypt.dll
0x00007ffbff460000 - 0x00007ffbff485000 	C:\WINDOWS\SYSTEM32\USERENV.dll
0x00007ffbfeaa0000 - 0x00007ffbfeada000 	C:\WINDOWS\SYSTEM32\IPHLPAPI.DLL
0x00007ffc009b0000 - 0x00007ffc009b8000 	C:\WINDOWS\System32\NSI.dll
0x00007ffbedf70000 - 0x00007ffbedf86000 	C:\WINDOWS\SYSTEM32\dhcpcsvc6.DLL
0x00007ffbf1420000 - 0x00007ffbf143c000 	C:\WINDOWS\SYSTEM32\dhcpcsvc.DLL
0x00007ffbfeae0000 - 0x00007ffbfebab000 	C:\WINDOWS\SYSTEM32\DNSAPI.dll

VM Arguments:
jvm_args: -Xmx1536m -Dfile.encoding=windows-1255 -Duser.country=IL -Duser.language=iw -Duser.variant 
java_command: org.gradle.launcher.daemon.bootstrap.GradleDaemon 5.4.1
java_class_path (initial): C:\Users\stavc\.gradle\wrapper\dists\gradle-5.4.1-all\3221gyojl5jsh0helicew7rwx\gradle-5.4.1\lib\gradle-launcher-5.4.1.jar
Launcher Type: SUN_STANDARD

Environment Variables:
PATH=C:\Windows\system32;C:\Windows;C:\Windows\System32\Wbem;C:\Windows\System32\WindowsPowerShell\v1.0\;C:\Windows\System32\OpenSSH\;C:\Program Files (x86)\NVIDIA Corporation\PhysX\Common;C:\Program Files\Intel\WiFi\bin\;C:\Program Files\Common Files\Intel\WirelessCommon\;%SystemRoot%\system32;%SystemRoot%;%SystemRoot%\System32\Wbem;%SYSTEMROOT%\System32\WindowsPowerShell\v1.0\;%SYSTEMROOT%\System32\OpenSSH\;C:\Users\stavc\AppData\Local\Microsoft\WindowsApps;
USERNAME=stavc
OS=Windows_NT
PROCESSOR_IDENTIFIER=Intel64 Family 6 Model 142 Stepping 11, GenuineIntel



---------------  S Y S T E M  ---------------

OS: Windows 10.0 , 64 bit Build 18362 (10.0.18362.1110)

CPU:total 8 (initial active 8) (4 cores per cpu, 2 threads per core) family 6 model 142 stepping 11, cmov, cx8, fxsr, mmx, sse, sse2, sse3, ssse3, sse4.1, sse4.2, popcnt, avx, avx2, aes, clmul, erms, 3dnowpref, lzcnt, ht, tsc, tscinvbit, bmi1, bmi2, adx

Memory: 4k page, physical 16625020k(3302320k free), swap 32116388k(3996k free)

vm_info: OpenJDK 64-Bit Server VM (25.212-b04) for windows-amd64 JRE (1.8.0_212-release-1586-b04), built by "builder" with MS VC++ 10.0 (VS2010)

time: Mon Dec 07 19:21:20 2020
timezone: שעון רגיל ירושלים
elapsed time: 106 seconds (0d 0h 1m 46s)

